
PostCommentモデルのテスト
  バリデーションのテスト
    commentカラム
[32m      空欄でないこと[0m
  アソシエーションのテスト
    Userモデルとの関係
[32m      N:1となっている[0m
    Wineモデルとの関係
[32m      N:1となっている[0m

Userモデルのテスト
  バリデーションのテスト
    nameカラム
[32m      空欄でないこと[0m
[32m      2文字以上であること: 1文字は×[0m
[32m      2文字以上であること: 2文字は〇[0m
[32m      20文字以下であること: 20文字は〇[0m
[32m      20文字以下であること: 21文字は×[0m
[32m      一意性があること[0m
  アソシエーションのテスト
    Wineモデルとの関係
[32m      1:Nとなっている[0m
    Cheerモデルとの関係
[32m      1:Nとなっている[0m
    PostCommentモデルとの関係
[32m      1:Nとなっている[0m

Wineモデルのテスト
  バリデーションのテスト
    wine_nameカラム
[31m      空欄でないこと (FAILED - 1)[0m
  アソシエーションのテスト
    Userモデルとの関係
[32m      N:1となっている[0m
    Cheerモデルとの関係
[32m      1:Nとなっている[0m
    Userモデルとの関係
[32m      1:Nとなっている[0m

ログイン後のテスト
  ヘッダーのテスト: ログインしている場合
    リンクの内容を確認: ※logoutは『ユーザログアウトのテスト』でテスト済み。
[31m      MY PAGEを押すと、自分のユーザ詳細画面に遷移する (FAILED - 2)[0m
[31m      USERSを押すと、ユーザ一覧画面に遷移する (FAILED - 3)[0m
[31m      WINESを押すと、投稿一覧画面に遷移する (FAILED - 4)[0m
  投稿一覧画面のテスト
    表示内容の確認
[31m      URLが正しい (FAILED - 5)[0m
[31m      自分と他人の画像のリンク先が正しい (FAILED - 6)[0m
[31m      自分の投稿と他人の投稿のタイトルのリンク先がそれぞれ正しい (FAILED - 7)[0m
[31m      自分の投稿と他人の投稿の画像が表示される (FAILED - 8)[0m
    サイドバーの確認
[31m      「NEW TASTING」と表示される (FAILED - 9)[0m
[31m      wine_nameフォームが表示される (FAILED - 10)[0m
[31m      wine_nameフォームに値が入っていない (FAILED - 11)[0m
[31m      投稿するボタンが表示される (FAILED - 12)[0m
    投稿成功のテスト
[31m      自分の新しい投稿が正しく保存される (FAILED - 13)[0m
[31m      リダイレクト先が、保存できた投稿の詳細画面になっている (FAILED - 14)[0m
  自分の投稿詳細画面のテスト
    表示内容の確認
[31m      URLが正しい (FAILED - 15)[0m
[31m      ユーザ画像・名前のリンク先が正しい (FAILED - 16)[0m
[31m      投稿のwine_nameが表示される (FAILED - 17)[0m
[31m      投稿の削除リンクが表示される (FAILED - 18)[0m
    サイドバーの確認
[31m      楽天API検索窓と検索ボタンが表示される (FAILED - 19)[0m
[31m      楽天API検索表示画面へのリンクが存在する (FAILED - 20)[0m
[31m      「NEW TASTING」と表示される (FAILED - 21)[0m
[31m      wine_nameフォームが表示される (FAILED - 22)[0m
[31m      wine_nameフォームに値が入っていない (FAILED - 23)[0m
[31m      投稿するボタンが表示される (FAILED - 24)[0m
    投稿成功のテスト
[31m      自分の新しい投稿が正しく保存される (FAILED - 25)[0m
    削除リンクのテスト
[31m      正しく削除される (FAILED - 26)[0m
[31m      リダイレクト先が、投稿一覧画面になっている (FAILED - 27)[0m
  ユーザ一覧画面のテスト
    表示内容の確認
[31m      URLが正しい (FAILED - 28)[0m
[31m      自分と他人の画像が表示される: fallbackの画像が存在する (FAILED - 29)[0m
[31m      自分と他人の名前がそれぞれ表示される (FAILED - 30)[0m
[31m      自分と他人のshowリンクがそれぞれ表示される (FAILED - 31)[0m
    サイドバーの確認
[31m      楽天API検索窓と検索ボタンが表示される (FAILED - 32)[0m
[31m      楽天API検索表示画面へのリンクが存在する (FAILED - 33)[0m
[31m      「NEW TASTING」と表示される (FAILED - 34)[0m
[31m      wine_nameフォームが表示される (FAILED - 35)[0m
[31m      wine_nameフォームに値が入っていない (FAILED - 36)[0m
[31m      投稿するボタンが表示される (FAILED - 37)[0m
  自分のユーザ詳細画面のテスト
    表示の確認
[31m      URLが正しい (FAILED - 38)[0m
[31m      投稿一覧のユーザ画像のリンク先が正しい (FAILED - 39)[0m
[31m      投稿一覧に自分の投稿のwine_nameが表示され、リンクが正しい (FAILED - 40)[0m
[31m      他人の投稿は表示されない (FAILED - 41)[0m
    サイドバーの確認
[31m      楽天API検索窓と検索ボタンが表示される (FAILED - 42)[0m
[31m      楽天API検索表示画面へのリンクが存在する (FAILED - 43)[0m
[31m      「NEW TASTING」と表示される (FAILED - 44)[0m
[31m      wine_nameフォームが表示される (FAILED - 45)[0m
[31m      wine_nameフォームに値が入っていない (FAILED - 46)[0m
[31m      投稿するボタンが表示される (FAILED - 47)[0m
  自分のユーザ情報編集画面のテスト
    表示の確認
[31m      URLが正しい (FAILED - 48)[0m
[31m      名前編集フォームに自分の名前が表示される (FAILED - 49)[0m
[31m      画像編集フォームが表示される (FAILED - 50)[0m
[31m      変更するボタンが表示される (FAILED - 51)[0m
    更新成功のテスト
[31m      nameが正しく更新される (FAILED - 52)[0m
[31m      リダイレクト先が、自分のユーザ詳細画面になっている (FAILED - 53)[0m

ログイン前のテスト
  トップ画面のテスト
    表示内容の確認
[31m      URLが正しい (FAILED - 54)[0m
[31m      Sign Upリンクが表示される: 左上から3番目のリンクが「Sign Up」である (FAILED - 55)[0m
[31m      Sign Upリンクの内容が正しい (FAILED - 56)[0m
[31m      Log inリンクが表示される: 左上から4番目のリンクが「Log in」である (FAILED - 57)[0m
[31m      Log inリンクの内容が正しい (FAILED - 58)[0m
  ヘッダーのテスト: ログインしていない場合
    表示内容の確認
[31m      タイトルが表示される (FAILED - 59)[0m
[31m      Homeリンクが表示される: 左上から1番目のリンクが「Home」である (FAILED - 60)[0m
[31m      sign upリンクが表示される: 左上から2番目のリンクが「sign up」である (FAILED - 61)[0m
[31m      loginリンクが表示される: 左上から3番目のリンクが「login」である (FAILED - 62)[0m
    リンクの内容を確認
[31m      Homeを押すと、トップ画面に遷移する (FAILED - 63)[0m
[31m      sign upを押すと、新規登録画面に遷移する (FAILED - 64)[0m
[31m      loginを押すと、ログイン画面に遷移する (FAILED - 65)[0m
  ユーザ新規登録のテスト
    表示内容の確認
[31m      URLが正しい (FAILED - 66)[0m
[31m      「Sign up」と表示される (FAILED - 67)[0m
[31m      nameフォームが表示される (FAILED - 68)[0m
[31m      emailフォームが表示される (FAILED - 69)[0m
[31m      passwordフォームが表示される (FAILED - 70)[0m
[31m      password_confirmationフォームが表示される (FAILED - 71)[0m
[31m      Sign upボタンが表示される (FAILED - 72)[0m
    新規登録成功のテスト
[31m      正しく新規登録される (FAILED - 73)[0m
[31m      新規登録後のリダイレクト先が、投稿一覧画面になっている (FAILED - 74)[0m
  ユーザログイン
    表示内容の確認
[31m      URLが正しい (FAILED - 75)[0m
[31m      「Log in」と表示される (FAILED - 76)[0m
[31m      emailフォームが表示される (FAILED - 77)[0m
[31m      passwordフォームが表示される (FAILED - 78)[0m
[31m      Sign upボタンが表示される (FAILED - 79)[0m
[31m      nameフォームは表示されない (FAILED - 80)[0m
    ログイン成功のテスト
[31m      ログイン後のリダイレクト先が、投稿一覧画面になっている (FAILED - 81)[0m
    ログイン失敗のテスト
[31m      ログインに失敗し、ログイン画面にリダイレクトされる (FAILED - 82)[0m
  ヘッダーのテスト: ログインしている場合
    ヘッダーの表示を確認
[31m      タイトルが表示される (FAILED - 83)[0m
[31m      MY PAGEリンクが表示される: 左上から1番目のリンクが「MY PAGE」である (FAILED - 84)[0m
[31m      USERSリンクが表示される: 左上から2番目のリンクが「USERS」である (FAILED - 85)[0m
[31m      WINESリンクが表示される: 左上から3番目のリンクが「WINES」である (FAILED - 86)[0m
[31m      LOG OUTリンクが表示される: 左上から4番目のリンクが「LOGOUT」である (FAILED - 87)[0m
  ユーザログアウトのテスト
    ログアウト機能のテスト
[31m      ログアウト後のリダイレクト先が、トップになっている (FAILED - 88)[0m

Failures:

  1) Wineモデルのテスト バリデーションのテスト wine_nameカラム 空欄でないこと
     [31mFailure/Error: [0mlet!([33m:wine[0m) { build([33m:wine[0m, [35muser_id[0m: user.id) }[0m
     [31m[0m
     [31mKeyError:[0m
     [31m  Factory not registered: "wine"[0m
     [31m  Did you mean?  "wines"[0m
     [36m# /home/ec2-user/.rvm/gems/ruby-2.6.3/gems/factory_bot-6.1.0/lib/factory_bot/registry.rb:23:in `find'[0m
     [36m# /home/ec2-user/.rvm/gems/ruby-2.6.3/gems/factory_bot-6.1.0/lib/factory_bot/decorator.rb:21:in `method_missing'[0m
     [36m# /home/ec2-user/.rvm/gems/ruby-2.6.3/gems/factory_bot-6.1.0/lib/factory_bot/internal.rb:70:in `factory_by_name'[0m
     [36m# /home/ec2-user/.rvm/gems/ruby-2.6.3/gems/factory_bot-6.1.0/lib/factory_bot/factory_runner.rb:12:in `run'[0m
     [36m# /home/ec2-user/.rvm/gems/ruby-2.6.3/gems/factory_bot-6.1.0/lib/factory_bot/strategy_syntax_method_registrar.rb:28:in `block in define_singular_strategy_method'[0m
     [36m# ./spec/models/wine_spec.rb:9:in `block (3 levels) in <main>'[0m
     [36m# ------------------[0m
     [36m# --- Caused by: ---[0m
     [36m# KeyError:[0m
     [36m#   key not found: "wine"[0m
     [36m#   Did you mean?  "wines"[0m
     [36m#   /home/ec2-user/.rvm/gems/ruby-2.6.3/gems/factory_bot-6.1.0/lib/factory_bot/registry.rb:23:in `find'[0m

  2) ログイン後のテスト ヘッダーのテスト: ログインしている場合 リンクの内容を確認: ※logoutは『ユーザログアウトのテスト』でテスト済み。 MY PAGEを押すと、自分のユーザ詳細画面に遷移する
     [31mFailure/Error: [0mlet!([33m:wine[0m) { create([33m:wine[0m, [35muser[0m: user) }[0m
     [31m[0m
     [31mKeyError:[0m
     [31m  Factory not registered: "wine"[0m
     [31m  Did you mean?  "wines"[0m
     [36m# /home/ec2-user/.rvm/gems/ruby-2.6.3/gems/factory_bot-6.1.0/lib/factory_bot/registry.rb:23:in `find'[0m
     [36m# /home/ec2-user/.rvm/gems/ruby-2.6.3/gems/factory_bot-6.1.0/lib/factory_bot/decorator.rb:21:in `method_missing'[0m
     [36m# /home/ec2-user/.rvm/gems/ruby-2.6.3/gems/factory_bot-6.1.0/lib/factory_bot/internal.rb:70:in `factory_by_name'[0m
     [36m# /home/ec2-user/.rvm/gems/ruby-2.6.3/gems/factory_bot-6.1.0/lib/factory_bot/factory_runner.rb:12:in `run'[0m
     [36m# /home/ec2-user/.rvm/gems/ruby-2.6.3/gems/factory_bot-6.1.0/lib/factory_bot/strategy_syntax_method_registrar.rb:28:in `block in define_singular_strategy_method'[0m
     [36m# ./spec/system/after_login_spec.rb:7:in `block (2 levels) in <main>'[0m
     [36m# ------------------[0m
     [36m# --- Caused by: ---[0m
     [36m# KeyError:[0m
     [36m#   key not found: "wine"[0m
     [36m#   Did you mean?  "wines"[0m
     [36m#   /home/ec2-user/.rvm/gems/ruby-2.6.3/gems/factory_bot-6.1.0/lib/factory_bot/registry.rb:23:in `find'[0m

  3) ログイン後のテスト ヘッダーのテスト: ログインしている場合 リンクの内容を確認: ※logoutは『ユーザログアウトのテスト』でテスト済み。 USERSを押すと、ユーザ一覧画面に遷移する
     [31mFailure/Error: [0mlet!([33m:wine[0m) { create([33m:wine[0m, [35muser[0m: user) }[0m
     [31m[0m
     [31mKeyError:[0m
     [31m  Factory not registered: "wine"[0m
     [31m  Did you mean?  "wines"[0m
     [36m# /home/ec2-user/.rvm/gems/ruby-2.6.3/gems/factory_bot-6.1.0/lib/factory_bot/registry.rb:23:in `find'[0m
     [36m# /home/ec2-user/.rvm/gems/ruby-2.6.3/gems/factory_bot-6.1.0/lib/factory_bot/decorator.rb:21:in `method_missing'[0m
     [36m# /home/ec2-user/.rvm/gems/ruby-2.6.3/gems/factory_bot-6.1.0/lib/factory_bot/internal.rb:70:in `factory_by_name'[0m
     [36m# /home/ec2-user/.rvm/gems/ruby-2.6.3/gems/factory_bot-6.1.0/lib/factory_bot/factory_runner.rb:12:in `run'[0m
     [36m# /home/ec2-user/.rvm/gems/ruby-2.6.3/gems/factory_bot-6.1.0/lib/factory_bot/strategy_syntax_method_registrar.rb:28:in `block in define_singular_strategy_method'[0m
     [36m# ./spec/system/after_login_spec.rb:7:in `block (2 levels) in <main>'[0m
     [36m# ------------------[0m
     [36m# --- Caused by: ---[0m
     [36m# KeyError:[0m
     [36m#   key not found: "wine"[0m
     [36m#   Did you mean?  "wines"[0m
     [36m#   /home/ec2-user/.rvm/gems/ruby-2.6.3/gems/factory_bot-6.1.0/lib/factory_bot/registry.rb:23:in `find'[0m

  4) ログイン後のテスト ヘッダーのテスト: ログインしている場合 リンクの内容を確認: ※logoutは『ユーザログアウトのテスト』でテスト済み。 WINESを押すと、投稿一覧画面に遷移する
     [31mFailure/Error: [0mlet!([33m:wine[0m) { create([33m:wine[0m, [35muser[0m: user) }[0m
     [31m[0m
     [31mKeyError:[0m
     [31m  Factory not registered: "wine"[0m
     [31m  Did you mean?  "wines"[0m
     [36m# /home/ec2-user/.rvm/gems/ruby-2.6.3/gems/factory_bot-6.1.0/lib/factory_bot/registry.rb:23:in `find'[0m
     [36m# /home/ec2-user/.rvm/gems/ruby-2.6.3/gems/factory_bot-6.1.0/lib/factory_bot/decorator.rb:21:in `method_missing'[0m
     [36m# /home/ec2-user/.rvm/gems/ruby-2.6.3/gems/factory_bot-6.1.0/lib/factory_bot/internal.rb:70:in `factory_by_name'[0m
     [36m# /home/ec2-user/.rvm/gems/ruby-2.6.3/gems/factory_bot-6.1.0/lib/factory_bot/factory_runner.rb:12:in `run'[0m
     [36m# /home/ec2-user/.rvm/gems/ruby-2.6.3/gems/factory_bot-6.1.0/lib/factory_bot/strategy_syntax_method_registrar.rb:28:in `block in define_singular_strategy_method'[0m
     [36m# ./spec/system/after_login_spec.rb:7:in `block (2 levels) in <main>'[0m
     [36m# ------------------[0m
     [36m# --- Caused by: ---[0m
     [36m# KeyError:[0m
     [36m#   key not found: "wine"[0m
     [36m#   Did you mean?  "wines"[0m
     [36m#   /home/ec2-user/.rvm/gems/ruby-2.6.3/gems/factory_bot-6.1.0/lib/factory_bot/registry.rb:23:in `find'[0m

  5) ログイン後のテスト 投稿一覧画面のテスト 表示内容の確認 URLが正しい
     [31mFailure/Error: [0mlet!([33m:wine[0m) { create([33m:wine[0m, [35muser[0m: user) }[0m
     [31m[0m
     [31mKeyError:[0m
     [31m  Factory not registered: "wine"[0m
     [31m  Did you mean?  "wines"[0m
     [36m# /home/ec2-user/.rvm/gems/ruby-2.6.3/gems/factory_bot-6.1.0/lib/factory_bot/registry.rb:23:in `find'[0m
     [36m# /home/ec2-user/.rvm/gems/ruby-2.6.3/gems/factory_bot-6.1.0/lib/factory_bot/decorator.rb:21:in `method_missing'[0m
     [36m# /home/ec2-user/.rvm/gems/ruby-2.6.3/gems/factory_bot-6.1.0/lib/factory_bot/internal.rb:70:in `factory_by_name'[0m
     [36m# /home/ec2-user/.rvm/gems/ruby-2.6.3/gems/factory_bot-6.1.0/lib/factory_bot/factory_runner.rb:12:in `run'[0m
     [36m# /home/ec2-user/.rvm/gems/ruby-2.6.3/gems/factory_bot-6.1.0/lib/factory_bot/strategy_syntax_method_registrar.rb:28:in `block in define_singular_strategy_method'[0m
     [36m# ./spec/system/after_login_spec.rb:7:in `block (2 levels) in <main>'[0m
     [36m# ------------------[0m
     [36m# --- Caused by: ---[0m
     [36m# KeyError:[0m
     [36m#   key not found: "wine"[0m
     [36m#   Did you mean?  "wines"[0m
     [36m#   /home/ec2-user/.rvm/gems/ruby-2.6.3/gems/factory_bot-6.1.0/lib/factory_bot/registry.rb:23:in `find'[0m

  6) ログイン後のテスト 投稿一覧画面のテスト 表示内容の確認 自分と他人の画像のリンク先が正しい
     [31mFailure/Error: [0mlet!([33m:wine[0m) { create([33m:wine[0m, [35muser[0m: user) }[0m
     [31m[0m
     [31mKeyError:[0m
     [31m  Factory not registered: "wine"[0m
     [31m  Did you mean?  "wines"[0m
     [36m# /home/ec2-user/.rvm/gems/ruby-2.6.3/gems/factory_bot-6.1.0/lib/factory_bot/registry.rb:23:in `find'[0m
     [36m# /home/ec2-user/.rvm/gems/ruby-2.6.3/gems/factory_bot-6.1.0/lib/factory_bot/decorator.rb:21:in `method_missing'[0m
     [36m# /home/ec2-user/.rvm/gems/ruby-2.6.3/gems/factory_bot-6.1.0/lib/factory_bot/internal.rb:70:in `factory_by_name'[0m
     [36m# /home/ec2-user/.rvm/gems/ruby-2.6.3/gems/factory_bot-6.1.0/lib/factory_bot/factory_runner.rb:12:in `run'[0m
     [36m# /home/ec2-user/.rvm/gems/ruby-2.6.3/gems/factory_bot-6.1.0/lib/factory_bot/strategy_syntax_method_registrar.rb:28:in `block in define_singular_strategy_method'[0m
     [36m# ./spec/system/after_login_spec.rb:7:in `block (2 levels) in <main>'[0m
     [36m# ------------------[0m
     [36m# --- Caused by: ---[0m
     [36m# KeyError:[0m
     [36m#   key not found: "wine"[0m
     [36m#   Did you mean?  "wines"[0m
     [36m#   /home/ec2-user/.rvm/gems/ruby-2.6.3/gems/factory_bot-6.1.0/lib/factory_bot/registry.rb:23:in `find'[0m

  7) ログイン後のテスト 投稿一覧画面のテスト 表示内容の確認 自分の投稿と他人の投稿のタイトルのリンク先がそれぞれ正しい
     [31mFailure/Error: [0mlet!([33m:wine[0m) { create([33m:wine[0m, [35muser[0m: user) }[0m
     [31m[0m
     [31mKeyError:[0m
     [31m  Factory not registered: "wine"[0m
     [31m  Did you mean?  "wines"[0m
     [36m# /home/ec2-user/.rvm/gems/ruby-2.6.3/gems/factory_bot-6.1.0/lib/factory_bot/registry.rb:23:in `find'[0m
     [36m# /home/ec2-user/.rvm/gems/ruby-2.6.3/gems/factory_bot-6.1.0/lib/factory_bot/decorator.rb:21:in `method_missing'[0m
     [36m# /home/ec2-user/.rvm/gems/ruby-2.6.3/gems/factory_bot-6.1.0/lib/factory_bot/internal.rb:70:in `factory_by_name'[0m
     [36m# /home/ec2-user/.rvm/gems/ruby-2.6.3/gems/factory_bot-6.1.0/lib/factory_bot/factory_runner.rb:12:in `run'[0m
     [36m# /home/ec2-user/.rvm/gems/ruby-2.6.3/gems/factory_bot-6.1.0/lib/factory_bot/strategy_syntax_method_registrar.rb:28:in `block in define_singular_strategy_method'[0m
     [36m# ./spec/system/after_login_spec.rb:7:in `block (2 levels) in <main>'[0m
     [36m# ------------------[0m
     [36m# --- Caused by: ---[0m
     [36m# KeyError:[0m
     [36m#   key not found: "wine"[0m
     [36m#   Did you mean?  "wines"[0m
     [36m#   /home/ec2-user/.rvm/gems/ruby-2.6.3/gems/factory_bot-6.1.0/lib/factory_bot/registry.rb:23:in `find'[0m

  8) ログイン後のテスト 投稿一覧画面のテスト 表示内容の確認 自分の投稿と他人の投稿の画像が表示される
     [31mFailure/Error: [0mlet!([33m:wine[0m) { create([33m:wine[0m, [35muser[0m: user) }[0m
     [31m[0m
     [31mKeyError:[0m
     [31m  Factory not registered: "wine"[0m
     [31m  Did you mean?  "wines"[0m
     [36m# /home/ec2-user/.rvm/gems/ruby-2.6.3/gems/factory_bot-6.1.0/lib/factory_bot/registry.rb:23:in `find'[0m
     [36m# /home/ec2-user/.rvm/gems/ruby-2.6.3/gems/factory_bot-6.1.0/lib/factory_bot/decorator.rb:21:in `method_missing'[0m
     [36m# /home/ec2-user/.rvm/gems/ruby-2.6.3/gems/factory_bot-6.1.0/lib/factory_bot/internal.rb:70:in `factory_by_name'[0m
     [36m# /home/ec2-user/.rvm/gems/ruby-2.6.3/gems/factory_bot-6.1.0/lib/factory_bot/factory_runner.rb:12:in `run'[0m
     [36m# /home/ec2-user/.rvm/gems/ruby-2.6.3/gems/factory_bot-6.1.0/lib/factory_bot/strategy_syntax_method_registrar.rb:28:in `block in define_singular_strategy_method'[0m
     [36m# ./spec/system/after_login_spec.rb:7:in `block (2 levels) in <main>'[0m
     [36m# ------------------[0m
     [36m# --- Caused by: ---[0m
     [36m# KeyError:[0m
     [36m#   key not found: "wine"[0m
     [36m#   Did you mean?  "wines"[0m
     [36m#   /home/ec2-user/.rvm/gems/ruby-2.6.3/gems/factory_bot-6.1.0/lib/factory_bot/registry.rb:23:in `find'[0m

  9) ログイン後のテスト 投稿一覧画面のテスト サイドバーの確認 「NEW TASTING」と表示される
     [31mFailure/Error: [0mlet!([33m:wine[0m) { create([33m:wine[0m, [35muser[0m: user) }[0m
     [31m[0m
     [31mKeyError:[0m
     [31m  Factory not registered: "wine"[0m
     [31m  Did you mean?  "wines"[0m
     [36m# /home/ec2-user/.rvm/gems/ruby-2.6.3/gems/factory_bot-6.1.0/lib/factory_bot/registry.rb:23:in `find'[0m
     [36m# /home/ec2-user/.rvm/gems/ruby-2.6.3/gems/factory_bot-6.1.0/lib/factory_bot/decorator.rb:21:in `method_missing'[0m
     [36m# /home/ec2-user/.rvm/gems/ruby-2.6.3/gems/factory_bot-6.1.0/lib/factory_bot/internal.rb:70:in `factory_by_name'[0m
     [36m# /home/ec2-user/.rvm/gems/ruby-2.6.3/gems/factory_bot-6.1.0/lib/factory_bot/factory_runner.rb:12:in `run'[0m
     [36m# /home/ec2-user/.rvm/gems/ruby-2.6.3/gems/factory_bot-6.1.0/lib/factory_bot/strategy_syntax_method_registrar.rb:28:in `block in define_singular_strategy_method'[0m
     [36m# ./spec/system/after_login_spec.rb:7:in `block (2 levels) in <main>'[0m
     [36m# ------------------[0m
     [36m# --- Caused by: ---[0m
     [36m# KeyError:[0m
     [36m#   key not found: "wine"[0m
     [36m#   Did you mean?  "wines"[0m
     [36m#   /home/ec2-user/.rvm/gems/ruby-2.6.3/gems/factory_bot-6.1.0/lib/factory_bot/registry.rb:23:in `find'[0m

  10) ログイン後のテスト 投稿一覧画面のテスト サイドバーの確認 wine_nameフォームが表示される
      [31mFailure/Error: [0mlet!([33m:wine[0m) { create([33m:wine[0m, [35muser[0m: user) }[0m
      [31m[0m
      [31mKeyError:[0m
      [31m  Factory not registered: "wine"[0m
      [31m  Did you mean?  "wines"[0m
      [36m# /home/ec2-user/.rvm/gems/ruby-2.6.3/gems/factory_bot-6.1.0/lib/factory_bot/registry.rb:23:in `find'[0m
      [36m# /home/ec2-user/.rvm/gems/ruby-2.6.3/gems/factory_bot-6.1.0/lib/factory_bot/decorator.rb:21:in `method_missing'[0m
      [36m# /home/ec2-user/.rvm/gems/ruby-2.6.3/gems/factory_bot-6.1.0/lib/factory_bot/internal.rb:70:in `factory_by_name'[0m
      [36m# /home/ec2-user/.rvm/gems/ruby-2.6.3/gems/factory_bot-6.1.0/lib/factory_bot/factory_runner.rb:12:in `run'[0m
      [36m# /home/ec2-user/.rvm/gems/ruby-2.6.3/gems/factory_bot-6.1.0/lib/factory_bot/strategy_syntax_method_registrar.rb:28:in `block in define_singular_strategy_method'[0m
      [36m# ./spec/system/after_login_spec.rb:7:in `block (2 levels) in <main>'[0m
      [36m# ------------------[0m
      [36m# --- Caused by: ---[0m
      [36m# KeyError:[0m
      [36m#   key not found: "wine"[0m
      [36m#   Did you mean?  "wines"[0m
      [36m#   /home/ec2-user/.rvm/gems/ruby-2.6.3/gems/factory_bot-6.1.0/lib/factory_bot/registry.rb:23:in `find'[0m

  11) ログイン後のテスト 投稿一覧画面のテスト サイドバーの確認 wine_nameフォームに値が入っていない
      [31mFailure/Error: [0mlet!([33m:wine[0m) { create([33m:wine[0m, [35muser[0m: user) }[0m
      [31m[0m
      [31mKeyError:[0m
      [31m  Factory not registered: "wine"[0m
      [31m  Did you mean?  "wines"[0m
      [36m# /home/ec2-user/.rvm/gems/ruby-2.6.3/gems/factory_bot-6.1.0/lib/factory_bot/registry.rb:23:in `find'[0m
      [36m# /home/ec2-user/.rvm/gems/ruby-2.6.3/gems/factory_bot-6.1.0/lib/factory_bot/decorator.rb:21:in `method_missing'[0m
      [36m# /home/ec2-user/.rvm/gems/ruby-2.6.3/gems/factory_bot-6.1.0/lib/factory_bot/internal.rb:70:in `factory_by_name'[0m
      [36m# /home/ec2-user/.rvm/gems/ruby-2.6.3/gems/factory_bot-6.1.0/lib/factory_bot/factory_runner.rb:12:in `run'[0m
      [36m# /home/ec2-user/.rvm/gems/ruby-2.6.3/gems/factory_bot-6.1.0/lib/factory_bot/strategy_syntax_method_registrar.rb:28:in `block in define_singular_strategy_method'[0m
      [36m# ./spec/system/after_login_spec.rb:7:in `block (2 levels) in <main>'[0m
      [36m# ------------------[0m
      [36m# --- Caused by: ---[0m
      [36m# KeyError:[0m
      [36m#   key not found: "wine"[0m
      [36m#   Did you mean?  "wines"[0m
      [36m#   /home/ec2-user/.rvm/gems/ruby-2.6.3/gems/factory_bot-6.1.0/lib/factory_bot/registry.rb:23:in `find'[0m

  12) ログイン後のテスト 投稿一覧画面のテスト サイドバーの確認 投稿するボタンが表示される
      [31mFailure/Error: [0mlet!([33m:wine[0m) { create([33m:wine[0m, [35muser[0m: user) }[0m
      [31m[0m
      [31mKeyError:[0m
      [31m  Factory not registered: "wine"[0m
      [31m  Did you mean?  "wines"[0m
      [36m# /home/ec2-user/.rvm/gems/ruby-2.6.3/gems/factory_bot-6.1.0/lib/factory_bot/registry.rb:23:in `find'[0m
      [36m# /home/ec2-user/.rvm/gems/ruby-2.6.3/gems/factory_bot-6.1.0/lib/factory_bot/decorator.rb:21:in `method_missing'[0m
      [36m# /home/ec2-user/.rvm/gems/ruby-2.6.3/gems/factory_bot-6.1.0/lib/factory_bot/internal.rb:70:in `factory_by_name'[0m
      [36m# /home/ec2-user/.rvm/gems/ruby-2.6.3/gems/factory_bot-6.1.0/lib/factory_bot/factory_runner.rb:12:in `run'[0m
      [36m# /home/ec2-user/.rvm/gems/ruby-2.6.3/gems/factory_bot-6.1.0/lib/factory_bot/strategy_syntax_method_registrar.rb:28:in `block in define_singular_strategy_method'[0m
      [36m# ./spec/system/after_login_spec.rb:7:in `block (2 levels) in <main>'[0m
      [36m# ------------------[0m
      [36m# --- Caused by: ---[0m
      [36m# KeyError:[0m
      [36m#   key not found: "wine"[0m
      [36m#   Did you mean?  "wines"[0m
      [36m#   /home/ec2-user/.rvm/gems/ruby-2.6.3/gems/factory_bot-6.1.0/lib/factory_bot/registry.rb:23:in `find'[0m

  13) ログイン後のテスト 投稿一覧画面のテスト 投稿成功のテスト 自分の新しい投稿が正しく保存される
      [31mFailure/Error: [0mlet!([33m:wine[0m) { create([33m:wine[0m, [35muser[0m: user) }[0m
      [31m[0m
      [31mKeyError:[0m
      [31m  Factory not registered: "wine"[0m
      [31m  Did you mean?  "wines"[0m
      [36m# /home/ec2-user/.rvm/gems/ruby-2.6.3/gems/factory_bot-6.1.0/lib/factory_bot/registry.rb:23:in `find'[0m
      [36m# /home/ec2-user/.rvm/gems/ruby-2.6.3/gems/factory_bot-6.1.0/lib/factory_bot/decorator.rb:21:in `method_missing'[0m
      [36m# /home/ec2-user/.rvm/gems/ruby-2.6.3/gems/factory_bot-6.1.0/lib/factory_bot/internal.rb:70:in `factory_by_name'[0m
      [36m# /home/ec2-user/.rvm/gems/ruby-2.6.3/gems/factory_bot-6.1.0/lib/factory_bot/factory_runner.rb:12:in `run'[0m
      [36m# /home/ec2-user/.rvm/gems/ruby-2.6.3/gems/factory_bot-6.1.0/lib/factory_bot/strategy_syntax_method_registrar.rb:28:in `block in define_singular_strategy_method'[0m
      [36m# ./spec/system/after_login_spec.rb:7:in `block (2 levels) in <main>'[0m
      [36m# ------------------[0m
      [36m# --- Caused by: ---[0m
      [36m# KeyError:[0m
      [36m#   key not found: "wine"[0m
      [36m#   Did you mean?  "wines"[0m
      [36m#   /home/ec2-user/.rvm/gems/ruby-2.6.3/gems/factory_bot-6.1.0/lib/factory_bot/registry.rb:23:in `find'[0m

  14) ログイン後のテスト 投稿一覧画面のテスト 投稿成功のテスト リダイレクト先が、保存できた投稿の詳細画面になっている
      [31mFailure/Error: [0mlet!([33m:wine[0m) { create([33m:wine[0m, [35muser[0m: user) }[0m
      [31m[0m
      [31mKeyError:[0m
      [31m  Factory not registered: "wine"[0m
      [31m  Did you mean?  "wines"[0m
      [36m# /home/ec2-user/.rvm/gems/ruby-2.6.3/gems/factory_bot-6.1.0/lib/factory_bot/registry.rb:23:in `find'[0m
      [36m# /home/ec2-user/.rvm/gems/ruby-2.6.3/gems/factory_bot-6.1.0/lib/factory_bot/decorator.rb:21:in `method_missing'[0m
      [36m# /home/ec2-user/.rvm/gems/ruby-2.6.3/gems/factory_bot-6.1.0/lib/factory_bot/internal.rb:70:in `factory_by_name'[0m
      [36m# /home/ec2-user/.rvm/gems/ruby-2.6.3/gems/factory_bot-6.1.0/lib/factory_bot/factory_runner.rb:12:in `run'[0m
      [36m# /home/ec2-user/.rvm/gems/ruby-2.6.3/gems/factory_bot-6.1.0/lib/factory_bot/strategy_syntax_method_registrar.rb:28:in `block in define_singular_strategy_method'[0m
      [36m# ./spec/system/after_login_spec.rb:7:in `block (2 levels) in <main>'[0m
      [36m# ------------------[0m
      [36m# --- Caused by: ---[0m
      [36m# KeyError:[0m
      [36m#   key not found: "wine"[0m
      [36m#   Did you mean?  "wines"[0m
      [36m#   /home/ec2-user/.rvm/gems/ruby-2.6.3/gems/factory_bot-6.1.0/lib/factory_bot/registry.rb:23:in `find'[0m

  15) ログイン後のテスト 自分の投稿詳細画面のテスト 表示内容の確認 URLが正しい
      [31mFailure/Error: [0mlet!([33m:wine[0m) { create([33m:wine[0m, [35muser[0m: user) }[0m
      [31m[0m
      [31mKeyError:[0m
      [31m  Factory not registered: "wine"[0m
      [31m  Did you mean?  "wines"[0m
      [36m# /home/ec2-user/.rvm/gems/ruby-2.6.3/gems/factory_bot-6.1.0/lib/factory_bot/registry.rb:23:in `find'[0m
      [36m# /home/ec2-user/.rvm/gems/ruby-2.6.3/gems/factory_bot-6.1.0/lib/factory_bot/decorator.rb:21:in `method_missing'[0m
      [36m# /home/ec2-user/.rvm/gems/ruby-2.6.3/gems/factory_bot-6.1.0/lib/factory_bot/internal.rb:70:in `factory_by_name'[0m
      [36m# /home/ec2-user/.rvm/gems/ruby-2.6.3/gems/factory_bot-6.1.0/lib/factory_bot/factory_runner.rb:12:in `run'[0m
      [36m# /home/ec2-user/.rvm/gems/ruby-2.6.3/gems/factory_bot-6.1.0/lib/factory_bot/strategy_syntax_method_registrar.rb:28:in `block in define_singular_strategy_method'[0m
      [36m# ./spec/system/after_login_spec.rb:7:in `block (2 levels) in <main>'[0m
      [36m# ------------------[0m
      [36m# --- Caused by: ---[0m
      [36m# KeyError:[0m
      [36m#   key not found: "wine"[0m
      [36m#   Did you mean?  "wines"[0m
      [36m#   /home/ec2-user/.rvm/gems/ruby-2.6.3/gems/factory_bot-6.1.0/lib/factory_bot/registry.rb:23:in `find'[0m

  16) ログイン後のテスト 自分の投稿詳細画面のテスト 表示内容の確認 ユーザ画像・名前のリンク先が正しい
      [31mFailure/Error: [0mlet!([33m:wine[0m) { create([33m:wine[0m, [35muser[0m: user) }[0m
      [31m[0m
      [31mKeyError:[0m
      [31m  Factory not registered: "wine"[0m
      [31m  Did you mean?  "wines"[0m
      [36m# /home/ec2-user/.rvm/gems/ruby-2.6.3/gems/factory_bot-6.1.0/lib/factory_bot/registry.rb:23:in `find'[0m
      [36m# /home/ec2-user/.rvm/gems/ruby-2.6.3/gems/factory_bot-6.1.0/lib/factory_bot/decorator.rb:21:in `method_missing'[0m
      [36m# /home/ec2-user/.rvm/gems/ruby-2.6.3/gems/factory_bot-6.1.0/lib/factory_bot/internal.rb:70:in `factory_by_name'[0m
      [36m# /home/ec2-user/.rvm/gems/ruby-2.6.3/gems/factory_bot-6.1.0/lib/factory_bot/factory_runner.rb:12:in `run'[0m
      [36m# /home/ec2-user/.rvm/gems/ruby-2.6.3/gems/factory_bot-6.1.0/lib/factory_bot/strategy_syntax_method_registrar.rb:28:in `block in define_singular_strategy_method'[0m
      [36m# ./spec/system/after_login_spec.rb:7:in `block (2 levels) in <main>'[0m
      [36m# ------------------[0m
      [36m# --- Caused by: ---[0m
      [36m# KeyError:[0m
      [36m#   key not found: "wine"[0m
      [36m#   Did you mean?  "wines"[0m
      [36m#   /home/ec2-user/.rvm/gems/ruby-2.6.3/gems/factory_bot-6.1.0/lib/factory_bot/registry.rb:23:in `find'[0m

  17) ログイン後のテスト 自分の投稿詳細画面のテスト 表示内容の確認 投稿のwine_nameが表示される
      [31mFailure/Error: [0mlet!([33m:wine[0m) { create([33m:wine[0m, [35muser[0m: user) }[0m
      [31m[0m
      [31mKeyError:[0m
      [31m  Factory not registered: "wine"[0m
      [31m  Did you mean?  "wines"[0m
      [36m# /home/ec2-user/.rvm/gems/ruby-2.6.3/gems/factory_bot-6.1.0/lib/factory_bot/registry.rb:23:in `find'[0m
      [36m# /home/ec2-user/.rvm/gems/ruby-2.6.3/gems/factory_bot-6.1.0/lib/factory_bot/decorator.rb:21:in `method_missing'[0m
      [36m# /home/ec2-user/.rvm/gems/ruby-2.6.3/gems/factory_bot-6.1.0/lib/factory_bot/internal.rb:70:in `factory_by_name'[0m
      [36m# /home/ec2-user/.rvm/gems/ruby-2.6.3/gems/factory_bot-6.1.0/lib/factory_bot/factory_runner.rb:12:in `run'[0m
      [36m# /home/ec2-user/.rvm/gems/ruby-2.6.3/gems/factory_bot-6.1.0/lib/factory_bot/strategy_syntax_method_registrar.rb:28:in `block in define_singular_strategy_method'[0m
      [36m# ./spec/system/after_login_spec.rb:7:in `block (2 levels) in <main>'[0m
      [36m# ------------------[0m
      [36m# --- Caused by: ---[0m
      [36m# KeyError:[0m
      [36m#   key not found: "wine"[0m
      [36m#   Did you mean?  "wines"[0m
      [36m#   /home/ec2-user/.rvm/gems/ruby-2.6.3/gems/factory_bot-6.1.0/lib/factory_bot/registry.rb:23:in `find'[0m

  18) ログイン後のテスト 自分の投稿詳細画面のテスト 表示内容の確認 投稿の削除リンクが表示される
      [31mFailure/Error: [0mlet!([33m:wine[0m) { create([33m:wine[0m, [35muser[0m: user) }[0m
      [31m[0m
      [31mKeyError:[0m
      [31m  Factory not registered: "wine"[0m
      [31m  Did you mean?  "wines"[0m
      [36m# /home/ec2-user/.rvm/gems/ruby-2.6.3/gems/factory_bot-6.1.0/lib/factory_bot/registry.rb:23:in `find'[0m
      [36m# /home/ec2-user/.rvm/gems/ruby-2.6.3/gems/factory_bot-6.1.0/lib/factory_bot/decorator.rb:21:in `method_missing'[0m
      [36m# /home/ec2-user/.rvm/gems/ruby-2.6.3/gems/factory_bot-6.1.0/lib/factory_bot/internal.rb:70:in `factory_by_name'[0m
      [36m# /home/ec2-user/.rvm/gems/ruby-2.6.3/gems/factory_bot-6.1.0/lib/factory_bot/factory_runner.rb:12:in `run'[0m
      [36m# /home/ec2-user/.rvm/gems/ruby-2.6.3/gems/factory_bot-6.1.0/lib/factory_bot/strategy_syntax_method_registrar.rb:28:in `block in define_singular_strategy_method'[0m
      [36m# ./spec/system/after_login_spec.rb:7:in `block (2 levels) in <main>'[0m
      [36m# ------------------[0m
      [36m# --- Caused by: ---[0m
      [36m# KeyError:[0m
      [36m#   key not found: "wine"[0m
      [36m#   Did you mean?  "wines"[0m
      [36m#   /home/ec2-user/.rvm/gems/ruby-2.6.3/gems/factory_bot-6.1.0/lib/factory_bot/registry.rb:23:in `find'[0m

  19) ログイン後のテスト 自分の投稿詳細画面のテスト サイドバーの確認 楽天API検索窓と検索ボタンが表示される
      [31mFailure/Error: [0mlet!([33m:wine[0m) { create([33m:wine[0m, [35muser[0m: user) }[0m
      [31m[0m
      [31mKeyError:[0m
      [31m  Factory not registered: "wine"[0m
      [31m  Did you mean?  "wines"[0m
      [36m# /home/ec2-user/.rvm/gems/ruby-2.6.3/gems/factory_bot-6.1.0/lib/factory_bot/registry.rb:23:in `find'[0m
      [36m# /home/ec2-user/.rvm/gems/ruby-2.6.3/gems/factory_bot-6.1.0/lib/factory_bot/decorator.rb:21:in `method_missing'[0m
      [36m# /home/ec2-user/.rvm/gems/ruby-2.6.3/gems/factory_bot-6.1.0/lib/factory_bot/internal.rb:70:in `factory_by_name'[0m
      [36m# /home/ec2-user/.rvm/gems/ruby-2.6.3/gems/factory_bot-6.1.0/lib/factory_bot/factory_runner.rb:12:in `run'[0m
      [36m# /home/ec2-user/.rvm/gems/ruby-2.6.3/gems/factory_bot-6.1.0/lib/factory_bot/strategy_syntax_method_registrar.rb:28:in `block in define_singular_strategy_method'[0m
      [36m# ./spec/system/after_login_spec.rb:7:in `block (2 levels) in <main>'[0m
      [36m# ------------------[0m
      [36m# --- Caused by: ---[0m
      [36m# KeyError:[0m
      [36m#   key not found: "wine"[0m
      [36m#   Did you mean?  "wines"[0m
      [36m#   /home/ec2-user/.rvm/gems/ruby-2.6.3/gems/factory_bot-6.1.0/lib/factory_bot/registry.rb:23:in `find'[0m

  20) ログイン後のテスト 自分の投稿詳細画面のテスト サイドバーの確認 楽天API検索表示画面へのリンクが存在する
      [31mFailure/Error: [0mlet!([33m:wine[0m) { create([33m:wine[0m, [35muser[0m: user) }[0m
      [31m[0m
      [31mKeyError:[0m
      [31m  Factory not registered: "wine"[0m
      [31m  Did you mean?  "wines"[0m
      [36m# /home/ec2-user/.rvm/gems/ruby-2.6.3/gems/factory_bot-6.1.0/lib/factory_bot/registry.rb:23:in `find'[0m
      [36m# /home/ec2-user/.rvm/gems/ruby-2.6.3/gems/factory_bot-6.1.0/lib/factory_bot/decorator.rb:21:in `method_missing'[0m
      [36m# /home/ec2-user/.rvm/gems/ruby-2.6.3/gems/factory_bot-6.1.0/lib/factory_bot/internal.rb:70:in `factory_by_name'[0m
      [36m# /home/ec2-user/.rvm/gems/ruby-2.6.3/gems/factory_bot-6.1.0/lib/factory_bot/factory_runner.rb:12:in `run'[0m
      [36m# /home/ec2-user/.rvm/gems/ruby-2.6.3/gems/factory_bot-6.1.0/lib/factory_bot/strategy_syntax_method_registrar.rb:28:in `block in define_singular_strategy_method'[0m
      [36m# ./spec/system/after_login_spec.rb:7:in `block (2 levels) in <main>'[0m
      [36m# ------------------[0m
      [36m# --- Caused by: ---[0m
      [36m# KeyError:[0m
      [36m#   key not found: "wine"[0m
      [36m#   Did you mean?  "wines"[0m
      [36m#   /home/ec2-user/.rvm/gems/ruby-2.6.3/gems/factory_bot-6.1.0/lib/factory_bot/registry.rb:23:in `find'[0m

  21) ログイン後のテスト 自分の投稿詳細画面のテスト サイドバーの確認 「NEW TASTING」と表示される
      [31mFailure/Error: [0mlet!([33m:wine[0m) { create([33m:wine[0m, [35muser[0m: user) }[0m
      [31m[0m
      [31mKeyError:[0m
      [31m  Factory not registered: "wine"[0m
      [31m  Did you mean?  "wines"[0m
      [36m# /home/ec2-user/.rvm/gems/ruby-2.6.3/gems/factory_bot-6.1.0/lib/factory_bot/registry.rb:23:in `find'[0m
      [36m# /home/ec2-user/.rvm/gems/ruby-2.6.3/gems/factory_bot-6.1.0/lib/factory_bot/decorator.rb:21:in `method_missing'[0m
      [36m# /home/ec2-user/.rvm/gems/ruby-2.6.3/gems/factory_bot-6.1.0/lib/factory_bot/internal.rb:70:in `factory_by_name'[0m
      [36m# /home/ec2-user/.rvm/gems/ruby-2.6.3/gems/factory_bot-6.1.0/lib/factory_bot/factory_runner.rb:12:in `run'[0m
      [36m# /home/ec2-user/.rvm/gems/ruby-2.6.3/gems/factory_bot-6.1.0/lib/factory_bot/strategy_syntax_method_registrar.rb:28:in `block in define_singular_strategy_method'[0m
      [36m# ./spec/system/after_login_spec.rb:7:in `block (2 levels) in <main>'[0m
      [36m# ------------------[0m
      [36m# --- Caused by: ---[0m
      [36m# KeyError:[0m
      [36m#   key not found: "wine"[0m
      [36m#   Did you mean?  "wines"[0m
      [36m#   /home/ec2-user/.rvm/gems/ruby-2.6.3/gems/factory_bot-6.1.0/lib/factory_bot/registry.rb:23:in `find'[0m

  22) ログイン後のテスト 自分の投稿詳細画面のテスト サイドバーの確認 wine_nameフォームが表示される
      [31mFailure/Error: [0mlet!([33m:wine[0m) { create([33m:wine[0m, [35muser[0m: user) }[0m
      [31m[0m
      [31mKeyError:[0m
      [31m  Factory not registered: "wine"[0m
      [31m  Did you mean?  "wines"[0m
      [36m# /home/ec2-user/.rvm/gems/ruby-2.6.3/gems/factory_bot-6.1.0/lib/factory_bot/registry.rb:23:in `find'[0m
      [36m# /home/ec2-user/.rvm/gems/ruby-2.6.3/gems/factory_bot-6.1.0/lib/factory_bot/decorator.rb:21:in `method_missing'[0m
      [36m# /home/ec2-user/.rvm/gems/ruby-2.6.3/gems/factory_bot-6.1.0/lib/factory_bot/internal.rb:70:in `factory_by_name'[0m
      [36m# /home/ec2-user/.rvm/gems/ruby-2.6.3/gems/factory_bot-6.1.0/lib/factory_bot/factory_runner.rb:12:in `run'[0m
      [36m# /home/ec2-user/.rvm/gems/ruby-2.6.3/gems/factory_bot-6.1.0/lib/factory_bot/strategy_syntax_method_registrar.rb:28:in `block in define_singular_strategy_method'[0m
      [36m# ./spec/system/after_login_spec.rb:7:in `block (2 levels) in <main>'[0m
      [36m# ------------------[0m
      [36m# --- Caused by: ---[0m
      [36m# KeyError:[0m
      [36m#   key not found: "wine"[0m
      [36m#   Did you mean?  "wines"[0m
      [36m#   /home/ec2-user/.rvm/gems/ruby-2.6.3/gems/factory_bot-6.1.0/lib/factory_bot/registry.rb:23:in `find'[0m

  23) ログイン後のテスト 自分の投稿詳細画面のテスト サイドバーの確認 wine_nameフォームに値が入っていない
      [31mFailure/Error: [0mlet!([33m:wine[0m) { create([33m:wine[0m, [35muser[0m: user) }[0m
      [31m[0m
      [31mKeyError:[0m
      [31m  Factory not registered: "wine"[0m
      [31m  Did you mean?  "wines"[0m
      [36m# /home/ec2-user/.rvm/gems/ruby-2.6.3/gems/factory_bot-6.1.0/lib/factory_bot/registry.rb:23:in `find'[0m
      [36m# /home/ec2-user/.rvm/gems/ruby-2.6.3/gems/factory_bot-6.1.0/lib/factory_bot/decorator.rb:21:in `method_missing'[0m
      [36m# /home/ec2-user/.rvm/gems/ruby-2.6.3/gems/factory_bot-6.1.0/lib/factory_bot/internal.rb:70:in `factory_by_name'[0m
      [36m# /home/ec2-user/.rvm/gems/ruby-2.6.3/gems/factory_bot-6.1.0/lib/factory_bot/factory_runner.rb:12:in `run'[0m
      [36m# /home/ec2-user/.rvm/gems/ruby-2.6.3/gems/factory_bot-6.1.0/lib/factory_bot/strategy_syntax_method_registrar.rb:28:in `block in define_singular_strategy_method'[0m
      [36m# ./spec/system/after_login_spec.rb:7:in `block (2 levels) in <main>'[0m
      [36m# ------------------[0m
      [36m# --- Caused by: ---[0m
      [36m# KeyError:[0m
      [36m#   key not found: "wine"[0m
      [36m#   Did you mean?  "wines"[0m
      [36m#   /home/ec2-user/.rvm/gems/ruby-2.6.3/gems/factory_bot-6.1.0/lib/factory_bot/registry.rb:23:in `find'[0m

  24) ログイン後のテスト 自分の投稿詳細画面のテスト サイドバーの確認 投稿するボタンが表示される
      [31mFailure/Error: [0mlet!([33m:wine[0m) { create([33m:wine[0m, [35muser[0m: user) }[0m
      [31m[0m
      [31mKeyError:[0m
      [31m  Factory not registered: "wine"[0m
      [31m  Did you mean?  "wines"[0m
      [36m# /home/ec2-user/.rvm/gems/ruby-2.6.3/gems/factory_bot-6.1.0/lib/factory_bot/registry.rb:23:in `find'[0m
      [36m# /home/ec2-user/.rvm/gems/ruby-2.6.3/gems/factory_bot-6.1.0/lib/factory_bot/decorator.rb:21:in `method_missing'[0m
      [36m# /home/ec2-user/.rvm/gems/ruby-2.6.3/gems/factory_bot-6.1.0/lib/factory_bot/internal.rb:70:in `factory_by_name'[0m
      [36m# /home/ec2-user/.rvm/gems/ruby-2.6.3/gems/factory_bot-6.1.0/lib/factory_bot/factory_runner.rb:12:in `run'[0m
      [36m# /home/ec2-user/.rvm/gems/ruby-2.6.3/gems/factory_bot-6.1.0/lib/factory_bot/strategy_syntax_method_registrar.rb:28:in `block in define_singular_strategy_method'[0m
      [36m# ./spec/system/after_login_spec.rb:7:in `block (2 levels) in <main>'[0m
      [36m# ------------------[0m
      [36m# --- Caused by: ---[0m
      [36m# KeyError:[0m
      [36m#   key not found: "wine"[0m
      [36m#   Did you mean?  "wines"[0m
      [36m#   /home/ec2-user/.rvm/gems/ruby-2.6.3/gems/factory_bot-6.1.0/lib/factory_bot/registry.rb:23:in `find'[0m

  25) ログイン後のテスト 自分の投稿詳細画面のテスト 投稿成功のテスト 自分の新しい投稿が正しく保存される
      [31mFailure/Error: [0mlet!([33m:wine[0m) { create([33m:wine[0m, [35muser[0m: user) }[0m
      [31m[0m
      [31mKeyError:[0m
      [31m  Factory not registered: "wine"[0m
      [31m  Did you mean?  "wines"[0m
      [36m# /home/ec2-user/.rvm/gems/ruby-2.6.3/gems/factory_bot-6.1.0/lib/factory_bot/registry.rb:23:in `find'[0m
      [36m# /home/ec2-user/.rvm/gems/ruby-2.6.3/gems/factory_bot-6.1.0/lib/factory_bot/decorator.rb:21:in `method_missing'[0m
      [36m# /home/ec2-user/.rvm/gems/ruby-2.6.3/gems/factory_bot-6.1.0/lib/factory_bot/internal.rb:70:in `factory_by_name'[0m
      [36m# /home/ec2-user/.rvm/gems/ruby-2.6.3/gems/factory_bot-6.1.0/lib/factory_bot/factory_runner.rb:12:in `run'[0m
      [36m# /home/ec2-user/.rvm/gems/ruby-2.6.3/gems/factory_bot-6.1.0/lib/factory_bot/strategy_syntax_method_registrar.rb:28:in `block in define_singular_strategy_method'[0m
      [36m# ./spec/system/after_login_spec.rb:7:in `block (2 levels) in <main>'[0m
      [36m# ------------------[0m
      [36m# --- Caused by: ---[0m
      [36m# KeyError:[0m
      [36m#   key not found: "wine"[0m
      [36m#   Did you mean?  "wines"[0m
      [36m#   /home/ec2-user/.rvm/gems/ruby-2.6.3/gems/factory_bot-6.1.0/lib/factory_bot/registry.rb:23:in `find'[0m

  26) ログイン後のテスト 自分の投稿詳細画面のテスト 削除リンクのテスト 正しく削除される
      [31mFailure/Error: [0mlet!([33m:wine[0m) { create([33m:wine[0m, [35muser[0m: user) }[0m
      [31m[0m
      [31mKeyError:[0m
      [31m  Factory not registered: "wine"[0m
      [31m  Did you mean?  "wines"[0m
      [36m# /home/ec2-user/.rvm/gems/ruby-2.6.3/gems/factory_bot-6.1.0/lib/factory_bot/registry.rb:23:in `find'[0m
      [36m# /home/ec2-user/.rvm/gems/ruby-2.6.3/gems/factory_bot-6.1.0/lib/factory_bot/decorator.rb:21:in `method_missing'[0m
      [36m# /home/ec2-user/.rvm/gems/ruby-2.6.3/gems/factory_bot-6.1.0/lib/factory_bot/internal.rb:70:in `factory_by_name'[0m
      [36m# /home/ec2-user/.rvm/gems/ruby-2.6.3/gems/factory_bot-6.1.0/lib/factory_bot/factory_runner.rb:12:in `run'[0m
      [36m# /home/ec2-user/.rvm/gems/ruby-2.6.3/gems/factory_bot-6.1.0/lib/factory_bot/strategy_syntax_method_registrar.rb:28:in `block in define_singular_strategy_method'[0m
      [36m# ./spec/system/after_login_spec.rb:7:in `block (2 levels) in <main>'[0m
      [36m# ------------------[0m
      [36m# --- Caused by: ---[0m
      [36m# KeyError:[0m
      [36m#   key not found: "wine"[0m
      [36m#   Did you mean?  "wines"[0m
      [36m#   /home/ec2-user/.rvm/gems/ruby-2.6.3/gems/factory_bot-6.1.0/lib/factory_bot/registry.rb:23:in `find'[0m

  27) ログイン後のテスト 自分の投稿詳細画面のテスト 削除リンクのテスト リダイレクト先が、投稿一覧画面になっている
      [31mFailure/Error: [0mlet!([33m:wine[0m) { create([33m:wine[0m, [35muser[0m: user) }[0m
      [31m[0m
      [31mKeyError:[0m
      [31m  Factory not registered: "wine"[0m
      [31m  Did you mean?  "wines"[0m
      [36m# /home/ec2-user/.rvm/gems/ruby-2.6.3/gems/factory_bot-6.1.0/lib/factory_bot/registry.rb:23:in `find'[0m
      [36m# /home/ec2-user/.rvm/gems/ruby-2.6.3/gems/factory_bot-6.1.0/lib/factory_bot/decorator.rb:21:in `method_missing'[0m
      [36m# /home/ec2-user/.rvm/gems/ruby-2.6.3/gems/factory_bot-6.1.0/lib/factory_bot/internal.rb:70:in `factory_by_name'[0m
      [36m# /home/ec2-user/.rvm/gems/ruby-2.6.3/gems/factory_bot-6.1.0/lib/factory_bot/factory_runner.rb:12:in `run'[0m
      [36m# /home/ec2-user/.rvm/gems/ruby-2.6.3/gems/factory_bot-6.1.0/lib/factory_bot/strategy_syntax_method_registrar.rb:28:in `block in define_singular_strategy_method'[0m
      [36m# ./spec/system/after_login_spec.rb:7:in `block (2 levels) in <main>'[0m
      [36m# ------------------[0m
      [36m# --- Caused by: ---[0m
      [36m# KeyError:[0m
      [36m#   key not found: "wine"[0m
      [36m#   Did you mean?  "wines"[0m
      [36m#   /home/ec2-user/.rvm/gems/ruby-2.6.3/gems/factory_bot-6.1.0/lib/factory_bot/registry.rb:23:in `find'[0m

  28) ログイン後のテスト ユーザ一覧画面のテスト 表示内容の確認 URLが正しい
      [31mFailure/Error: [0mlet!([33m:wine[0m) { create([33m:wine[0m, [35muser[0m: user) }[0m
      [31m[0m
      [31mKeyError:[0m
      [31m  Factory not registered: "wine"[0m
      [31m  Did you mean?  "wines"[0m
      [36m# /home/ec2-user/.rvm/gems/ruby-2.6.3/gems/factory_bot-6.1.0/lib/factory_bot/registry.rb:23:in `find'[0m
      [36m# /home/ec2-user/.rvm/gems/ruby-2.6.3/gems/factory_bot-6.1.0/lib/factory_bot/decorator.rb:21:in `method_missing'[0m
      [36m# /home/ec2-user/.rvm/gems/ruby-2.6.3/gems/factory_bot-6.1.0/lib/factory_bot/internal.rb:70:in `factory_by_name'[0m
      [36m# /home/ec2-user/.rvm/gems/ruby-2.6.3/gems/factory_bot-6.1.0/lib/factory_bot/factory_runner.rb:12:in `run'[0m
      [36m# /home/ec2-user/.rvm/gems/ruby-2.6.3/gems/factory_bot-6.1.0/lib/factory_bot/strategy_syntax_method_registrar.rb:28:in `block in define_singular_strategy_method'[0m
      [36m# ./spec/system/after_login_spec.rb:7:in `block (2 levels) in <main>'[0m
      [36m# ------------------[0m
      [36m# --- Caused by: ---[0m
      [36m# KeyError:[0m
      [36m#   key not found: "wine"[0m
      [36m#   Did you mean?  "wines"[0m
      [36m#   /home/ec2-user/.rvm/gems/ruby-2.6.3/gems/factory_bot-6.1.0/lib/factory_bot/registry.rb:23:in `find'[0m

  29) ログイン後のテスト ユーザ一覧画面のテスト 表示内容の確認 自分と他人の画像が表示される: fallbackの画像が存在する
      [31mFailure/Error: [0mlet!([33m:wine[0m) { create([33m:wine[0m, [35muser[0m: user) }[0m
      [31m[0m
      [31mKeyError:[0m
      [31m  Factory not registered: "wine"[0m
      [31m  Did you mean?  "wines"[0m
      [36m# /home/ec2-user/.rvm/gems/ruby-2.6.3/gems/factory_bot-6.1.0/lib/factory_bot/registry.rb:23:in `find'[0m
      [36m# /home/ec2-user/.rvm/gems/ruby-2.6.3/gems/factory_bot-6.1.0/lib/factory_bot/decorator.rb:21:in `method_missing'[0m
      [36m# /home/ec2-user/.rvm/gems/ruby-2.6.3/gems/factory_bot-6.1.0/lib/factory_bot/internal.rb:70:in `factory_by_name'[0m
      [36m# /home/ec2-user/.rvm/gems/ruby-2.6.3/gems/factory_bot-6.1.0/lib/factory_bot/factory_runner.rb:12:in `run'[0m
      [36m# /home/ec2-user/.rvm/gems/ruby-2.6.3/gems/factory_bot-6.1.0/lib/factory_bot/strategy_syntax_method_registrar.rb:28:in `block in define_singular_strategy_method'[0m
      [36m# ./spec/system/after_login_spec.rb:7:in `block (2 levels) in <main>'[0m
      [36m# ------------------[0m
      [36m# --- Caused by: ---[0m
      [36m# KeyError:[0m
      [36m#   key not found: "wine"[0m
      [36m#   Did you mean?  "wines"[0m
      [36m#   /home/ec2-user/.rvm/gems/ruby-2.6.3/gems/factory_bot-6.1.0/lib/factory_bot/registry.rb:23:in `find'[0m

  30) ログイン後のテスト ユーザ一覧画面のテスト 表示内容の確認 自分と他人の名前がそれぞれ表示される
      [31mFailure/Error: [0mlet!([33m:wine[0m) { create([33m:wine[0m, [35muser[0m: user) }[0m
      [31m[0m
      [31mKeyError:[0m
      [31m  Factory not registered: "wine"[0m
      [31m  Did you mean?  "wines"[0m
      [36m# /home/ec2-user/.rvm/gems/ruby-2.6.3/gems/factory_bot-6.1.0/lib/factory_bot/registry.rb:23:in `find'[0m
      [36m# /home/ec2-user/.rvm/gems/ruby-2.6.3/gems/factory_bot-6.1.0/lib/factory_bot/decorator.rb:21:in `method_missing'[0m
      [36m# /home/ec2-user/.rvm/gems/ruby-2.6.3/gems/factory_bot-6.1.0/lib/factory_bot/internal.rb:70:in `factory_by_name'[0m
      [36m# /home/ec2-user/.rvm/gems/ruby-2.6.3/gems/factory_bot-6.1.0/lib/factory_bot/factory_runner.rb:12:in `run'[0m
      [36m# /home/ec2-user/.rvm/gems/ruby-2.6.3/gems/factory_bot-6.1.0/lib/factory_bot/strategy_syntax_method_registrar.rb:28:in `block in define_singular_strategy_method'[0m
      [36m# ./spec/system/after_login_spec.rb:7:in `block (2 levels) in <main>'[0m
      [36m# ------------------[0m
      [36m# --- Caused by: ---[0m
      [36m# KeyError:[0m
      [36m#   key not found: "wine"[0m
      [36m#   Did you mean?  "wines"[0m
      [36m#   /home/ec2-user/.rvm/gems/ruby-2.6.3/gems/factory_bot-6.1.0/lib/factory_bot/registry.rb:23:in `find'[0m

  31) ログイン後のテスト ユーザ一覧画面のテスト 表示内容の確認 自分と他人のshowリンクがそれぞれ表示される
      [31mFailure/Error: [0mlet!([33m:wine[0m) { create([33m:wine[0m, [35muser[0m: user) }[0m
      [31m[0m
      [31mKeyError:[0m
      [31m  Factory not registered: "wine"[0m
      [31m  Did you mean?  "wines"[0m
      [36m# /home/ec2-user/.rvm/gems/ruby-2.6.3/gems/factory_bot-6.1.0/lib/factory_bot/registry.rb:23:in `find'[0m
      [36m# /home/ec2-user/.rvm/gems/ruby-2.6.3/gems/factory_bot-6.1.0/lib/factory_bot/decorator.rb:21:in `method_missing'[0m
      [36m# /home/ec2-user/.rvm/gems/ruby-2.6.3/gems/factory_bot-6.1.0/lib/factory_bot/internal.rb:70:in `factory_by_name'[0m
      [36m# /home/ec2-user/.rvm/gems/ruby-2.6.3/gems/factory_bot-6.1.0/lib/factory_bot/factory_runner.rb:12:in `run'[0m
      [36m# /home/ec2-user/.rvm/gems/ruby-2.6.3/gems/factory_bot-6.1.0/lib/factory_bot/strategy_syntax_method_registrar.rb:28:in `block in define_singular_strategy_method'[0m
      [36m# ./spec/system/after_login_spec.rb:7:in `block (2 levels) in <main>'[0m
      [36m# ------------------[0m
      [36m# --- Caused by: ---[0m
      [36m# KeyError:[0m
      [36m#   key not found: "wine"[0m
      [36m#   Did you mean?  "wines"[0m
      [36m#   /home/ec2-user/.rvm/gems/ruby-2.6.3/gems/factory_bot-6.1.0/lib/factory_bot/registry.rb:23:in `find'[0m

  32) ログイン後のテスト ユーザ一覧画面のテスト サイドバーの確認 楽天API検索窓と検索ボタンが表示される
      [31mFailure/Error: [0mlet!([33m:wine[0m) { create([33m:wine[0m, [35muser[0m: user) }[0m
      [31m[0m
      [31mKeyError:[0m
      [31m  Factory not registered: "wine"[0m
      [31m  Did you mean?  "wines"[0m
      [36m# /home/ec2-user/.rvm/gems/ruby-2.6.3/gems/factory_bot-6.1.0/lib/factory_bot/registry.rb:23:in `find'[0m
      [36m# /home/ec2-user/.rvm/gems/ruby-2.6.3/gems/factory_bot-6.1.0/lib/factory_bot/decorator.rb:21:in `method_missing'[0m
      [36m# /home/ec2-user/.rvm/gems/ruby-2.6.3/gems/factory_bot-6.1.0/lib/factory_bot/internal.rb:70:in `factory_by_name'[0m
      [36m# /home/ec2-user/.rvm/gems/ruby-2.6.3/gems/factory_bot-6.1.0/lib/factory_bot/factory_runner.rb:12:in `run'[0m
      [36m# /home/ec2-user/.rvm/gems/ruby-2.6.3/gems/factory_bot-6.1.0/lib/factory_bot/strategy_syntax_method_registrar.rb:28:in `block in define_singular_strategy_method'[0m
      [36m# ./spec/system/after_login_spec.rb:7:in `block (2 levels) in <main>'[0m
      [36m# ------------------[0m
      [36m# --- Caused by: ---[0m
      [36m# KeyError:[0m
      [36m#   key not found: "wine"[0m
      [36m#   Did you mean?  "wines"[0m
      [36m#   /home/ec2-user/.rvm/gems/ruby-2.6.3/gems/factory_bot-6.1.0/lib/factory_bot/registry.rb:23:in `find'[0m

  33) ログイン後のテスト ユーザ一覧画面のテスト サイドバーの確認 楽天API検索表示画面へのリンクが存在する
      [31mFailure/Error: [0mlet!([33m:wine[0m) { create([33m:wine[0m, [35muser[0m: user) }[0m
      [31m[0m
      [31mKeyError:[0m
      [31m  Factory not registered: "wine"[0m
      [31m  Did you mean?  "wines"[0m
      [36m# /home/ec2-user/.rvm/gems/ruby-2.6.3/gems/factory_bot-6.1.0/lib/factory_bot/registry.rb:23:in `find'[0m
      [36m# /home/ec2-user/.rvm/gems/ruby-2.6.3/gems/factory_bot-6.1.0/lib/factory_bot/decorator.rb:21:in `method_missing'[0m
      [36m# /home/ec2-user/.rvm/gems/ruby-2.6.3/gems/factory_bot-6.1.0/lib/factory_bot/internal.rb:70:in `factory_by_name'[0m
      [36m# /home/ec2-user/.rvm/gems/ruby-2.6.3/gems/factory_bot-6.1.0/lib/factory_bot/factory_runner.rb:12:in `run'[0m
      [36m# /home/ec2-user/.rvm/gems/ruby-2.6.3/gems/factory_bot-6.1.0/lib/factory_bot/strategy_syntax_method_registrar.rb:28:in `block in define_singular_strategy_method'[0m
      [36m# ./spec/system/after_login_spec.rb:7:in `block (2 levels) in <main>'[0m
      [36m# ------------------[0m
      [36m# --- Caused by: ---[0m
      [36m# KeyError:[0m
      [36m#   key not found: "wine"[0m
      [36m#   Did you mean?  "wines"[0m
      [36m#   /home/ec2-user/.rvm/gems/ruby-2.6.3/gems/factory_bot-6.1.0/lib/factory_bot/registry.rb:23:in `find'[0m

  34) ログイン後のテスト ユーザ一覧画面のテスト サイドバーの確認 「NEW TASTING」と表示される
      [31mFailure/Error: [0mlet!([33m:wine[0m) { create([33m:wine[0m, [35muser[0m: user) }[0m
      [31m[0m
      [31mKeyError:[0m
      [31m  Factory not registered: "wine"[0m
      [31m  Did you mean?  "wines"[0m
      [36m# /home/ec2-user/.rvm/gems/ruby-2.6.3/gems/factory_bot-6.1.0/lib/factory_bot/registry.rb:23:in `find'[0m
      [36m# /home/ec2-user/.rvm/gems/ruby-2.6.3/gems/factory_bot-6.1.0/lib/factory_bot/decorator.rb:21:in `method_missing'[0m
      [36m# /home/ec2-user/.rvm/gems/ruby-2.6.3/gems/factory_bot-6.1.0/lib/factory_bot/internal.rb:70:in `factory_by_name'[0m
      [36m# /home/ec2-user/.rvm/gems/ruby-2.6.3/gems/factory_bot-6.1.0/lib/factory_bot/factory_runner.rb:12:in `run'[0m
      [36m# /home/ec2-user/.rvm/gems/ruby-2.6.3/gems/factory_bot-6.1.0/lib/factory_bot/strategy_syntax_method_registrar.rb:28:in `block in define_singular_strategy_method'[0m
      [36m# ./spec/system/after_login_spec.rb:7:in `block (2 levels) in <main>'[0m
      [36m# ------------------[0m
      [36m# --- Caused by: ---[0m
      [36m# KeyError:[0m
      [36m#   key not found: "wine"[0m
      [36m#   Did you mean?  "wines"[0m
      [36m#   /home/ec2-user/.rvm/gems/ruby-2.6.3/gems/factory_bot-6.1.0/lib/factory_bot/registry.rb:23:in `find'[0m

  35) ログイン後のテスト ユーザ一覧画面のテスト サイドバーの確認 wine_nameフォームが表示される
      [31mFailure/Error: [0mlet!([33m:wine[0m) { create([33m:wine[0m, [35muser[0m: user) }[0m
      [31m[0m
      [31mKeyError:[0m
      [31m  Factory not registered: "wine"[0m
      [31m  Did you mean?  "wines"[0m
      [36m# /home/ec2-user/.rvm/gems/ruby-2.6.3/gems/factory_bot-6.1.0/lib/factory_bot/registry.rb:23:in `find'[0m
      [36m# /home/ec2-user/.rvm/gems/ruby-2.6.3/gems/factory_bot-6.1.0/lib/factory_bot/decorator.rb:21:in `method_missing'[0m
      [36m# /home/ec2-user/.rvm/gems/ruby-2.6.3/gems/factory_bot-6.1.0/lib/factory_bot/internal.rb:70:in `factory_by_name'[0m
      [36m# /home/ec2-user/.rvm/gems/ruby-2.6.3/gems/factory_bot-6.1.0/lib/factory_bot/factory_runner.rb:12:in `run'[0m
      [36m# /home/ec2-user/.rvm/gems/ruby-2.6.3/gems/factory_bot-6.1.0/lib/factory_bot/strategy_syntax_method_registrar.rb:28:in `block in define_singular_strategy_method'[0m
      [36m# ./spec/system/after_login_spec.rb:7:in `block (2 levels) in <main>'[0m
      [36m# ------------------[0m
      [36m# --- Caused by: ---[0m
      [36m# KeyError:[0m
      [36m#   key not found: "wine"[0m
      [36m#   Did you mean?  "wines"[0m
      [36m#   /home/ec2-user/.rvm/gems/ruby-2.6.3/gems/factory_bot-6.1.0/lib/factory_bot/registry.rb:23:in `find'[0m

  36) ログイン後のテスト ユーザ一覧画面のテスト サイドバーの確認 wine_nameフォームに値が入っていない
      [31mFailure/Error: [0mlet!([33m:wine[0m) { create([33m:wine[0m, [35muser[0m: user) }[0m
      [31m[0m
      [31mKeyError:[0m
      [31m  Factory not registered: "wine"[0m
      [31m  Did you mean?  "wines"[0m
      [36m# /home/ec2-user/.rvm/gems/ruby-2.6.3/gems/factory_bot-6.1.0/lib/factory_bot/registry.rb:23:in `find'[0m
      [36m# /home/ec2-user/.rvm/gems/ruby-2.6.3/gems/factory_bot-6.1.0/lib/factory_bot/decorator.rb:21:in `method_missing'[0m
      [36m# /home/ec2-user/.rvm/gems/ruby-2.6.3/gems/factory_bot-6.1.0/lib/factory_bot/internal.rb:70:in `factory_by_name'[0m
      [36m# /home/ec2-user/.rvm/gems/ruby-2.6.3/gems/factory_bot-6.1.0/lib/factory_bot/factory_runner.rb:12:in `run'[0m
      [36m# /home/ec2-user/.rvm/gems/ruby-2.6.3/gems/factory_bot-6.1.0/lib/factory_bot/strategy_syntax_method_registrar.rb:28:in `block in define_singular_strategy_method'[0m
      [36m# ./spec/system/after_login_spec.rb:7:in `block (2 levels) in <main>'[0m
      [36m# ------------------[0m
      [36m# --- Caused by: ---[0m
      [36m# KeyError:[0m
      [36m#   key not found: "wine"[0m
      [36m#   Did you mean?  "wines"[0m
      [36m#   /home/ec2-user/.rvm/gems/ruby-2.6.3/gems/factory_bot-6.1.0/lib/factory_bot/registry.rb:23:in `find'[0m

  37) ログイン後のテスト ユーザ一覧画面のテスト サイドバーの確認 投稿するボタンが表示される
      [31mFailure/Error: [0mlet!([33m:wine[0m) { create([33m:wine[0m, [35muser[0m: user) }[0m
      [31m[0m
      [31mKeyError:[0m
      [31m  Factory not registered: "wine"[0m
      [31m  Did you mean?  "wines"[0m
      [36m# /home/ec2-user/.rvm/gems/ruby-2.6.3/gems/factory_bot-6.1.0/lib/factory_bot/registry.rb:23:in `find'[0m
      [36m# /home/ec2-user/.rvm/gems/ruby-2.6.3/gems/factory_bot-6.1.0/lib/factory_bot/decorator.rb:21:in `method_missing'[0m
      [36m# /home/ec2-user/.rvm/gems/ruby-2.6.3/gems/factory_bot-6.1.0/lib/factory_bot/internal.rb:70:in `factory_by_name'[0m
      [36m# /home/ec2-user/.rvm/gems/ruby-2.6.3/gems/factory_bot-6.1.0/lib/factory_bot/factory_runner.rb:12:in `run'[0m
      [36m# /home/ec2-user/.rvm/gems/ruby-2.6.3/gems/factory_bot-6.1.0/lib/factory_bot/strategy_syntax_method_registrar.rb:28:in `block in define_singular_strategy_method'[0m
      [36m# ./spec/system/after_login_spec.rb:7:in `block (2 levels) in <main>'[0m
      [36m# ------------------[0m
      [36m# --- Caused by: ---[0m
      [36m# KeyError:[0m
      [36m#   key not found: "wine"[0m
      [36m#   Did you mean?  "wines"[0m
      [36m#   /home/ec2-user/.rvm/gems/ruby-2.6.3/gems/factory_bot-6.1.0/lib/factory_bot/registry.rb:23:in `find'[0m

  38) ログイン後のテスト 自分のユーザ詳細画面のテスト 表示の確認 URLが正しい
      [31mFailure/Error: [0mlet!([33m:wine[0m) { create([33m:wine[0m, [35muser[0m: user) }[0m
      [31m[0m
      [31mKeyError:[0m
      [31m  Factory not registered: "wine"[0m
      [31m  Did you mean?  "wines"[0m
      [36m# /home/ec2-user/.rvm/gems/ruby-2.6.3/gems/factory_bot-6.1.0/lib/factory_bot/registry.rb:23:in `find'[0m
      [36m# /home/ec2-user/.rvm/gems/ruby-2.6.3/gems/factory_bot-6.1.0/lib/factory_bot/decorator.rb:21:in `method_missing'[0m
      [36m# /home/ec2-user/.rvm/gems/ruby-2.6.3/gems/factory_bot-6.1.0/lib/factory_bot/internal.rb:70:in `factory_by_name'[0m
      [36m# /home/ec2-user/.rvm/gems/ruby-2.6.3/gems/factory_bot-6.1.0/lib/factory_bot/factory_runner.rb:12:in `run'[0m
      [36m# /home/ec2-user/.rvm/gems/ruby-2.6.3/gems/factory_bot-6.1.0/lib/factory_bot/strategy_syntax_method_registrar.rb:28:in `block in define_singular_strategy_method'[0m
      [36m# ./spec/system/after_login_spec.rb:7:in `block (2 levels) in <main>'[0m
      [36m# ------------------[0m
      [36m# --- Caused by: ---[0m
      [36m# KeyError:[0m
      [36m#   key not found: "wine"[0m
      [36m#   Did you mean?  "wines"[0m
      [36m#   /home/ec2-user/.rvm/gems/ruby-2.6.3/gems/factory_bot-6.1.0/lib/factory_bot/registry.rb:23:in `find'[0m

  39) ログイン後のテスト 自分のユーザ詳細画面のテスト 表示の確認 投稿一覧のユーザ画像のリンク先が正しい
      [31mFailure/Error: [0mlet!([33m:wine[0m) { create([33m:wine[0m, [35muser[0m: user) }[0m
      [31m[0m
      [31mKeyError:[0m
      [31m  Factory not registered: "wine"[0m
      [31m  Did you mean?  "wines"[0m
      [36m# /home/ec2-user/.rvm/gems/ruby-2.6.3/gems/factory_bot-6.1.0/lib/factory_bot/registry.rb:23:in `find'[0m
      [36m# /home/ec2-user/.rvm/gems/ruby-2.6.3/gems/factory_bot-6.1.0/lib/factory_bot/decorator.rb:21:in `method_missing'[0m
      [36m# /home/ec2-user/.rvm/gems/ruby-2.6.3/gems/factory_bot-6.1.0/lib/factory_bot/internal.rb:70:in `factory_by_name'[0m
      [36m# /home/ec2-user/.rvm/gems/ruby-2.6.3/gems/factory_bot-6.1.0/lib/factory_bot/factory_runner.rb:12:in `run'[0m
      [36m# /home/ec2-user/.rvm/gems/ruby-2.6.3/gems/factory_bot-6.1.0/lib/factory_bot/strategy_syntax_method_registrar.rb:28:in `block in define_singular_strategy_method'[0m
      [36m# ./spec/system/after_login_spec.rb:7:in `block (2 levels) in <main>'[0m
      [36m# ------------------[0m
      [36m# --- Caused by: ---[0m
      [36m# KeyError:[0m
      [36m#   key not found: "wine"[0m
      [36m#   Did you mean?  "wines"[0m
      [36m#   /home/ec2-user/.rvm/gems/ruby-2.6.3/gems/factory_bot-6.1.0/lib/factory_bot/registry.rb:23:in `find'[0m

  40) ログイン後のテスト 自分のユーザ詳細画面のテスト 表示の確認 投稿一覧に自分の投稿のwine_nameが表示され、リンクが正しい
      [31mFailure/Error: [0mlet!([33m:wine[0m) { create([33m:wine[0m, [35muser[0m: user) }[0m
      [31m[0m
      [31mKeyError:[0m
      [31m  Factory not registered: "wine"[0m
      [31m  Did you mean?  "wines"[0m
      [36m# /home/ec2-user/.rvm/gems/ruby-2.6.3/gems/factory_bot-6.1.0/lib/factory_bot/registry.rb:23:in `find'[0m
      [36m# /home/ec2-user/.rvm/gems/ruby-2.6.3/gems/factory_bot-6.1.0/lib/factory_bot/decorator.rb:21:in `method_missing'[0m
      [36m# /home/ec2-user/.rvm/gems/ruby-2.6.3/gems/factory_bot-6.1.0/lib/factory_bot/internal.rb:70:in `factory_by_name'[0m
      [36m# /home/ec2-user/.rvm/gems/ruby-2.6.3/gems/factory_bot-6.1.0/lib/factory_bot/factory_runner.rb:12:in `run'[0m
      [36m# /home/ec2-user/.rvm/gems/ruby-2.6.3/gems/factory_bot-6.1.0/lib/factory_bot/strategy_syntax_method_registrar.rb:28:in `block in define_singular_strategy_method'[0m
      [36m# ./spec/system/after_login_spec.rb:7:in `block (2 levels) in <main>'[0m
      [36m# ------------------[0m
      [36m# --- Caused by: ---[0m
      [36m# KeyError:[0m
      [36m#   key not found: "wine"[0m
      [36m#   Did you mean?  "wines"[0m
      [36m#   /home/ec2-user/.rvm/gems/ruby-2.6.3/gems/factory_bot-6.1.0/lib/factory_bot/registry.rb:23:in `find'[0m

  41) ログイン後のテスト 自分のユーザ詳細画面のテスト 表示の確認 他人の投稿は表示されない
      [31mFailure/Error: [0mlet!([33m:wine[0m) { create([33m:wine[0m, [35muser[0m: user) }[0m
      [31m[0m
      [31mKeyError:[0m
      [31m  Factory not registered: "wine"[0m
      [31m  Did you mean?  "wines"[0m
      [36m# /home/ec2-user/.rvm/gems/ruby-2.6.3/gems/factory_bot-6.1.0/lib/factory_bot/registry.rb:23:in `find'[0m
      [36m# /home/ec2-user/.rvm/gems/ruby-2.6.3/gems/factory_bot-6.1.0/lib/factory_bot/decorator.rb:21:in `method_missing'[0m
      [36m# /home/ec2-user/.rvm/gems/ruby-2.6.3/gems/factory_bot-6.1.0/lib/factory_bot/internal.rb:70:in `factory_by_name'[0m
      [36m# /home/ec2-user/.rvm/gems/ruby-2.6.3/gems/factory_bot-6.1.0/lib/factory_bot/factory_runner.rb:12:in `run'[0m
      [36m# /home/ec2-user/.rvm/gems/ruby-2.6.3/gems/factory_bot-6.1.0/lib/factory_bot/strategy_syntax_method_registrar.rb:28:in `block in define_singular_strategy_method'[0m
      [36m# ./spec/system/after_login_spec.rb:7:in `block (2 levels) in <main>'[0m
      [36m# ------------------[0m
      [36m# --- Caused by: ---[0m
      [36m# KeyError:[0m
      [36m#   key not found: "wine"[0m
      [36m#   Did you mean?  "wines"[0m
      [36m#   /home/ec2-user/.rvm/gems/ruby-2.6.3/gems/factory_bot-6.1.0/lib/factory_bot/registry.rb:23:in `find'[0m

  42) ログイン後のテスト 自分のユーザ詳細画面のテスト サイドバーの確認 楽天API検索窓と検索ボタンが表示される
      [31mFailure/Error: [0mlet!([33m:wine[0m) { create([33m:wine[0m, [35muser[0m: user) }[0m
      [31m[0m
      [31mKeyError:[0m
      [31m  Factory not registered: "wine"[0m
      [31m  Did you mean?  "wines"[0m
      [36m# /home/ec2-user/.rvm/gems/ruby-2.6.3/gems/factory_bot-6.1.0/lib/factory_bot/registry.rb:23:in `find'[0m
      [36m# /home/ec2-user/.rvm/gems/ruby-2.6.3/gems/factory_bot-6.1.0/lib/factory_bot/decorator.rb:21:in `method_missing'[0m
      [36m# /home/ec2-user/.rvm/gems/ruby-2.6.3/gems/factory_bot-6.1.0/lib/factory_bot/internal.rb:70:in `factory_by_name'[0m
      [36m# /home/ec2-user/.rvm/gems/ruby-2.6.3/gems/factory_bot-6.1.0/lib/factory_bot/factory_runner.rb:12:in `run'[0m
      [36m# /home/ec2-user/.rvm/gems/ruby-2.6.3/gems/factory_bot-6.1.0/lib/factory_bot/strategy_syntax_method_registrar.rb:28:in `block in define_singular_strategy_method'[0m
      [36m# ./spec/system/after_login_spec.rb:7:in `block (2 levels) in <main>'[0m
      [36m# ------------------[0m
      [36m# --- Caused by: ---[0m
      [36m# KeyError:[0m
      [36m#   key not found: "wine"[0m
      [36m#   Did you mean?  "wines"[0m
      [36m#   /home/ec2-user/.rvm/gems/ruby-2.6.3/gems/factory_bot-6.1.0/lib/factory_bot/registry.rb:23:in `find'[0m

  43) ログイン後のテスト 自分のユーザ詳細画面のテスト サイドバーの確認 楽天API検索表示画面へのリンクが存在する
      [31mFailure/Error: [0mlet!([33m:wine[0m) { create([33m:wine[0m, [35muser[0m: user) }[0m
      [31m[0m
      [31mKeyError:[0m
      [31m  Factory not registered: "wine"[0m
      [31m  Did you mean?  "wines"[0m
      [36m# /home/ec2-user/.rvm/gems/ruby-2.6.3/gems/factory_bot-6.1.0/lib/factory_bot/registry.rb:23:in `find'[0m
      [36m# /home/ec2-user/.rvm/gems/ruby-2.6.3/gems/factory_bot-6.1.0/lib/factory_bot/decorator.rb:21:in `method_missing'[0m
      [36m# /home/ec2-user/.rvm/gems/ruby-2.6.3/gems/factory_bot-6.1.0/lib/factory_bot/internal.rb:70:in `factory_by_name'[0m
      [36m# /home/ec2-user/.rvm/gems/ruby-2.6.3/gems/factory_bot-6.1.0/lib/factory_bot/factory_runner.rb:12:in `run'[0m
      [36m# /home/ec2-user/.rvm/gems/ruby-2.6.3/gems/factory_bot-6.1.0/lib/factory_bot/strategy_syntax_method_registrar.rb:28:in `block in define_singular_strategy_method'[0m
      [36m# ./spec/system/after_login_spec.rb:7:in `block (2 levels) in <main>'[0m
      [36m# ------------------[0m
      [36m# --- Caused by: ---[0m
      [36m# KeyError:[0m
      [36m#   key not found: "wine"[0m
      [36m#   Did you mean?  "wines"[0m
      [36m#   /home/ec2-user/.rvm/gems/ruby-2.6.3/gems/factory_bot-6.1.0/lib/factory_bot/registry.rb:23:in `find'[0m

  44) ログイン後のテスト 自分のユーザ詳細画面のテスト サイドバーの確認 「NEW TASTING」と表示される
      [31mFailure/Error: [0mlet!([33m:wine[0m) { create([33m:wine[0m, [35muser[0m: user) }[0m
      [31m[0m
      [31mKeyError:[0m
      [31m  Factory not registered: "wine"[0m
      [31m  Did you mean?  "wines"[0m
      [36m# /home/ec2-user/.rvm/gems/ruby-2.6.3/gems/factory_bot-6.1.0/lib/factory_bot/registry.rb:23:in `find'[0m
      [36m# /home/ec2-user/.rvm/gems/ruby-2.6.3/gems/factory_bot-6.1.0/lib/factory_bot/decorator.rb:21:in `method_missing'[0m
      [36m# /home/ec2-user/.rvm/gems/ruby-2.6.3/gems/factory_bot-6.1.0/lib/factory_bot/internal.rb:70:in `factory_by_name'[0m
      [36m# /home/ec2-user/.rvm/gems/ruby-2.6.3/gems/factory_bot-6.1.0/lib/factory_bot/factory_runner.rb:12:in `run'[0m
      [36m# /home/ec2-user/.rvm/gems/ruby-2.6.3/gems/factory_bot-6.1.0/lib/factory_bot/strategy_syntax_method_registrar.rb:28:in `block in define_singular_strategy_method'[0m
      [36m# ./spec/system/after_login_spec.rb:7:in `block (2 levels) in <main>'[0m
      [36m# ------------------[0m
      [36m# --- Caused by: ---[0m
      [36m# KeyError:[0m
      [36m#   key not found: "wine"[0m
      [36m#   Did you mean?  "wines"[0m
      [36m#   /home/ec2-user/.rvm/gems/ruby-2.6.3/gems/factory_bot-6.1.0/lib/factory_bot/registry.rb:23:in `find'[0m

  45) ログイン後のテスト 自分のユーザ詳細画面のテスト サイドバーの確認 wine_nameフォームが表示される
      [31mFailure/Error: [0mlet!([33m:wine[0m) { create([33m:wine[0m, [35muser[0m: user) }[0m
      [31m[0m
      [31mKeyError:[0m
      [31m  Factory not registered: "wine"[0m
      [31m  Did you mean?  "wines"[0m
      [36m# /home/ec2-user/.rvm/gems/ruby-2.6.3/gems/factory_bot-6.1.0/lib/factory_bot/registry.rb:23:in `find'[0m
      [36m# /home/ec2-user/.rvm/gems/ruby-2.6.3/gems/factory_bot-6.1.0/lib/factory_bot/decorator.rb:21:in `method_missing'[0m
      [36m# /home/ec2-user/.rvm/gems/ruby-2.6.3/gems/factory_bot-6.1.0/lib/factory_bot/internal.rb:70:in `factory_by_name'[0m
      [36m# /home/ec2-user/.rvm/gems/ruby-2.6.3/gems/factory_bot-6.1.0/lib/factory_bot/factory_runner.rb:12:in `run'[0m
      [36m# /home/ec2-user/.rvm/gems/ruby-2.6.3/gems/factory_bot-6.1.0/lib/factory_bot/strategy_syntax_method_registrar.rb:28:in `block in define_singular_strategy_method'[0m
      [36m# ./spec/system/after_login_spec.rb:7:in `block (2 levels) in <main>'[0m
      [36m# ------------------[0m
      [36m# --- Caused by: ---[0m
      [36m# KeyError:[0m
      [36m#   key not found: "wine"[0m
      [36m#   Did you mean?  "wines"[0m
      [36m#   /home/ec2-user/.rvm/gems/ruby-2.6.3/gems/factory_bot-6.1.0/lib/factory_bot/registry.rb:23:in `find'[0m

  46) ログイン後のテスト 自分のユーザ詳細画面のテスト サイドバーの確認 wine_nameフォームに値が入っていない
      [31mFailure/Error: [0mlet!([33m:wine[0m) { create([33m:wine[0m, [35muser[0m: user) }[0m
      [31m[0m
      [31mKeyError:[0m
      [31m  Factory not registered: "wine"[0m
      [31m  Did you mean?  "wines"[0m
      [36m# /home/ec2-user/.rvm/gems/ruby-2.6.3/gems/factory_bot-6.1.0/lib/factory_bot/registry.rb:23:in `find'[0m
      [36m# /home/ec2-user/.rvm/gems/ruby-2.6.3/gems/factory_bot-6.1.0/lib/factory_bot/decorator.rb:21:in `method_missing'[0m
      [36m# /home/ec2-user/.rvm/gems/ruby-2.6.3/gems/factory_bot-6.1.0/lib/factory_bot/internal.rb:70:in `factory_by_name'[0m
      [36m# /home/ec2-user/.rvm/gems/ruby-2.6.3/gems/factory_bot-6.1.0/lib/factory_bot/factory_runner.rb:12:in `run'[0m
      [36m# /home/ec2-user/.rvm/gems/ruby-2.6.3/gems/factory_bot-6.1.0/lib/factory_bot/strategy_syntax_method_registrar.rb:28:in `block in define_singular_strategy_method'[0m
      [36m# ./spec/system/after_login_spec.rb:7:in `block (2 levels) in <main>'[0m
      [36m# ------------------[0m
      [36m# --- Caused by: ---[0m
      [36m# KeyError:[0m
      [36m#   key not found: "wine"[0m
      [36m#   Did you mean?  "wines"[0m
      [36m#   /home/ec2-user/.rvm/gems/ruby-2.6.3/gems/factory_bot-6.1.0/lib/factory_bot/registry.rb:23:in `find'[0m

  47) ログイン後のテスト 自分のユーザ詳細画面のテスト サイドバーの確認 投稿するボタンが表示される
      [31mFailure/Error: [0mlet!([33m:wine[0m) { create([33m:wine[0m, [35muser[0m: user) }[0m
      [31m[0m
      [31mKeyError:[0m
      [31m  Factory not registered: "wine"[0m
      [31m  Did you mean?  "wines"[0m
      [36m# /home/ec2-user/.rvm/gems/ruby-2.6.3/gems/factory_bot-6.1.0/lib/factory_bot/registry.rb:23:in `find'[0m
      [36m# /home/ec2-user/.rvm/gems/ruby-2.6.3/gems/factory_bot-6.1.0/lib/factory_bot/decorator.rb:21:in `method_missing'[0m
      [36m# /home/ec2-user/.rvm/gems/ruby-2.6.3/gems/factory_bot-6.1.0/lib/factory_bot/internal.rb:70:in `factory_by_name'[0m
      [36m# /home/ec2-user/.rvm/gems/ruby-2.6.3/gems/factory_bot-6.1.0/lib/factory_bot/factory_runner.rb:12:in `run'[0m
      [36m# /home/ec2-user/.rvm/gems/ruby-2.6.3/gems/factory_bot-6.1.0/lib/factory_bot/strategy_syntax_method_registrar.rb:28:in `block in define_singular_strategy_method'[0m
      [36m# ./spec/system/after_login_spec.rb:7:in `block (2 levels) in <main>'[0m
      [36m# ------------------[0m
      [36m# --- Caused by: ---[0m
      [36m# KeyError:[0m
      [36m#   key not found: "wine"[0m
      [36m#   Did you mean?  "wines"[0m
      [36m#   /home/ec2-user/.rvm/gems/ruby-2.6.3/gems/factory_bot-6.1.0/lib/factory_bot/registry.rb:23:in `find'[0m

  48) ログイン後のテスト 自分のユーザ情報編集画面のテスト 表示の確認 URLが正しい
      [31mFailure/Error: [0mlet!([33m:wine[0m) { create([33m:wine[0m, [35muser[0m: user) }[0m
      [31m[0m
      [31mKeyError:[0m
      [31m  Factory not registered: "wine"[0m
      [31m  Did you mean?  "wines"[0m
      [36m# /home/ec2-user/.rvm/gems/ruby-2.6.3/gems/factory_bot-6.1.0/lib/factory_bot/registry.rb:23:in `find'[0m
      [36m# /home/ec2-user/.rvm/gems/ruby-2.6.3/gems/factory_bot-6.1.0/lib/factory_bot/decorator.rb:21:in `method_missing'[0m
      [36m# /home/ec2-user/.rvm/gems/ruby-2.6.3/gems/factory_bot-6.1.0/lib/factory_bot/internal.rb:70:in `factory_by_name'[0m
      [36m# /home/ec2-user/.rvm/gems/ruby-2.6.3/gems/factory_bot-6.1.0/lib/factory_bot/factory_runner.rb:12:in `run'[0m
      [36m# /home/ec2-user/.rvm/gems/ruby-2.6.3/gems/factory_bot-6.1.0/lib/factory_bot/strategy_syntax_method_registrar.rb:28:in `block in define_singular_strategy_method'[0m
      [36m# ./spec/system/after_login_spec.rb:7:in `block (2 levels) in <main>'[0m
      [36m# ------------------[0m
      [36m# --- Caused by: ---[0m
      [36m# KeyError:[0m
      [36m#   key not found: "wine"[0m
      [36m#   Did you mean?  "wines"[0m
      [36m#   /home/ec2-user/.rvm/gems/ruby-2.6.3/gems/factory_bot-6.1.0/lib/factory_bot/registry.rb:23:in `find'[0m

  49) ログイン後のテスト 自分のユーザ情報編集画面のテスト 表示の確認 名前編集フォームに自分の名前が表示される
      [31mFailure/Error: [0mlet!([33m:wine[0m) { create([33m:wine[0m, [35muser[0m: user) }[0m
      [31m[0m
      [31mKeyError:[0m
      [31m  Factory not registered: "wine"[0m
      [31m  Did you mean?  "wines"[0m
      [36m# /home/ec2-user/.rvm/gems/ruby-2.6.3/gems/factory_bot-6.1.0/lib/factory_bot/registry.rb:23:in `find'[0m
      [36m# /home/ec2-user/.rvm/gems/ruby-2.6.3/gems/factory_bot-6.1.0/lib/factory_bot/decorator.rb:21:in `method_missing'[0m
      [36m# /home/ec2-user/.rvm/gems/ruby-2.6.3/gems/factory_bot-6.1.0/lib/factory_bot/internal.rb:70:in `factory_by_name'[0m
      [36m# /home/ec2-user/.rvm/gems/ruby-2.6.3/gems/factory_bot-6.1.0/lib/factory_bot/factory_runner.rb:12:in `run'[0m
      [36m# /home/ec2-user/.rvm/gems/ruby-2.6.3/gems/factory_bot-6.1.0/lib/factory_bot/strategy_syntax_method_registrar.rb:28:in `block in define_singular_strategy_method'[0m
      [36m# ./spec/system/after_login_spec.rb:7:in `block (2 levels) in <main>'[0m
      [36m# ------------------[0m
      [36m# --- Caused by: ---[0m
      [36m# KeyError:[0m
      [36m#   key not found: "wine"[0m
      [36m#   Did you mean?  "wines"[0m
      [36m#   /home/ec2-user/.rvm/gems/ruby-2.6.3/gems/factory_bot-6.1.0/lib/factory_bot/registry.rb:23:in `find'[0m

  50) ログイン後のテスト 自分のユーザ情報編集画面のテスト 表示の確認 画像編集フォームが表示される
      [31mFailure/Error: [0mlet!([33m:wine[0m) { create([33m:wine[0m, [35muser[0m: user) }[0m
      [31m[0m
      [31mKeyError:[0m
      [31m  Factory not registered: "wine"[0m
      [31m  Did you mean?  "wines"[0m
      [36m# /home/ec2-user/.rvm/gems/ruby-2.6.3/gems/factory_bot-6.1.0/lib/factory_bot/registry.rb:23:in `find'[0m
      [36m# /home/ec2-user/.rvm/gems/ruby-2.6.3/gems/factory_bot-6.1.0/lib/factory_bot/decorator.rb:21:in `method_missing'[0m
      [36m# /home/ec2-user/.rvm/gems/ruby-2.6.3/gems/factory_bot-6.1.0/lib/factory_bot/internal.rb:70:in `factory_by_name'[0m
      [36m# /home/ec2-user/.rvm/gems/ruby-2.6.3/gems/factory_bot-6.1.0/lib/factory_bot/factory_runner.rb:12:in `run'[0m
      [36m# /home/ec2-user/.rvm/gems/ruby-2.6.3/gems/factory_bot-6.1.0/lib/factory_bot/strategy_syntax_method_registrar.rb:28:in `block in define_singular_strategy_method'[0m
      [36m# ./spec/system/after_login_spec.rb:7:in `block (2 levels) in <main>'[0m
      [36m# ------------------[0m
      [36m# --- Caused by: ---[0m
      [36m# KeyError:[0m
      [36m#   key not found: "wine"[0m
      [36m#   Did you mean?  "wines"[0m
      [36m#   /home/ec2-user/.rvm/gems/ruby-2.6.3/gems/factory_bot-6.1.0/lib/factory_bot/registry.rb:23:in `find'[0m

  51) ログイン後のテスト 自分のユーザ情報編集画面のテスト 表示の確認 変更するボタンが表示される
      [31mFailure/Error: [0mlet!([33m:wine[0m) { create([33m:wine[0m, [35muser[0m: user) }[0m
      [31m[0m
      [31mKeyError:[0m
      [31m  Factory not registered: "wine"[0m
      [31m  Did you mean?  "wines"[0m
      [36m# /home/ec2-user/.rvm/gems/ruby-2.6.3/gems/factory_bot-6.1.0/lib/factory_bot/registry.rb:23:in `find'[0m
      [36m# /home/ec2-user/.rvm/gems/ruby-2.6.3/gems/factory_bot-6.1.0/lib/factory_bot/decorator.rb:21:in `method_missing'[0m
      [36m# /home/ec2-user/.rvm/gems/ruby-2.6.3/gems/factory_bot-6.1.0/lib/factory_bot/internal.rb:70:in `factory_by_name'[0m
      [36m# /home/ec2-user/.rvm/gems/ruby-2.6.3/gems/factory_bot-6.1.0/lib/factory_bot/factory_runner.rb:12:in `run'[0m
      [36m# /home/ec2-user/.rvm/gems/ruby-2.6.3/gems/factory_bot-6.1.0/lib/factory_bot/strategy_syntax_method_registrar.rb:28:in `block in define_singular_strategy_method'[0m
      [36m# ./spec/system/after_login_spec.rb:7:in `block (2 levels) in <main>'[0m
      [36m# ------------------[0m
      [36m# --- Caused by: ---[0m
      [36m# KeyError:[0m
      [36m#   key not found: "wine"[0m
      [36m#   Did you mean?  "wines"[0m
      [36m#   /home/ec2-user/.rvm/gems/ruby-2.6.3/gems/factory_bot-6.1.0/lib/factory_bot/registry.rb:23:in `find'[0m

  52) ログイン後のテスト 自分のユーザ情報編集画面のテスト 更新成功のテスト nameが正しく更新される
      [31mFailure/Error: [0mlet!([33m:wine[0m) { create([33m:wine[0m, [35muser[0m: user) }[0m
      [31m[0m
      [31mKeyError:[0m
      [31m  Factory not registered: "wine"[0m
      [31m  Did you mean?  "wines"[0m
      [36m# /home/ec2-user/.rvm/gems/ruby-2.6.3/gems/factory_bot-6.1.0/lib/factory_bot/registry.rb:23:in `find'[0m
      [36m# /home/ec2-user/.rvm/gems/ruby-2.6.3/gems/factory_bot-6.1.0/lib/factory_bot/decorator.rb:21:in `method_missing'[0m
      [36m# /home/ec2-user/.rvm/gems/ruby-2.6.3/gems/factory_bot-6.1.0/lib/factory_bot/internal.rb:70:in `factory_by_name'[0m
      [36m# /home/ec2-user/.rvm/gems/ruby-2.6.3/gems/factory_bot-6.1.0/lib/factory_bot/factory_runner.rb:12:in `run'[0m
      [36m# /home/ec2-user/.rvm/gems/ruby-2.6.3/gems/factory_bot-6.1.0/lib/factory_bot/strategy_syntax_method_registrar.rb:28:in `block in define_singular_strategy_method'[0m
      [36m# ./spec/system/after_login_spec.rb:7:in `block (2 levels) in <main>'[0m
      [36m# ------------------[0m
      [36m# --- Caused by: ---[0m
      [36m# KeyError:[0m
      [36m#   key not found: "wine"[0m
      [36m#   Did you mean?  "wines"[0m
      [36m#   /home/ec2-user/.rvm/gems/ruby-2.6.3/gems/factory_bot-6.1.0/lib/factory_bot/registry.rb:23:in `find'[0m

  53) ログイン後のテスト 自分のユーザ情報編集画面のテスト 更新成功のテスト リダイレクト先が、自分のユーザ詳細画面になっている
      [31mFailure/Error: [0mlet!([33m:wine[0m) { create([33m:wine[0m, [35muser[0m: user) }[0m
      [31m[0m
      [31mKeyError:[0m
      [31m  Factory not registered: "wine"[0m
      [31m  Did you mean?  "wines"[0m
      [36m# /home/ec2-user/.rvm/gems/ruby-2.6.3/gems/factory_bot-6.1.0/lib/factory_bot/registry.rb:23:in `find'[0m
      [36m# /home/ec2-user/.rvm/gems/ruby-2.6.3/gems/factory_bot-6.1.0/lib/factory_bot/decorator.rb:21:in `method_missing'[0m
      [36m# /home/ec2-user/.rvm/gems/ruby-2.6.3/gems/factory_bot-6.1.0/lib/factory_bot/internal.rb:70:in `factory_by_name'[0m
      [36m# /home/ec2-user/.rvm/gems/ruby-2.6.3/gems/factory_bot-6.1.0/lib/factory_bot/factory_runner.rb:12:in `run'[0m
      [36m# /home/ec2-user/.rvm/gems/ruby-2.6.3/gems/factory_bot-6.1.0/lib/factory_bot/strategy_syntax_method_registrar.rb:28:in `block in define_singular_strategy_method'[0m
      [36m# ./spec/system/after_login_spec.rb:7:in `block (2 levels) in <main>'[0m
      [36m# ------------------[0m
      [36m# --- Caused by: ---[0m
      [36m# KeyError:[0m
      [36m#   key not found: "wine"[0m
      [36m#   Did you mean?  "wines"[0m
      [36m#   /home/ec2-user/.rvm/gems/ruby-2.6.3/gems/factory_bot-6.1.0/lib/factory_bot/registry.rb:23:in `find'[0m

  54) ログイン前のテスト トップ画面のテスト 表示内容の確認 URLが正しい
      [31mGot 0 failures and 2 other errors:[0m

      54.1) [31mFailure/Error: [0mvisit root_path[0m
            [31m[0m
            [31mLoadError:[0m
            [31m  Capybara's selenium driver is unable to load `selenium-webdriver`, please install the gem and add `gem 'selenium-webdriver'` to your Gemfile if you are using bundler.[0m
            [36m# /home/ec2-user/.rvm/gems/ruby-2.6.3/gems/capybara-3.35.3/lib/capybara/selenium/driver.rb:54:in `rescue in load_selenium'[0m
            [36m# /home/ec2-user/.rvm/gems/ruby-2.6.3/gems/capybara-3.35.3/lib/capybara/selenium/driver.rb:22:in `load_selenium'[0m
            [36m# /home/ec2-user/.rvm/gems/ruby-2.6.3/gems/capybara-3.35.3/lib/capybara/selenium/driver.rb:94:in `initialize'[0m
            [36m# /home/ec2-user/.rvm/gems/ruby-2.6.3/gems/capybara-3.35.3/lib/capybara/session.rb:104:in `driver'[0m
            [36m# /home/ec2-user/.rvm/gems/ruby-2.6.3/gems/capybara-3.35.3/lib/capybara/session.rb:90:in `initialize'[0m
            [36m# /home/ec2-user/.rvm/gems/ruby-2.6.3/gems/capybara-3.35.3/lib/capybara.rb:424:in `new'[0m
            [36m# /home/ec2-user/.rvm/gems/ruby-2.6.3/gems/capybara-3.35.3/lib/capybara.rb:424:in `block in session_pool'[0m
            [36m# /home/ec2-user/.rvm/gems/ruby-2.6.3/gems/capybara-3.35.3/lib/capybara.rb:315:in `current_session'[0m
            [36m# /home/ec2-user/.rvm/gems/ruby-2.6.3/gems/capybara-3.35.3/lib/capybara/dsl.rb:46:in `page'[0m
            [36m# /home/ec2-user/.rvm/gems/ruby-2.6.3/gems/capybara-3.35.3/lib/capybara/dsl.rb:58:in `block (2 levels) in <module:DSL>'[0m
            [36m# ./spec/system/before_login_spec.rb:6:in `block (3 levels) in <main>'[0m
            [36m# ------------------[0m
            [36m# --- Caused by: ---[0m
            [36m# LoadError:[0m
            [36m#   cannot load such file -- selenium-webdriver[0m
            [36m#   /home/ec2-user/.rvm/gems/ruby-2.6.3/gems/bootsnap-1.7.3/lib/bootsnap/load_path_cache/core_ext/kernel_require.rb:34:in `require'[0m

      54.2) [31mFailure/Error: [0mraise [1;34;4mLoadError[0m, [31m[1;31m"[0m[31mCapybara's selenium driver is unable to load `selenium-webdriver`, please install the gem and add `gem 'selenium-webdriver'` to your Gemfile if you are using bundler.[1;31m"[0m[31m[0m[0m
            [31m[0m
            [31mLoadError:[0m
            [31m  Capybara's selenium driver is unable to load `selenium-webdriver`, please install the gem and add `gem 'selenium-webdriver'` to your Gemfile if you are using bundler.[0m
            [36m# /home/ec2-user/.rvm/gems/ruby-2.6.3/gems/capybara-3.35.3/lib/capybara/selenium/driver.rb:54:in `rescue in load_selenium'[0m
            [36m# /home/ec2-user/.rvm/gems/ruby-2.6.3/gems/capybara-3.35.3/lib/capybara/selenium/driver.rb:22:in `load_selenium'[0m
            [36m# /home/ec2-user/.rvm/gems/ruby-2.6.3/gems/capybara-3.35.3/lib/capybara/selenium/driver.rb:94:in `initialize'[0m
            [36m# /home/ec2-user/.rvm/gems/ruby-2.6.3/gems/capybara-3.35.3/lib/capybara/session.rb:104:in `driver'[0m
            [36m# /home/ec2-user/.rvm/gems/ruby-2.6.3/gems/capybara-3.35.3/lib/capybara/session.rb:90:in `initialize'[0m
            [36m# /home/ec2-user/.rvm/gems/ruby-2.6.3/gems/capybara-3.35.3/lib/capybara.rb:424:in `new'[0m
            [36m# /home/ec2-user/.rvm/gems/ruby-2.6.3/gems/capybara-3.35.3/lib/capybara.rb:424:in `block in session_pool'[0m
            [36m# /home/ec2-user/.rvm/gems/ruby-2.6.3/gems/capybara-3.35.3/lib/capybara.rb:315:in `current_session'[0m
            [36m# /home/ec2-user/.rvm/gems/ruby-2.6.3/gems/capybara-3.35.3/lib/capybara/dsl.rb:46:in `page'[0m
            [36m# ------------------[0m
            [36m# --- Caused by: ---[0m
            [36m# LoadError:[0m
            [36m#   cannot load such file -- selenium-webdriver[0m
            [36m#   /home/ec2-user/.rvm/gems/ruby-2.6.3/gems/bootsnap-1.7.3/lib/bootsnap/load_path_cache/core_ext/kernel_require.rb:34:in `require'[0m

  55) ログイン前のテスト トップ画面のテスト 表示内容の確認 Sign Upリンクが表示される: 左上から3番目のリンクが「Sign Up」である
      [31mGot 0 failures and 2 other errors:[0m

      55.1) [31mFailure/Error: [0mvisit root_path[0m
            [31m[0m
            [31mLoadError:[0m
            [31m  Capybara's selenium driver is unable to load `selenium-webdriver`, please install the gem and add `gem 'selenium-webdriver'` to your Gemfile if you are using bundler.[0m
            [36m# /home/ec2-user/.rvm/gems/ruby-2.6.3/gems/capybara-3.35.3/lib/capybara/selenium/driver.rb:54:in `rescue in load_selenium'[0m
            [36m# /home/ec2-user/.rvm/gems/ruby-2.6.3/gems/capybara-3.35.3/lib/capybara/selenium/driver.rb:22:in `load_selenium'[0m
            [36m# /home/ec2-user/.rvm/gems/ruby-2.6.3/gems/capybara-3.35.3/lib/capybara/selenium/driver.rb:94:in `initialize'[0m
            [36m# /home/ec2-user/.rvm/gems/ruby-2.6.3/gems/capybara-3.35.3/lib/capybara/session.rb:104:in `driver'[0m
            [36m# /home/ec2-user/.rvm/gems/ruby-2.6.3/gems/capybara-3.35.3/lib/capybara/session.rb:90:in `initialize'[0m
            [36m# /home/ec2-user/.rvm/gems/ruby-2.6.3/gems/capybara-3.35.3/lib/capybara.rb:424:in `new'[0m
            [36m# /home/ec2-user/.rvm/gems/ruby-2.6.3/gems/capybara-3.35.3/lib/capybara.rb:424:in `block in session_pool'[0m
            [36m# /home/ec2-user/.rvm/gems/ruby-2.6.3/gems/capybara-3.35.3/lib/capybara.rb:315:in `current_session'[0m
            [36m# /home/ec2-user/.rvm/gems/ruby-2.6.3/gems/capybara-3.35.3/lib/capybara/dsl.rb:46:in `page'[0m
            [36m# /home/ec2-user/.rvm/gems/ruby-2.6.3/gems/capybara-3.35.3/lib/capybara/dsl.rb:58:in `block (2 levels) in <module:DSL>'[0m
            [36m# ./spec/system/before_login_spec.rb:6:in `block (3 levels) in <main>'[0m
            [36m# ------------------[0m
            [36m# --- Caused by: ---[0m
            [36m# LoadError:[0m
            [36m#   cannot load such file -- selenium-webdriver[0m
            [36m#   /home/ec2-user/.rvm/gems/ruby-2.6.3/gems/bootsnap-1.7.3/lib/bootsnap/load_path_cache/core_ext/kernel_require.rb:34:in `require'[0m

      55.2) [31mFailure/Error: [0mraise [1;34;4mLoadError[0m, [31m[1;31m"[0m[31mCapybara's selenium driver is unable to load `selenium-webdriver`, please install the gem and add `gem 'selenium-webdriver'` to your Gemfile if you are using bundler.[1;31m"[0m[31m[0m[0m
            [31m[0m
            [31mLoadError:[0m
            [31m  Capybara's selenium driver is unable to load `selenium-webdriver`, please install the gem and add `gem 'selenium-webdriver'` to your Gemfile if you are using bundler.[0m
            [36m# /home/ec2-user/.rvm/gems/ruby-2.6.3/gems/capybara-3.35.3/lib/capybara/selenium/driver.rb:54:in `rescue in load_selenium'[0m
            [36m# /home/ec2-user/.rvm/gems/ruby-2.6.3/gems/capybara-3.35.3/lib/capybara/selenium/driver.rb:22:in `load_selenium'[0m
            [36m# /home/ec2-user/.rvm/gems/ruby-2.6.3/gems/capybara-3.35.3/lib/capybara/selenium/driver.rb:94:in `initialize'[0m
            [36m# /home/ec2-user/.rvm/gems/ruby-2.6.3/gems/capybara-3.35.3/lib/capybara/session.rb:104:in `driver'[0m
            [36m# /home/ec2-user/.rvm/gems/ruby-2.6.3/gems/capybara-3.35.3/lib/capybara/session.rb:90:in `initialize'[0m
            [36m# /home/ec2-user/.rvm/gems/ruby-2.6.3/gems/capybara-3.35.3/lib/capybara.rb:424:in `new'[0m
            [36m# /home/ec2-user/.rvm/gems/ruby-2.6.3/gems/capybara-3.35.3/lib/capybara.rb:424:in `block in session_pool'[0m
            [36m# /home/ec2-user/.rvm/gems/ruby-2.6.3/gems/capybara-3.35.3/lib/capybara.rb:315:in `current_session'[0m
            [36m# /home/ec2-user/.rvm/gems/ruby-2.6.3/gems/capybara-3.35.3/lib/capybara/dsl.rb:46:in `page'[0m
            [36m# ------------------[0m
            [36m# --- Caused by: ---[0m
            [36m# LoadError:[0m
            [36m#   cannot load such file -- selenium-webdriver[0m
            [36m#   /home/ec2-user/.rvm/gems/ruby-2.6.3/gems/bootsnap-1.7.3/lib/bootsnap/load_path_cache/core_ext/kernel_require.rb:34:in `require'[0m

  56) ログイン前のテスト トップ画面のテスト 表示内容の確認 Sign Upリンクの内容が正しい
      [31mGot 0 failures and 2 other errors:[0m

      56.1) [31mFailure/Error: [0mvisit root_path[0m
            [31m[0m
            [31mLoadError:[0m
            [31m  Capybara's selenium driver is unable to load `selenium-webdriver`, please install the gem and add `gem 'selenium-webdriver'` to your Gemfile if you are using bundler.[0m
            [36m# /home/ec2-user/.rvm/gems/ruby-2.6.3/gems/capybara-3.35.3/lib/capybara/selenium/driver.rb:54:in `rescue in load_selenium'[0m
            [36m# /home/ec2-user/.rvm/gems/ruby-2.6.3/gems/capybara-3.35.3/lib/capybara/selenium/driver.rb:22:in `load_selenium'[0m
            [36m# /home/ec2-user/.rvm/gems/ruby-2.6.3/gems/capybara-3.35.3/lib/capybara/selenium/driver.rb:94:in `initialize'[0m
            [36m# /home/ec2-user/.rvm/gems/ruby-2.6.3/gems/capybara-3.35.3/lib/capybara/session.rb:104:in `driver'[0m
            [36m# /home/ec2-user/.rvm/gems/ruby-2.6.3/gems/capybara-3.35.3/lib/capybara/session.rb:90:in `initialize'[0m
            [36m# /home/ec2-user/.rvm/gems/ruby-2.6.3/gems/capybara-3.35.3/lib/capybara.rb:424:in `new'[0m
            [36m# /home/ec2-user/.rvm/gems/ruby-2.6.3/gems/capybara-3.35.3/lib/capybara.rb:424:in `block in session_pool'[0m
            [36m# /home/ec2-user/.rvm/gems/ruby-2.6.3/gems/capybara-3.35.3/lib/capybara.rb:315:in `current_session'[0m
            [36m# /home/ec2-user/.rvm/gems/ruby-2.6.3/gems/capybara-3.35.3/lib/capybara/dsl.rb:46:in `page'[0m
            [36m# /home/ec2-user/.rvm/gems/ruby-2.6.3/gems/capybara-3.35.3/lib/capybara/dsl.rb:58:in `block (2 levels) in <module:DSL>'[0m
            [36m# ./spec/system/before_login_spec.rb:6:in `block (3 levels) in <main>'[0m
            [36m# ------------------[0m
            [36m# --- Caused by: ---[0m
            [36m# LoadError:[0m
            [36m#   cannot load such file -- selenium-webdriver[0m
            [36m#   /home/ec2-user/.rvm/gems/ruby-2.6.3/gems/bootsnap-1.7.3/lib/bootsnap/load_path_cache/core_ext/kernel_require.rb:34:in `require'[0m

      56.2) [31mFailure/Error: [0mraise [1;34;4mLoadError[0m, [31m[1;31m"[0m[31mCapybara's selenium driver is unable to load `selenium-webdriver`, please install the gem and add `gem 'selenium-webdriver'` to your Gemfile if you are using bundler.[1;31m"[0m[31m[0m[0m
            [31m[0m
            [31mLoadError:[0m
            [31m  Capybara's selenium driver is unable to load `selenium-webdriver`, please install the gem and add `gem 'selenium-webdriver'` to your Gemfile if you are using bundler.[0m
            [36m# /home/ec2-user/.rvm/gems/ruby-2.6.3/gems/capybara-3.35.3/lib/capybara/selenium/driver.rb:54:in `rescue in load_selenium'[0m
            [36m# /home/ec2-user/.rvm/gems/ruby-2.6.3/gems/capybara-3.35.3/lib/capybara/selenium/driver.rb:22:in `load_selenium'[0m
            [36m# /home/ec2-user/.rvm/gems/ruby-2.6.3/gems/capybara-3.35.3/lib/capybara/selenium/driver.rb:94:in `initialize'[0m
            [36m# /home/ec2-user/.rvm/gems/ruby-2.6.3/gems/capybara-3.35.3/lib/capybara/session.rb:104:in `driver'[0m
            [36m# /home/ec2-user/.rvm/gems/ruby-2.6.3/gems/capybara-3.35.3/lib/capybara/session.rb:90:in `initialize'[0m
            [36m# /home/ec2-user/.rvm/gems/ruby-2.6.3/gems/capybara-3.35.3/lib/capybara.rb:424:in `new'[0m
            [36m# /home/ec2-user/.rvm/gems/ruby-2.6.3/gems/capybara-3.35.3/lib/capybara.rb:424:in `block in session_pool'[0m
            [36m# /home/ec2-user/.rvm/gems/ruby-2.6.3/gems/capybara-3.35.3/lib/capybara.rb:315:in `current_session'[0m
            [36m# /home/ec2-user/.rvm/gems/ruby-2.6.3/gems/capybara-3.35.3/lib/capybara/dsl.rb:46:in `page'[0m
            [36m# ------------------[0m
            [36m# --- Caused by: ---[0m
            [36m# LoadError:[0m
            [36m#   cannot load such file -- selenium-webdriver[0m
            [36m#   /home/ec2-user/.rvm/gems/ruby-2.6.3/gems/bootsnap-1.7.3/lib/bootsnap/load_path_cache/core_ext/kernel_require.rb:34:in `require'[0m

  57) ログイン前のテスト トップ画面のテスト 表示内容の確認 Log inリンクが表示される: 左上から4番目のリンクが「Log in」である
      [31mGot 0 failures and 2 other errors:[0m

      57.1) [31mFailure/Error: [0mvisit root_path[0m
            [31m[0m
            [31mLoadError:[0m
            [31m  Capybara's selenium driver is unable to load `selenium-webdriver`, please install the gem and add `gem 'selenium-webdriver'` to your Gemfile if you are using bundler.[0m
            [36m# /home/ec2-user/.rvm/gems/ruby-2.6.3/gems/capybara-3.35.3/lib/capybara/selenium/driver.rb:54:in `rescue in load_selenium'[0m
            [36m# /home/ec2-user/.rvm/gems/ruby-2.6.3/gems/capybara-3.35.3/lib/capybara/selenium/driver.rb:22:in `load_selenium'[0m
            [36m# /home/ec2-user/.rvm/gems/ruby-2.6.3/gems/capybara-3.35.3/lib/capybara/selenium/driver.rb:94:in `initialize'[0m
            [36m# /home/ec2-user/.rvm/gems/ruby-2.6.3/gems/capybara-3.35.3/lib/capybara/session.rb:104:in `driver'[0m
            [36m# /home/ec2-user/.rvm/gems/ruby-2.6.3/gems/capybara-3.35.3/lib/capybara/session.rb:90:in `initialize'[0m
            [36m# /home/ec2-user/.rvm/gems/ruby-2.6.3/gems/capybara-3.35.3/lib/capybara.rb:424:in `new'[0m
            [36m# /home/ec2-user/.rvm/gems/ruby-2.6.3/gems/capybara-3.35.3/lib/capybara.rb:424:in `block in session_pool'[0m
            [36m# /home/ec2-user/.rvm/gems/ruby-2.6.3/gems/capybara-3.35.3/lib/capybara.rb:315:in `current_session'[0m
            [36m# /home/ec2-user/.rvm/gems/ruby-2.6.3/gems/capybara-3.35.3/lib/capybara/dsl.rb:46:in `page'[0m
            [36m# /home/ec2-user/.rvm/gems/ruby-2.6.3/gems/capybara-3.35.3/lib/capybara/dsl.rb:58:in `block (2 levels) in <module:DSL>'[0m
            [36m# ./spec/system/before_login_spec.rb:6:in `block (3 levels) in <main>'[0m
            [36m# ------------------[0m
            [36m# --- Caused by: ---[0m
            [36m# LoadError:[0m
            [36m#   cannot load such file -- selenium-webdriver[0m
            [36m#   /home/ec2-user/.rvm/gems/ruby-2.6.3/gems/bootsnap-1.7.3/lib/bootsnap/load_path_cache/core_ext/kernel_require.rb:34:in `require'[0m

      57.2) [31mFailure/Error: [0mraise [1;34;4mLoadError[0m, [31m[1;31m"[0m[31mCapybara's selenium driver is unable to load `selenium-webdriver`, please install the gem and add `gem 'selenium-webdriver'` to your Gemfile if you are using bundler.[1;31m"[0m[31m[0m[0m
            [31m[0m
            [31mLoadError:[0m
            [31m  Capybara's selenium driver is unable to load `selenium-webdriver`, please install the gem and add `gem 'selenium-webdriver'` to your Gemfile if you are using bundler.[0m
            [36m# /home/ec2-user/.rvm/gems/ruby-2.6.3/gems/capybara-3.35.3/lib/capybara/selenium/driver.rb:54:in `rescue in load_selenium'[0m
            [36m# /home/ec2-user/.rvm/gems/ruby-2.6.3/gems/capybara-3.35.3/lib/capybara/selenium/driver.rb:22:in `load_selenium'[0m
            [36m# /home/ec2-user/.rvm/gems/ruby-2.6.3/gems/capybara-3.35.3/lib/capybara/selenium/driver.rb:94:in `initialize'[0m
            [36m# /home/ec2-user/.rvm/gems/ruby-2.6.3/gems/capybara-3.35.3/lib/capybara/session.rb:104:in `driver'[0m
            [36m# /home/ec2-user/.rvm/gems/ruby-2.6.3/gems/capybara-3.35.3/lib/capybara/session.rb:90:in `initialize'[0m
            [36m# /home/ec2-user/.rvm/gems/ruby-2.6.3/gems/capybara-3.35.3/lib/capybara.rb:424:in `new'[0m
            [36m# /home/ec2-user/.rvm/gems/ruby-2.6.3/gems/capybara-3.35.3/lib/capybara.rb:424:in `block in session_pool'[0m
            [36m# /home/ec2-user/.rvm/gems/ruby-2.6.3/gems/capybara-3.35.3/lib/capybara.rb:315:in `current_session'[0m
            [36m# /home/ec2-user/.rvm/gems/ruby-2.6.3/gems/capybara-3.35.3/lib/capybara/dsl.rb:46:in `page'[0m
            [36m# ------------------[0m
            [36m# --- Caused by: ---[0m
            [36m# LoadError:[0m
            [36m#   cannot load such file -- selenium-webdriver[0m
            [36m#   /home/ec2-user/.rvm/gems/ruby-2.6.3/gems/bootsnap-1.7.3/lib/bootsnap/load_path_cache/core_ext/kernel_require.rb:34:in `require'[0m

  58) ログイン前のテスト トップ画面のテスト 表示内容の確認 Log inリンクの内容が正しい
      [31mGot 0 failures and 2 other errors:[0m

      58.1) [31mFailure/Error: [0mvisit root_path[0m
            [31m[0m
            [31mLoadError:[0m
            [31m  Capybara's selenium driver is unable to load `selenium-webdriver`, please install the gem and add `gem 'selenium-webdriver'` to your Gemfile if you are using bundler.[0m
            [36m# /home/ec2-user/.rvm/gems/ruby-2.6.3/gems/capybara-3.35.3/lib/capybara/selenium/driver.rb:54:in `rescue in load_selenium'[0m
            [36m# /home/ec2-user/.rvm/gems/ruby-2.6.3/gems/capybara-3.35.3/lib/capybara/selenium/driver.rb:22:in `load_selenium'[0m
            [36m# /home/ec2-user/.rvm/gems/ruby-2.6.3/gems/capybara-3.35.3/lib/capybara/selenium/driver.rb:94:in `initialize'[0m
            [36m# /home/ec2-user/.rvm/gems/ruby-2.6.3/gems/capybara-3.35.3/lib/capybara/session.rb:104:in `driver'[0m
            [36m# /home/ec2-user/.rvm/gems/ruby-2.6.3/gems/capybara-3.35.3/lib/capybara/session.rb:90:in `initialize'[0m
            [36m# /home/ec2-user/.rvm/gems/ruby-2.6.3/gems/capybara-3.35.3/lib/capybara.rb:424:in `new'[0m
            [36m# /home/ec2-user/.rvm/gems/ruby-2.6.3/gems/capybara-3.35.3/lib/capybara.rb:424:in `block in session_pool'[0m
            [36m# /home/ec2-user/.rvm/gems/ruby-2.6.3/gems/capybara-3.35.3/lib/capybara.rb:315:in `current_session'[0m
            [36m# /home/ec2-user/.rvm/gems/ruby-2.6.3/gems/capybara-3.35.3/lib/capybara/dsl.rb:46:in `page'[0m
            [36m# /home/ec2-user/.rvm/gems/ruby-2.6.3/gems/capybara-3.35.3/lib/capybara/dsl.rb:58:in `block (2 levels) in <module:DSL>'[0m
            [36m# ./spec/system/before_login_spec.rb:6:in `block (3 levels) in <main>'[0m
            [36m# ------------------[0m
            [36m# --- Caused by: ---[0m
            [36m# LoadError:[0m
            [36m#   cannot load such file -- selenium-webdriver[0m
            [36m#   /home/ec2-user/.rvm/gems/ruby-2.6.3/gems/bootsnap-1.7.3/lib/bootsnap/load_path_cache/core_ext/kernel_require.rb:34:in `require'[0m

      58.2) [31mFailure/Error: [0mraise [1;34;4mLoadError[0m, [31m[1;31m"[0m[31mCapybara's selenium driver is unable to load `selenium-webdriver`, please install the gem and add `gem 'selenium-webdriver'` to your Gemfile if you are using bundler.[1;31m"[0m[31m[0m[0m
            [31m[0m
            [31mLoadError:[0m
            [31m  Capybara's selenium driver is unable to load `selenium-webdriver`, please install the gem and add `gem 'selenium-webdriver'` to your Gemfile if you are using bundler.[0m
            [36m# /home/ec2-user/.rvm/gems/ruby-2.6.3/gems/capybara-3.35.3/lib/capybara/selenium/driver.rb:54:in `rescue in load_selenium'[0m
            [36m# /home/ec2-user/.rvm/gems/ruby-2.6.3/gems/capybara-3.35.3/lib/capybara/selenium/driver.rb:22:in `load_selenium'[0m
            [36m# /home/ec2-user/.rvm/gems/ruby-2.6.3/gems/capybara-3.35.3/lib/capybara/selenium/driver.rb:94:in `initialize'[0m
            [36m# /home/ec2-user/.rvm/gems/ruby-2.6.3/gems/capybara-3.35.3/lib/capybara/session.rb:104:in `driver'[0m
            [36m# /home/ec2-user/.rvm/gems/ruby-2.6.3/gems/capybara-3.35.3/lib/capybara/session.rb:90:in `initialize'[0m
            [36m# /home/ec2-user/.rvm/gems/ruby-2.6.3/gems/capybara-3.35.3/lib/capybara.rb:424:in `new'[0m
            [36m# /home/ec2-user/.rvm/gems/ruby-2.6.3/gems/capybara-3.35.3/lib/capybara.rb:424:in `block in session_pool'[0m
            [36m# /home/ec2-user/.rvm/gems/ruby-2.6.3/gems/capybara-3.35.3/lib/capybara.rb:315:in `current_session'[0m
            [36m# /home/ec2-user/.rvm/gems/ruby-2.6.3/gems/capybara-3.35.3/lib/capybara/dsl.rb:46:in `page'[0m
            [36m# ------------------[0m
            [36m# --- Caused by: ---[0m
            [36m# LoadError:[0m
            [36m#   cannot load such file -- selenium-webdriver[0m
            [36m#   /home/ec2-user/.rvm/gems/ruby-2.6.3/gems/bootsnap-1.7.3/lib/bootsnap/load_path_cache/core_ext/kernel_require.rb:34:in `require'[0m

  59) ログイン前のテスト ヘッダーのテスト: ログインしていない場合 表示内容の確認 タイトルが表示される
      [31mGot 0 failures and 2 other errors:[0m

      59.1) [31mFailure/Error: [0mvisit root_path[0m
            [31m[0m
            [31mLoadError:[0m
            [31m  Capybara's selenium driver is unable to load `selenium-webdriver`, please install the gem and add `gem 'selenium-webdriver'` to your Gemfile if you are using bundler.[0m
            [36m# /home/ec2-user/.rvm/gems/ruby-2.6.3/gems/capybara-3.35.3/lib/capybara/selenium/driver.rb:54:in `rescue in load_selenium'[0m
            [36m# /home/ec2-user/.rvm/gems/ruby-2.6.3/gems/capybara-3.35.3/lib/capybara/selenium/driver.rb:22:in `load_selenium'[0m
            [36m# /home/ec2-user/.rvm/gems/ruby-2.6.3/gems/capybara-3.35.3/lib/capybara/selenium/driver.rb:94:in `initialize'[0m
            [36m# /home/ec2-user/.rvm/gems/ruby-2.6.3/gems/capybara-3.35.3/lib/capybara/session.rb:104:in `driver'[0m
            [36m# /home/ec2-user/.rvm/gems/ruby-2.6.3/gems/capybara-3.35.3/lib/capybara/session.rb:90:in `initialize'[0m
            [36m# /home/ec2-user/.rvm/gems/ruby-2.6.3/gems/capybara-3.35.3/lib/capybara.rb:424:in `new'[0m
            [36m# /home/ec2-user/.rvm/gems/ruby-2.6.3/gems/capybara-3.35.3/lib/capybara.rb:424:in `block in session_pool'[0m
            [36m# /home/ec2-user/.rvm/gems/ruby-2.6.3/gems/capybara-3.35.3/lib/capybara.rb:315:in `current_session'[0m
            [36m# /home/ec2-user/.rvm/gems/ruby-2.6.3/gems/capybara-3.35.3/lib/capybara/dsl.rb:46:in `page'[0m
            [36m# /home/ec2-user/.rvm/gems/ruby-2.6.3/gems/capybara-3.35.3/lib/capybara/dsl.rb:58:in `block (2 levels) in <module:DSL>'[0m
            [36m# ./spec/system/before_login_spec.rb:34:in `block (3 levels) in <main>'[0m
            [36m# ------------------[0m
            [36m# --- Caused by: ---[0m
            [36m# LoadError:[0m
            [36m#   cannot load such file -- selenium-webdriver[0m
            [36m#   /home/ec2-user/.rvm/gems/ruby-2.6.3/gems/bootsnap-1.7.3/lib/bootsnap/load_path_cache/core_ext/kernel_require.rb:34:in `require'[0m

      59.2) [31mFailure/Error: [0mraise [1;34;4mLoadError[0m, [31m[1;31m"[0m[31mCapybara's selenium driver is unable to load `selenium-webdriver`, please install the gem and add `gem 'selenium-webdriver'` to your Gemfile if you are using bundler.[1;31m"[0m[31m[0m[0m
            [31m[0m
            [31mLoadError:[0m
            [31m  Capybara's selenium driver is unable to load `selenium-webdriver`, please install the gem and add `gem 'selenium-webdriver'` to your Gemfile if you are using bundler.[0m
            [36m# /home/ec2-user/.rvm/gems/ruby-2.6.3/gems/capybara-3.35.3/lib/capybara/selenium/driver.rb:54:in `rescue in load_selenium'[0m
            [36m# /home/ec2-user/.rvm/gems/ruby-2.6.3/gems/capybara-3.35.3/lib/capybara/selenium/driver.rb:22:in `load_selenium'[0m
            [36m# /home/ec2-user/.rvm/gems/ruby-2.6.3/gems/capybara-3.35.3/lib/capybara/selenium/driver.rb:94:in `initialize'[0m
            [36m# /home/ec2-user/.rvm/gems/ruby-2.6.3/gems/capybara-3.35.3/lib/capybara/session.rb:104:in `driver'[0m
            [36m# /home/ec2-user/.rvm/gems/ruby-2.6.3/gems/capybara-3.35.3/lib/capybara/session.rb:90:in `initialize'[0m
            [36m# /home/ec2-user/.rvm/gems/ruby-2.6.3/gems/capybara-3.35.3/lib/capybara.rb:424:in `new'[0m
            [36m# /home/ec2-user/.rvm/gems/ruby-2.6.3/gems/capybara-3.35.3/lib/capybara.rb:424:in `block in session_pool'[0m
            [36m# /home/ec2-user/.rvm/gems/ruby-2.6.3/gems/capybara-3.35.3/lib/capybara.rb:315:in `current_session'[0m
            [36m# /home/ec2-user/.rvm/gems/ruby-2.6.3/gems/capybara-3.35.3/lib/capybara/dsl.rb:46:in `page'[0m
            [36m# ------------------[0m
            [36m# --- Caused by: ---[0m
            [36m# LoadError:[0m
            [36m#   cannot load such file -- selenium-webdriver[0m
            [36m#   /home/ec2-user/.rvm/gems/ruby-2.6.3/gems/bootsnap-1.7.3/lib/bootsnap/load_path_cache/core_ext/kernel_require.rb:34:in `require'[0m

  60) ログイン前のテスト ヘッダーのテスト: ログインしていない場合 表示内容の確認 Homeリンクが表示される: 左上から1番目のリンクが「Home」である
      [31mGot 0 failures and 2 other errors:[0m

      60.1) [31mFailure/Error: [0mvisit root_path[0m
            [31m[0m
            [31mLoadError:[0m
            [31m  Capybara's selenium driver is unable to load `selenium-webdriver`, please install the gem and add `gem 'selenium-webdriver'` to your Gemfile if you are using bundler.[0m
            [36m# /home/ec2-user/.rvm/gems/ruby-2.6.3/gems/capybara-3.35.3/lib/capybara/selenium/driver.rb:54:in `rescue in load_selenium'[0m
            [36m# /home/ec2-user/.rvm/gems/ruby-2.6.3/gems/capybara-3.35.3/lib/capybara/selenium/driver.rb:22:in `load_selenium'[0m
            [36m# /home/ec2-user/.rvm/gems/ruby-2.6.3/gems/capybara-3.35.3/lib/capybara/selenium/driver.rb:94:in `initialize'[0m
            [36m# /home/ec2-user/.rvm/gems/ruby-2.6.3/gems/capybara-3.35.3/lib/capybara/session.rb:104:in `driver'[0m
            [36m# /home/ec2-user/.rvm/gems/ruby-2.6.3/gems/capybara-3.35.3/lib/capybara/session.rb:90:in `initialize'[0m
            [36m# /home/ec2-user/.rvm/gems/ruby-2.6.3/gems/capybara-3.35.3/lib/capybara.rb:424:in `new'[0m
            [36m# /home/ec2-user/.rvm/gems/ruby-2.6.3/gems/capybara-3.35.3/lib/capybara.rb:424:in `block in session_pool'[0m
            [36m# /home/ec2-user/.rvm/gems/ruby-2.6.3/gems/capybara-3.35.3/lib/capybara.rb:315:in `current_session'[0m
            [36m# /home/ec2-user/.rvm/gems/ruby-2.6.3/gems/capybara-3.35.3/lib/capybara/dsl.rb:46:in `page'[0m
            [36m# /home/ec2-user/.rvm/gems/ruby-2.6.3/gems/capybara-3.35.3/lib/capybara/dsl.rb:58:in `block (2 levels) in <module:DSL>'[0m
            [36m# ./spec/system/before_login_spec.rb:34:in `block (3 levels) in <main>'[0m
            [36m# ------------------[0m
            [36m# --- Caused by: ---[0m
            [36m# LoadError:[0m
            [36m#   cannot load such file -- selenium-webdriver[0m
            [36m#   /home/ec2-user/.rvm/gems/ruby-2.6.3/gems/bootsnap-1.7.3/lib/bootsnap/load_path_cache/core_ext/kernel_require.rb:34:in `require'[0m

      60.2) [31mFailure/Error: [0mraise [1;34;4mLoadError[0m, [31m[1;31m"[0m[31mCapybara's selenium driver is unable to load `selenium-webdriver`, please install the gem and add `gem 'selenium-webdriver'` to your Gemfile if you are using bundler.[1;31m"[0m[31m[0m[0m
            [31m[0m
            [31mLoadError:[0m
            [31m  Capybara's selenium driver is unable to load `selenium-webdriver`, please install the gem and add `gem 'selenium-webdriver'` to your Gemfile if you are using bundler.[0m
            [36m# /home/ec2-user/.rvm/gems/ruby-2.6.3/gems/capybara-3.35.3/lib/capybara/selenium/driver.rb:54:in `rescue in load_selenium'[0m
            [36m# /home/ec2-user/.rvm/gems/ruby-2.6.3/gems/capybara-3.35.3/lib/capybara/selenium/driver.rb:22:in `load_selenium'[0m
            [36m# /home/ec2-user/.rvm/gems/ruby-2.6.3/gems/capybara-3.35.3/lib/capybara/selenium/driver.rb:94:in `initialize'[0m
            [36m# /home/ec2-user/.rvm/gems/ruby-2.6.3/gems/capybara-3.35.3/lib/capybara/session.rb:104:in `driver'[0m
            [36m# /home/ec2-user/.rvm/gems/ruby-2.6.3/gems/capybara-3.35.3/lib/capybara/session.rb:90:in `initialize'[0m
            [36m# /home/ec2-user/.rvm/gems/ruby-2.6.3/gems/capybara-3.35.3/lib/capybara.rb:424:in `new'[0m
            [36m# /home/ec2-user/.rvm/gems/ruby-2.6.3/gems/capybara-3.35.3/lib/capybara.rb:424:in `block in session_pool'[0m
            [36m# /home/ec2-user/.rvm/gems/ruby-2.6.3/gems/capybara-3.35.3/lib/capybara.rb:315:in `current_session'[0m
            [36m# /home/ec2-user/.rvm/gems/ruby-2.6.3/gems/capybara-3.35.3/lib/capybara/dsl.rb:46:in `page'[0m
            [36m# ------------------[0m
            [36m# --- Caused by: ---[0m
            [36m# LoadError:[0m
            [36m#   cannot load such file -- selenium-webdriver[0m
            [36m#   /home/ec2-user/.rvm/gems/ruby-2.6.3/gems/bootsnap-1.7.3/lib/bootsnap/load_path_cache/core_ext/kernel_require.rb:34:in `require'[0m

  61) ログイン前のテスト ヘッダーのテスト: ログインしていない場合 表示内容の確認 sign upリンクが表示される: 左上から2番目のリンクが「sign up」である
      [31mGot 0 failures and 2 other errors:[0m

      61.1) [31mFailure/Error: [0mvisit root_path[0m
            [31m[0m
            [31mLoadError:[0m
            [31m  Capybara's selenium driver is unable to load `selenium-webdriver`, please install the gem and add `gem 'selenium-webdriver'` to your Gemfile if you are using bundler.[0m
            [36m# /home/ec2-user/.rvm/gems/ruby-2.6.3/gems/capybara-3.35.3/lib/capybara/selenium/driver.rb:54:in `rescue in load_selenium'[0m
            [36m# /home/ec2-user/.rvm/gems/ruby-2.6.3/gems/capybara-3.35.3/lib/capybara/selenium/driver.rb:22:in `load_selenium'[0m
            [36m# /home/ec2-user/.rvm/gems/ruby-2.6.3/gems/capybara-3.35.3/lib/capybara/selenium/driver.rb:94:in `initialize'[0m
            [36m# /home/ec2-user/.rvm/gems/ruby-2.6.3/gems/capybara-3.35.3/lib/capybara/session.rb:104:in `driver'[0m
            [36m# /home/ec2-user/.rvm/gems/ruby-2.6.3/gems/capybara-3.35.3/lib/capybara/session.rb:90:in `initialize'[0m
            [36m# /home/ec2-user/.rvm/gems/ruby-2.6.3/gems/capybara-3.35.3/lib/capybara.rb:424:in `new'[0m
            [36m# /home/ec2-user/.rvm/gems/ruby-2.6.3/gems/capybara-3.35.3/lib/capybara.rb:424:in `block in session_pool'[0m
            [36m# /home/ec2-user/.rvm/gems/ruby-2.6.3/gems/capybara-3.35.3/lib/capybara.rb:315:in `current_session'[0m
            [36m# /home/ec2-user/.rvm/gems/ruby-2.6.3/gems/capybara-3.35.3/lib/capybara/dsl.rb:46:in `page'[0m
            [36m# /home/ec2-user/.rvm/gems/ruby-2.6.3/gems/capybara-3.35.3/lib/capybara/dsl.rb:58:in `block (2 levels) in <module:DSL>'[0m
            [36m# ./spec/system/before_login_spec.rb:34:in `block (3 levels) in <main>'[0m
            [36m# ------------------[0m
            [36m# --- Caused by: ---[0m
            [36m# LoadError:[0m
            [36m#   cannot load such file -- selenium-webdriver[0m
            [36m#   /home/ec2-user/.rvm/gems/ruby-2.6.3/gems/bootsnap-1.7.3/lib/bootsnap/load_path_cache/core_ext/kernel_require.rb:34:in `require'[0m

      61.2) [31mFailure/Error: [0mraise [1;34;4mLoadError[0m, [31m[1;31m"[0m[31mCapybara's selenium driver is unable to load `selenium-webdriver`, please install the gem and add `gem 'selenium-webdriver'` to your Gemfile if you are using bundler.[1;31m"[0m[31m[0m[0m
            [31m[0m
            [31mLoadError:[0m
            [31m  Capybara's selenium driver is unable to load `selenium-webdriver`, please install the gem and add `gem 'selenium-webdriver'` to your Gemfile if you are using bundler.[0m
            [36m# /home/ec2-user/.rvm/gems/ruby-2.6.3/gems/capybara-3.35.3/lib/capybara/selenium/driver.rb:54:in `rescue in load_selenium'[0m
            [36m# /home/ec2-user/.rvm/gems/ruby-2.6.3/gems/capybara-3.35.3/lib/capybara/selenium/driver.rb:22:in `load_selenium'[0m
            [36m# /home/ec2-user/.rvm/gems/ruby-2.6.3/gems/capybara-3.35.3/lib/capybara/selenium/driver.rb:94:in `initialize'[0m
            [36m# /home/ec2-user/.rvm/gems/ruby-2.6.3/gems/capybara-3.35.3/lib/capybara/session.rb:104:in `driver'[0m
            [36m# /home/ec2-user/.rvm/gems/ruby-2.6.3/gems/capybara-3.35.3/lib/capybara/session.rb:90:in `initialize'[0m
            [36m# /home/ec2-user/.rvm/gems/ruby-2.6.3/gems/capybara-3.35.3/lib/capybara.rb:424:in `new'[0m
            [36m# /home/ec2-user/.rvm/gems/ruby-2.6.3/gems/capybara-3.35.3/lib/capybara.rb:424:in `block in session_pool'[0m
            [36m# /home/ec2-user/.rvm/gems/ruby-2.6.3/gems/capybara-3.35.3/lib/capybara.rb:315:in `current_session'[0m
            [36m# /home/ec2-user/.rvm/gems/ruby-2.6.3/gems/capybara-3.35.3/lib/capybara/dsl.rb:46:in `page'[0m
            [36m# ------------------[0m
            [36m# --- Caused by: ---[0m
            [36m# LoadError:[0m
            [36m#   cannot load such file -- selenium-webdriver[0m
            [36m#   /home/ec2-user/.rvm/gems/ruby-2.6.3/gems/bootsnap-1.7.3/lib/bootsnap/load_path_cache/core_ext/kernel_require.rb:34:in `require'[0m

  62) ログイン前のテスト ヘッダーのテスト: ログインしていない場合 表示内容の確認 loginリンクが表示される: 左上から3番目のリンクが「login」である
      [31mGot 0 failures and 2 other errors:[0m

      62.1) [31mFailure/Error: [0mvisit root_path[0m
            [31m[0m
            [31mLoadError:[0m
            [31m  Capybara's selenium driver is unable to load `selenium-webdriver`, please install the gem and add `gem 'selenium-webdriver'` to your Gemfile if you are using bundler.[0m
            [36m# /home/ec2-user/.rvm/gems/ruby-2.6.3/gems/capybara-3.35.3/lib/capybara/selenium/driver.rb:54:in `rescue in load_selenium'[0m
            [36m# /home/ec2-user/.rvm/gems/ruby-2.6.3/gems/capybara-3.35.3/lib/capybara/selenium/driver.rb:22:in `load_selenium'[0m
            [36m# /home/ec2-user/.rvm/gems/ruby-2.6.3/gems/capybara-3.35.3/lib/capybara/selenium/driver.rb:94:in `initialize'[0m
            [36m# /home/ec2-user/.rvm/gems/ruby-2.6.3/gems/capybara-3.35.3/lib/capybara/session.rb:104:in `driver'[0m
            [36m# /home/ec2-user/.rvm/gems/ruby-2.6.3/gems/capybara-3.35.3/lib/capybara/session.rb:90:in `initialize'[0m
            [36m# /home/ec2-user/.rvm/gems/ruby-2.6.3/gems/capybara-3.35.3/lib/capybara.rb:424:in `new'[0m
            [36m# /home/ec2-user/.rvm/gems/ruby-2.6.3/gems/capybara-3.35.3/lib/capybara.rb:424:in `block in session_pool'[0m
            [36m# /home/ec2-user/.rvm/gems/ruby-2.6.3/gems/capybara-3.35.3/lib/capybara.rb:315:in `current_session'[0m
            [36m# /home/ec2-user/.rvm/gems/ruby-2.6.3/gems/capybara-3.35.3/lib/capybara/dsl.rb:46:in `page'[0m
            [36m# /home/ec2-user/.rvm/gems/ruby-2.6.3/gems/capybara-3.35.3/lib/capybara/dsl.rb:58:in `block (2 levels) in <module:DSL>'[0m
            [36m# ./spec/system/before_login_spec.rb:34:in `block (3 levels) in <main>'[0m
            [36m# ------------------[0m
            [36m# --- Caused by: ---[0m
            [36m# LoadError:[0m
            [36m#   cannot load such file -- selenium-webdriver[0m
            [36m#   /home/ec2-user/.rvm/gems/ruby-2.6.3/gems/bootsnap-1.7.3/lib/bootsnap/load_path_cache/core_ext/kernel_require.rb:34:in `require'[0m

      62.2) [31mFailure/Error: [0mraise [1;34;4mLoadError[0m, [31m[1;31m"[0m[31mCapybara's selenium driver is unable to load `selenium-webdriver`, please install the gem and add `gem 'selenium-webdriver'` to your Gemfile if you are using bundler.[1;31m"[0m[31m[0m[0m
            [31m[0m
            [31mLoadError:[0m
            [31m  Capybara's selenium driver is unable to load `selenium-webdriver`, please install the gem and add `gem 'selenium-webdriver'` to your Gemfile if you are using bundler.[0m
            [36m# /home/ec2-user/.rvm/gems/ruby-2.6.3/gems/capybara-3.35.3/lib/capybara/selenium/driver.rb:54:in `rescue in load_selenium'[0m
            [36m# /home/ec2-user/.rvm/gems/ruby-2.6.3/gems/capybara-3.35.3/lib/capybara/selenium/driver.rb:22:in `load_selenium'[0m
            [36m# /home/ec2-user/.rvm/gems/ruby-2.6.3/gems/capybara-3.35.3/lib/capybara/selenium/driver.rb:94:in `initialize'[0m
            [36m# /home/ec2-user/.rvm/gems/ruby-2.6.3/gems/capybara-3.35.3/lib/capybara/session.rb:104:in `driver'[0m
            [36m# /home/ec2-user/.rvm/gems/ruby-2.6.3/gems/capybara-3.35.3/lib/capybara/session.rb:90:in `initialize'[0m
            [36m# /home/ec2-user/.rvm/gems/ruby-2.6.3/gems/capybara-3.35.3/lib/capybara.rb:424:in `new'[0m
            [36m# /home/ec2-user/.rvm/gems/ruby-2.6.3/gems/capybara-3.35.3/lib/capybara.rb:424:in `block in session_pool'[0m
            [36m# /home/ec2-user/.rvm/gems/ruby-2.6.3/gems/capybara-3.35.3/lib/capybara.rb:315:in `current_session'[0m
            [36m# /home/ec2-user/.rvm/gems/ruby-2.6.3/gems/capybara-3.35.3/lib/capybara/dsl.rb:46:in `page'[0m
            [36m# ------------------[0m
            [36m# --- Caused by: ---[0m
            [36m# LoadError:[0m
            [36m#   cannot load such file -- selenium-webdriver[0m
            [36m#   /home/ec2-user/.rvm/gems/ruby-2.6.3/gems/bootsnap-1.7.3/lib/bootsnap/load_path_cache/core_ext/kernel_require.rb:34:in `require'[0m

  63) ログイン前のテスト ヘッダーのテスト: ログインしていない場合 リンクの内容を確認 Homeを押すと、トップ画面に遷移する
      [31mGot 0 failures and 2 other errors:[0m

      63.1) [31mFailure/Error: [0mvisit root_path[0m
            [31m[0m
            [31mLoadError:[0m
            [31m  Capybara's selenium driver is unable to load `selenium-webdriver`, please install the gem and add `gem 'selenium-webdriver'` to your Gemfile if you are using bundler.[0m
            [36m# /home/ec2-user/.rvm/gems/ruby-2.6.3/gems/capybara-3.35.3/lib/capybara/selenium/driver.rb:54:in `rescue in load_selenium'[0m
            [36m# /home/ec2-user/.rvm/gems/ruby-2.6.3/gems/capybara-3.35.3/lib/capybara/selenium/driver.rb:22:in `load_selenium'[0m
            [36m# /home/ec2-user/.rvm/gems/ruby-2.6.3/gems/capybara-3.35.3/lib/capybara/selenium/driver.rb:94:in `initialize'[0m
            [36m# /home/ec2-user/.rvm/gems/ruby-2.6.3/gems/capybara-3.35.3/lib/capybara/session.rb:104:in `driver'[0m
            [36m# /home/ec2-user/.rvm/gems/ruby-2.6.3/gems/capybara-3.35.3/lib/capybara/session.rb:90:in `initialize'[0m
            [36m# /home/ec2-user/.rvm/gems/ruby-2.6.3/gems/capybara-3.35.3/lib/capybara.rb:424:in `new'[0m
            [36m# /home/ec2-user/.rvm/gems/ruby-2.6.3/gems/capybara-3.35.3/lib/capybara.rb:424:in `block in session_pool'[0m
            [36m# /home/ec2-user/.rvm/gems/ruby-2.6.3/gems/capybara-3.35.3/lib/capybara.rb:315:in `current_session'[0m
            [36m# /home/ec2-user/.rvm/gems/ruby-2.6.3/gems/capybara-3.35.3/lib/capybara/dsl.rb:46:in `page'[0m
            [36m# /home/ec2-user/.rvm/gems/ruby-2.6.3/gems/capybara-3.35.3/lib/capybara/dsl.rb:58:in `block (2 levels) in <module:DSL>'[0m
            [36m# ./spec/system/before_login_spec.rb:34:in `block (3 levels) in <main>'[0m
            [36m# ------------------[0m
            [36m# --- Caused by: ---[0m
            [36m# LoadError:[0m
            [36m#   cannot load such file -- selenium-webdriver[0m
            [36m#   /home/ec2-user/.rvm/gems/ruby-2.6.3/gems/bootsnap-1.7.3/lib/bootsnap/load_path_cache/core_ext/kernel_require.rb:34:in `require'[0m

      63.2) [31mFailure/Error: [0mraise [1;34;4mLoadError[0m, [31m[1;31m"[0m[31mCapybara's selenium driver is unable to load `selenium-webdriver`, please install the gem and add `gem 'selenium-webdriver'` to your Gemfile if you are using bundler.[1;31m"[0m[31m[0m[0m
            [31m[0m
            [31mLoadError:[0m
            [31m  Capybara's selenium driver is unable to load `selenium-webdriver`, please install the gem and add `gem 'selenium-webdriver'` to your Gemfile if you are using bundler.[0m
            [36m# /home/ec2-user/.rvm/gems/ruby-2.6.3/gems/capybara-3.35.3/lib/capybara/selenium/driver.rb:54:in `rescue in load_selenium'[0m
            [36m# /home/ec2-user/.rvm/gems/ruby-2.6.3/gems/capybara-3.35.3/lib/capybara/selenium/driver.rb:22:in `load_selenium'[0m
            [36m# /home/ec2-user/.rvm/gems/ruby-2.6.3/gems/capybara-3.35.3/lib/capybara/selenium/driver.rb:94:in `initialize'[0m
            [36m# /home/ec2-user/.rvm/gems/ruby-2.6.3/gems/capybara-3.35.3/lib/capybara/session.rb:104:in `driver'[0m
            [36m# /home/ec2-user/.rvm/gems/ruby-2.6.3/gems/capybara-3.35.3/lib/capybara/session.rb:90:in `initialize'[0m
            [36m# /home/ec2-user/.rvm/gems/ruby-2.6.3/gems/capybara-3.35.3/lib/capybara.rb:424:in `new'[0m
            [36m# /home/ec2-user/.rvm/gems/ruby-2.6.3/gems/capybara-3.35.3/lib/capybara.rb:424:in `block in session_pool'[0m
            [36m# /home/ec2-user/.rvm/gems/ruby-2.6.3/gems/capybara-3.35.3/lib/capybara.rb:315:in `current_session'[0m
            [36m# /home/ec2-user/.rvm/gems/ruby-2.6.3/gems/capybara-3.35.3/lib/capybara/dsl.rb:46:in `page'[0m
            [36m# ------------------[0m
            [36m# --- Caused by: ---[0m
            [36m# LoadError:[0m
            [36m#   cannot load such file -- selenium-webdriver[0m
            [36m#   /home/ec2-user/.rvm/gems/ruby-2.6.3/gems/bootsnap-1.7.3/lib/bootsnap/load_path_cache/core_ext/kernel_require.rb:34:in `require'[0m

  64) ログイン前のテスト ヘッダーのテスト: ログインしていない場合 リンクの内容を確認 sign upを押すと、新規登録画面に遷移する
      [31mGot 0 failures and 2 other errors:[0m

      64.1) [31mFailure/Error: [0mvisit root_path[0m
            [31m[0m
            [31mLoadError:[0m
            [31m  Capybara's selenium driver is unable to load `selenium-webdriver`, please install the gem and add `gem 'selenium-webdriver'` to your Gemfile if you are using bundler.[0m
            [36m# /home/ec2-user/.rvm/gems/ruby-2.6.3/gems/capybara-3.35.3/lib/capybara/selenium/driver.rb:54:in `rescue in load_selenium'[0m
            [36m# /home/ec2-user/.rvm/gems/ruby-2.6.3/gems/capybara-3.35.3/lib/capybara/selenium/driver.rb:22:in `load_selenium'[0m
            [36m# /home/ec2-user/.rvm/gems/ruby-2.6.3/gems/capybara-3.35.3/lib/capybara/selenium/driver.rb:94:in `initialize'[0m
            [36m# /home/ec2-user/.rvm/gems/ruby-2.6.3/gems/capybara-3.35.3/lib/capybara/session.rb:104:in `driver'[0m
            [36m# /home/ec2-user/.rvm/gems/ruby-2.6.3/gems/capybara-3.35.3/lib/capybara/session.rb:90:in `initialize'[0m
            [36m# /home/ec2-user/.rvm/gems/ruby-2.6.3/gems/capybara-3.35.3/lib/capybara.rb:424:in `new'[0m
            [36m# /home/ec2-user/.rvm/gems/ruby-2.6.3/gems/capybara-3.35.3/lib/capybara.rb:424:in `block in session_pool'[0m
            [36m# /home/ec2-user/.rvm/gems/ruby-2.6.3/gems/capybara-3.35.3/lib/capybara.rb:315:in `current_session'[0m
            [36m# /home/ec2-user/.rvm/gems/ruby-2.6.3/gems/capybara-3.35.3/lib/capybara/dsl.rb:46:in `page'[0m
            [36m# /home/ec2-user/.rvm/gems/ruby-2.6.3/gems/capybara-3.35.3/lib/capybara/dsl.rb:58:in `block (2 levels) in <module:DSL>'[0m
            [36m# ./spec/system/before_login_spec.rb:34:in `block (3 levels) in <main>'[0m
            [36m# ------------------[0m
            [36m# --- Caused by: ---[0m
            [36m# LoadError:[0m
            [36m#   cannot load such file -- selenium-webdriver[0m
            [36m#   /home/ec2-user/.rvm/gems/ruby-2.6.3/gems/bootsnap-1.7.3/lib/bootsnap/load_path_cache/core_ext/kernel_require.rb:34:in `require'[0m

      64.2) [31mFailure/Error: [0mraise [1;34;4mLoadError[0m, [31m[1;31m"[0m[31mCapybara's selenium driver is unable to load `selenium-webdriver`, please install the gem and add `gem 'selenium-webdriver'` to your Gemfile if you are using bundler.[1;31m"[0m[31m[0m[0m
            [31m[0m
            [31mLoadError:[0m
            [31m  Capybara's selenium driver is unable to load `selenium-webdriver`, please install the gem and add `gem 'selenium-webdriver'` to your Gemfile if you are using bundler.[0m
            [36m# /home/ec2-user/.rvm/gems/ruby-2.6.3/gems/capybara-3.35.3/lib/capybara/selenium/driver.rb:54:in `rescue in load_selenium'[0m
            [36m# /home/ec2-user/.rvm/gems/ruby-2.6.3/gems/capybara-3.35.3/lib/capybara/selenium/driver.rb:22:in `load_selenium'[0m
            [36m# /home/ec2-user/.rvm/gems/ruby-2.6.3/gems/capybara-3.35.3/lib/capybara/selenium/driver.rb:94:in `initialize'[0m
            [36m# /home/ec2-user/.rvm/gems/ruby-2.6.3/gems/capybara-3.35.3/lib/capybara/session.rb:104:in `driver'[0m
            [36m# /home/ec2-user/.rvm/gems/ruby-2.6.3/gems/capybara-3.35.3/lib/capybara/session.rb:90:in `initialize'[0m
            [36m# /home/ec2-user/.rvm/gems/ruby-2.6.3/gems/capybara-3.35.3/lib/capybara.rb:424:in `new'[0m
            [36m# /home/ec2-user/.rvm/gems/ruby-2.6.3/gems/capybara-3.35.3/lib/capybara.rb:424:in `block in session_pool'[0m
            [36m# /home/ec2-user/.rvm/gems/ruby-2.6.3/gems/capybara-3.35.3/lib/capybara.rb:315:in `current_session'[0m
            [36m# /home/ec2-user/.rvm/gems/ruby-2.6.3/gems/capybara-3.35.3/lib/capybara/dsl.rb:46:in `page'[0m
            [36m# ------------------[0m
            [36m# --- Caused by: ---[0m
            [36m# LoadError:[0m
            [36m#   cannot load such file -- selenium-webdriver[0m
            [36m#   /home/ec2-user/.rvm/gems/ruby-2.6.3/gems/bootsnap-1.7.3/lib/bootsnap/load_path_cache/core_ext/kernel_require.rb:34:in `require'[0m

  65) ログイン前のテスト ヘッダーのテスト: ログインしていない場合 リンクの内容を確認 loginを押すと、ログイン画面に遷移する
      [31mGot 0 failures and 2 other errors:[0m

      65.1) [31mFailure/Error: [0mvisit root_path[0m
            [31m[0m
            [31mLoadError:[0m
            [31m  Capybara's selenium driver is unable to load `selenium-webdriver`, please install the gem and add `gem 'selenium-webdriver'` to your Gemfile if you are using bundler.[0m
            [36m# /home/ec2-user/.rvm/gems/ruby-2.6.3/gems/capybara-3.35.3/lib/capybara/selenium/driver.rb:54:in `rescue in load_selenium'[0m
            [36m# /home/ec2-user/.rvm/gems/ruby-2.6.3/gems/capybara-3.35.3/lib/capybara/selenium/driver.rb:22:in `load_selenium'[0m
            [36m# /home/ec2-user/.rvm/gems/ruby-2.6.3/gems/capybara-3.35.3/lib/capybara/selenium/driver.rb:94:in `initialize'[0m
            [36m# /home/ec2-user/.rvm/gems/ruby-2.6.3/gems/capybara-3.35.3/lib/capybara/session.rb:104:in `driver'[0m
            [36m# /home/ec2-user/.rvm/gems/ruby-2.6.3/gems/capybara-3.35.3/lib/capybara/session.rb:90:in `initialize'[0m
            [36m# /home/ec2-user/.rvm/gems/ruby-2.6.3/gems/capybara-3.35.3/lib/capybara.rb:424:in `new'[0m
            [36m# /home/ec2-user/.rvm/gems/ruby-2.6.3/gems/capybara-3.35.3/lib/capybara.rb:424:in `block in session_pool'[0m
            [36m# /home/ec2-user/.rvm/gems/ruby-2.6.3/gems/capybara-3.35.3/lib/capybara.rb:315:in `current_session'[0m
            [36m# /home/ec2-user/.rvm/gems/ruby-2.6.3/gems/capybara-3.35.3/lib/capybara/dsl.rb:46:in `page'[0m
            [36m# /home/ec2-user/.rvm/gems/ruby-2.6.3/gems/capybara-3.35.3/lib/capybara/dsl.rb:58:in `block (2 levels) in <module:DSL>'[0m
            [36m# ./spec/system/before_login_spec.rb:34:in `block (3 levels) in <main>'[0m
            [36m# ------------------[0m
            [36m# --- Caused by: ---[0m
            [36m# LoadError:[0m
            [36m#   cannot load such file -- selenium-webdriver[0m
            [36m#   /home/ec2-user/.rvm/gems/ruby-2.6.3/gems/bootsnap-1.7.3/lib/bootsnap/load_path_cache/core_ext/kernel_require.rb:34:in `require'[0m

      65.2) [31mFailure/Error: [0mraise [1;34;4mLoadError[0m, [31m[1;31m"[0m[31mCapybara's selenium driver is unable to load `selenium-webdriver`, please install the gem and add `gem 'selenium-webdriver'` to your Gemfile if you are using bundler.[1;31m"[0m[31m[0m[0m
            [31m[0m
            [31mLoadError:[0m
            [31m  Capybara's selenium driver is unable to load `selenium-webdriver`, please install the gem and add `gem 'selenium-webdriver'` to your Gemfile if you are using bundler.[0m
            [36m# /home/ec2-user/.rvm/gems/ruby-2.6.3/gems/capybara-3.35.3/lib/capybara/selenium/driver.rb:54:in `rescue in load_selenium'[0m
            [36m# /home/ec2-user/.rvm/gems/ruby-2.6.3/gems/capybara-3.35.3/lib/capybara/selenium/driver.rb:22:in `load_selenium'[0m
            [36m# /home/ec2-user/.rvm/gems/ruby-2.6.3/gems/capybara-3.35.3/lib/capybara/selenium/driver.rb:94:in `initialize'[0m
            [36m# /home/ec2-user/.rvm/gems/ruby-2.6.3/gems/capybara-3.35.3/lib/capybara/session.rb:104:in `driver'[0m
            [36m# /home/ec2-user/.rvm/gems/ruby-2.6.3/gems/capybara-3.35.3/lib/capybara/session.rb:90:in `initialize'[0m
            [36m# /home/ec2-user/.rvm/gems/ruby-2.6.3/gems/capybara-3.35.3/lib/capybara.rb:424:in `new'[0m
            [36m# /home/ec2-user/.rvm/gems/ruby-2.6.3/gems/capybara-3.35.3/lib/capybara.rb:424:in `block in session_pool'[0m
            [36m# /home/ec2-user/.rvm/gems/ruby-2.6.3/gems/capybara-3.35.3/lib/capybara.rb:315:in `current_session'[0m
            [36m# /home/ec2-user/.rvm/gems/ruby-2.6.3/gems/capybara-3.35.3/lib/capybara/dsl.rb:46:in `page'[0m
            [36m# ------------------[0m
            [36m# --- Caused by: ---[0m
            [36m# LoadError:[0m
            [36m#   cannot load such file -- selenium-webdriver[0m
            [36m#   /home/ec2-user/.rvm/gems/ruby-2.6.3/gems/bootsnap-1.7.3/lib/bootsnap/load_path_cache/core_ext/kernel_require.rb:34:in `require'[0m

  66) ログイン前のテスト ユーザ新規登録のテスト 表示内容の確認 URLが正しい
      [31mGot 0 failures and 2 other errors:[0m

      66.1) [31mFailure/Error: [0mvisit new_user_registration_path[0m
            [31m[0m
            [31mLoadError:[0m
            [31m  Capybara's selenium driver is unable to load `selenium-webdriver`, please install the gem and add `gem 'selenium-webdriver'` to your Gemfile if you are using bundler.[0m
            [36m# /home/ec2-user/.rvm/gems/ruby-2.6.3/gems/capybara-3.35.3/lib/capybara/selenium/driver.rb:54:in `rescue in load_selenium'[0m
            [36m# /home/ec2-user/.rvm/gems/ruby-2.6.3/gems/capybara-3.35.3/lib/capybara/selenium/driver.rb:22:in `load_selenium'[0m
            [36m# /home/ec2-user/.rvm/gems/ruby-2.6.3/gems/capybara-3.35.3/lib/capybara/selenium/driver.rb:94:in `initialize'[0m
            [36m# /home/ec2-user/.rvm/gems/ruby-2.6.3/gems/capybara-3.35.3/lib/capybara/session.rb:104:in `driver'[0m
            [36m# /home/ec2-user/.rvm/gems/ruby-2.6.3/gems/capybara-3.35.3/lib/capybara/session.rb:90:in `initialize'[0m
            [36m# /home/ec2-user/.rvm/gems/ruby-2.6.3/gems/capybara-3.35.3/lib/capybara.rb:424:in `new'[0m
            [36m# /home/ec2-user/.rvm/gems/ruby-2.6.3/gems/capybara-3.35.3/lib/capybara.rb:424:in `block in session_pool'[0m
            [36m# /home/ec2-user/.rvm/gems/ruby-2.6.3/gems/capybara-3.35.3/lib/capybara.rb:315:in `current_session'[0m
            [36m# /home/ec2-user/.rvm/gems/ruby-2.6.3/gems/capybara-3.35.3/lib/capybara/dsl.rb:46:in `page'[0m
            [36m# /home/ec2-user/.rvm/gems/ruby-2.6.3/gems/capybara-3.35.3/lib/capybara/dsl.rb:58:in `block (2 levels) in <module:DSL>'[0m
            [36m# ./spec/system/before_login_spec.rb:82:in `block (3 levels) in <main>'[0m
            [36m# ------------------[0m
            [36m# --- Caused by: ---[0m
            [36m# LoadError:[0m
            [36m#   cannot load such file -- selenium-webdriver[0m
            [36m#   /home/ec2-user/.rvm/gems/ruby-2.6.3/gems/bootsnap-1.7.3/lib/bootsnap/load_path_cache/core_ext/kernel_require.rb:34:in `require'[0m

      66.2) [31mFailure/Error: [0mraise [1;34;4mLoadError[0m, [31m[1;31m"[0m[31mCapybara's selenium driver is unable to load `selenium-webdriver`, please install the gem and add `gem 'selenium-webdriver'` to your Gemfile if you are using bundler.[1;31m"[0m[31m[0m[0m
            [31m[0m
            [31mLoadError:[0m
            [31m  Capybara's selenium driver is unable to load `selenium-webdriver`, please install the gem and add `gem 'selenium-webdriver'` to your Gemfile if you are using bundler.[0m
            [36m# /home/ec2-user/.rvm/gems/ruby-2.6.3/gems/capybara-3.35.3/lib/capybara/selenium/driver.rb:54:in `rescue in load_selenium'[0m
            [36m# /home/ec2-user/.rvm/gems/ruby-2.6.3/gems/capybara-3.35.3/lib/capybara/selenium/driver.rb:22:in `load_selenium'[0m
            [36m# /home/ec2-user/.rvm/gems/ruby-2.6.3/gems/capybara-3.35.3/lib/capybara/selenium/driver.rb:94:in `initialize'[0m
            [36m# /home/ec2-user/.rvm/gems/ruby-2.6.3/gems/capybara-3.35.3/lib/capybara/session.rb:104:in `driver'[0m
            [36m# /home/ec2-user/.rvm/gems/ruby-2.6.3/gems/capybara-3.35.3/lib/capybara/session.rb:90:in `initialize'[0m
            [36m# /home/ec2-user/.rvm/gems/ruby-2.6.3/gems/capybara-3.35.3/lib/capybara.rb:424:in `new'[0m
            [36m# /home/ec2-user/.rvm/gems/ruby-2.6.3/gems/capybara-3.35.3/lib/capybara.rb:424:in `block in session_pool'[0m
            [36m# /home/ec2-user/.rvm/gems/ruby-2.6.3/gems/capybara-3.35.3/lib/capybara.rb:315:in `current_session'[0m
            [36m# /home/ec2-user/.rvm/gems/ruby-2.6.3/gems/capybara-3.35.3/lib/capybara/dsl.rb:46:in `page'[0m
            [36m# ------------------[0m
            [36m# --- Caused by: ---[0m
            [36m# LoadError:[0m
            [36m#   cannot load such file -- selenium-webdriver[0m
            [36m#   /home/ec2-user/.rvm/gems/ruby-2.6.3/gems/bootsnap-1.7.3/lib/bootsnap/load_path_cache/core_ext/kernel_require.rb:34:in `require'[0m

  67) ログイン前のテスト ユーザ新規登録のテスト 表示内容の確認 「Sign up」と表示される
      [31mGot 0 failures and 2 other errors:[0m

      67.1) [31mFailure/Error: [0mvisit new_user_registration_path[0m
            [31m[0m
            [31mLoadError:[0m
            [31m  Capybara's selenium driver is unable to load `selenium-webdriver`, please install the gem and add `gem 'selenium-webdriver'` to your Gemfile if you are using bundler.[0m
            [36m# /home/ec2-user/.rvm/gems/ruby-2.6.3/gems/capybara-3.35.3/lib/capybara/selenium/driver.rb:54:in `rescue in load_selenium'[0m
            [36m# /home/ec2-user/.rvm/gems/ruby-2.6.3/gems/capybara-3.35.3/lib/capybara/selenium/driver.rb:22:in `load_selenium'[0m
            [36m# /home/ec2-user/.rvm/gems/ruby-2.6.3/gems/capybara-3.35.3/lib/capybara/selenium/driver.rb:94:in `initialize'[0m
            [36m# /home/ec2-user/.rvm/gems/ruby-2.6.3/gems/capybara-3.35.3/lib/capybara/session.rb:104:in `driver'[0m
            [36m# /home/ec2-user/.rvm/gems/ruby-2.6.3/gems/capybara-3.35.3/lib/capybara/session.rb:90:in `initialize'[0m
            [36m# /home/ec2-user/.rvm/gems/ruby-2.6.3/gems/capybara-3.35.3/lib/capybara.rb:424:in `new'[0m
            [36m# /home/ec2-user/.rvm/gems/ruby-2.6.3/gems/capybara-3.35.3/lib/capybara.rb:424:in `block in session_pool'[0m
            [36m# /home/ec2-user/.rvm/gems/ruby-2.6.3/gems/capybara-3.35.3/lib/capybara.rb:315:in `current_session'[0m
            [36m# /home/ec2-user/.rvm/gems/ruby-2.6.3/gems/capybara-3.35.3/lib/capybara/dsl.rb:46:in `page'[0m
            [36m# /home/ec2-user/.rvm/gems/ruby-2.6.3/gems/capybara-3.35.3/lib/capybara/dsl.rb:58:in `block (2 levels) in <module:DSL>'[0m
            [36m# ./spec/system/before_login_spec.rb:82:in `block (3 levels) in <main>'[0m
            [36m# ------------------[0m
            [36m# --- Caused by: ---[0m
            [36m# LoadError:[0m
            [36m#   cannot load such file -- selenium-webdriver[0m
            [36m#   /home/ec2-user/.rvm/gems/ruby-2.6.3/gems/bootsnap-1.7.3/lib/bootsnap/load_path_cache/core_ext/kernel_require.rb:34:in `require'[0m

      67.2) [31mFailure/Error: [0mraise [1;34;4mLoadError[0m, [31m[1;31m"[0m[31mCapybara's selenium driver is unable to load `selenium-webdriver`, please install the gem and add `gem 'selenium-webdriver'` to your Gemfile if you are using bundler.[1;31m"[0m[31m[0m[0m
            [31m[0m
            [31mLoadError:[0m
            [31m  Capybara's selenium driver is unable to load `selenium-webdriver`, please install the gem and add `gem 'selenium-webdriver'` to your Gemfile if you are using bundler.[0m
            [36m# /home/ec2-user/.rvm/gems/ruby-2.6.3/gems/capybara-3.35.3/lib/capybara/selenium/driver.rb:54:in `rescue in load_selenium'[0m
            [36m# /home/ec2-user/.rvm/gems/ruby-2.6.3/gems/capybara-3.35.3/lib/capybara/selenium/driver.rb:22:in `load_selenium'[0m
            [36m# /home/ec2-user/.rvm/gems/ruby-2.6.3/gems/capybara-3.35.3/lib/capybara/selenium/driver.rb:94:in `initialize'[0m
            [36m# /home/ec2-user/.rvm/gems/ruby-2.6.3/gems/capybara-3.35.3/lib/capybara/session.rb:104:in `driver'[0m
            [36m# /home/ec2-user/.rvm/gems/ruby-2.6.3/gems/capybara-3.35.3/lib/capybara/session.rb:90:in `initialize'[0m
            [36m# /home/ec2-user/.rvm/gems/ruby-2.6.3/gems/capybara-3.35.3/lib/capybara.rb:424:in `new'[0m
            [36m# /home/ec2-user/.rvm/gems/ruby-2.6.3/gems/capybara-3.35.3/lib/capybara.rb:424:in `block in session_pool'[0m
            [36m# /home/ec2-user/.rvm/gems/ruby-2.6.3/gems/capybara-3.35.3/lib/capybara.rb:315:in `current_session'[0m
            [36m# /home/ec2-user/.rvm/gems/ruby-2.6.3/gems/capybara-3.35.3/lib/capybara/dsl.rb:46:in `page'[0m
            [36m# ------------------[0m
            [36m# --- Caused by: ---[0m
            [36m# LoadError:[0m
            [36m#   cannot load such file -- selenium-webdriver[0m
            [36m#   /home/ec2-user/.rvm/gems/ruby-2.6.3/gems/bootsnap-1.7.3/lib/bootsnap/load_path_cache/core_ext/kernel_require.rb:34:in `require'[0m

  68) ログイン前のテスト ユーザ新規登録のテスト 表示内容の確認 nameフォームが表示される
      [31mGot 0 failures and 2 other errors:[0m

      68.1) [31mFailure/Error: [0mvisit new_user_registration_path[0m
            [31m[0m
            [31mLoadError:[0m
            [31m  Capybara's selenium driver is unable to load `selenium-webdriver`, please install the gem and add `gem 'selenium-webdriver'` to your Gemfile if you are using bundler.[0m
            [36m# /home/ec2-user/.rvm/gems/ruby-2.6.3/gems/capybara-3.35.3/lib/capybara/selenium/driver.rb:54:in `rescue in load_selenium'[0m
            [36m# /home/ec2-user/.rvm/gems/ruby-2.6.3/gems/capybara-3.35.3/lib/capybara/selenium/driver.rb:22:in `load_selenium'[0m
            [36m# /home/ec2-user/.rvm/gems/ruby-2.6.3/gems/capybara-3.35.3/lib/capybara/selenium/driver.rb:94:in `initialize'[0m
            [36m# /home/ec2-user/.rvm/gems/ruby-2.6.3/gems/capybara-3.35.3/lib/capybara/session.rb:104:in `driver'[0m
            [36m# /home/ec2-user/.rvm/gems/ruby-2.6.3/gems/capybara-3.35.3/lib/capybara/session.rb:90:in `initialize'[0m
            [36m# /home/ec2-user/.rvm/gems/ruby-2.6.3/gems/capybara-3.35.3/lib/capybara.rb:424:in `new'[0m
            [36m# /home/ec2-user/.rvm/gems/ruby-2.6.3/gems/capybara-3.35.3/lib/capybara.rb:424:in `block in session_pool'[0m
            [36m# /home/ec2-user/.rvm/gems/ruby-2.6.3/gems/capybara-3.35.3/lib/capybara.rb:315:in `current_session'[0m
            [36m# /home/ec2-user/.rvm/gems/ruby-2.6.3/gems/capybara-3.35.3/lib/capybara/dsl.rb:46:in `page'[0m
            [36m# /home/ec2-user/.rvm/gems/ruby-2.6.3/gems/capybara-3.35.3/lib/capybara/dsl.rb:58:in `block (2 levels) in <module:DSL>'[0m
            [36m# ./spec/system/before_login_spec.rb:82:in `block (3 levels) in <main>'[0m
            [36m# ------------------[0m
            [36m# --- Caused by: ---[0m
            [36m# LoadError:[0m
            [36m#   cannot load such file -- selenium-webdriver[0m
            [36m#   /home/ec2-user/.rvm/gems/ruby-2.6.3/gems/bootsnap-1.7.3/lib/bootsnap/load_path_cache/core_ext/kernel_require.rb:34:in `require'[0m

      68.2) [31mFailure/Error: [0mraise [1;34;4mLoadError[0m, [31m[1;31m"[0m[31mCapybara's selenium driver is unable to load `selenium-webdriver`, please install the gem and add `gem 'selenium-webdriver'` to your Gemfile if you are using bundler.[1;31m"[0m[31m[0m[0m
            [31m[0m
            [31mLoadError:[0m
            [31m  Capybara's selenium driver is unable to load `selenium-webdriver`, please install the gem and add `gem 'selenium-webdriver'` to your Gemfile if you are using bundler.[0m
            [36m# /home/ec2-user/.rvm/gems/ruby-2.6.3/gems/capybara-3.35.3/lib/capybara/selenium/driver.rb:54:in `rescue in load_selenium'[0m
            [36m# /home/ec2-user/.rvm/gems/ruby-2.6.3/gems/capybara-3.35.3/lib/capybara/selenium/driver.rb:22:in `load_selenium'[0m
            [36m# /home/ec2-user/.rvm/gems/ruby-2.6.3/gems/capybara-3.35.3/lib/capybara/selenium/driver.rb:94:in `initialize'[0m
            [36m# /home/ec2-user/.rvm/gems/ruby-2.6.3/gems/capybara-3.35.3/lib/capybara/session.rb:104:in `driver'[0m
            [36m# /home/ec2-user/.rvm/gems/ruby-2.6.3/gems/capybara-3.35.3/lib/capybara/session.rb:90:in `initialize'[0m
            [36m# /home/ec2-user/.rvm/gems/ruby-2.6.3/gems/capybara-3.35.3/lib/capybara.rb:424:in `new'[0m
            [36m# /home/ec2-user/.rvm/gems/ruby-2.6.3/gems/capybara-3.35.3/lib/capybara.rb:424:in `block in session_pool'[0m
            [36m# /home/ec2-user/.rvm/gems/ruby-2.6.3/gems/capybara-3.35.3/lib/capybara.rb:315:in `current_session'[0m
            [36m# /home/ec2-user/.rvm/gems/ruby-2.6.3/gems/capybara-3.35.3/lib/capybara/dsl.rb:46:in `page'[0m
            [36m# ------------------[0m
            [36m# --- Caused by: ---[0m
            [36m# LoadError:[0m
            [36m#   cannot load such file -- selenium-webdriver[0m
            [36m#   /home/ec2-user/.rvm/gems/ruby-2.6.3/gems/bootsnap-1.7.3/lib/bootsnap/load_path_cache/core_ext/kernel_require.rb:34:in `require'[0m

  69) ログイン前のテスト ユーザ新規登録のテスト 表示内容の確認 emailフォームが表示される
      [31mGot 0 failures and 2 other errors:[0m

      69.1) [31mFailure/Error: [0mvisit new_user_registration_path[0m
            [31m[0m
            [31mLoadError:[0m
            [31m  Capybara's selenium driver is unable to load `selenium-webdriver`, please install the gem and add `gem 'selenium-webdriver'` to your Gemfile if you are using bundler.[0m
            [36m# /home/ec2-user/.rvm/gems/ruby-2.6.3/gems/capybara-3.35.3/lib/capybara/selenium/driver.rb:54:in `rescue in load_selenium'[0m
            [36m# /home/ec2-user/.rvm/gems/ruby-2.6.3/gems/capybara-3.35.3/lib/capybara/selenium/driver.rb:22:in `load_selenium'[0m
            [36m# /home/ec2-user/.rvm/gems/ruby-2.6.3/gems/capybara-3.35.3/lib/capybara/selenium/driver.rb:94:in `initialize'[0m
            [36m# /home/ec2-user/.rvm/gems/ruby-2.6.3/gems/capybara-3.35.3/lib/capybara/session.rb:104:in `driver'[0m
            [36m# /home/ec2-user/.rvm/gems/ruby-2.6.3/gems/capybara-3.35.3/lib/capybara/session.rb:90:in `initialize'[0m
            [36m# /home/ec2-user/.rvm/gems/ruby-2.6.3/gems/capybara-3.35.3/lib/capybara.rb:424:in `new'[0m
            [36m# /home/ec2-user/.rvm/gems/ruby-2.6.3/gems/capybara-3.35.3/lib/capybara.rb:424:in `block in session_pool'[0m
            [36m# /home/ec2-user/.rvm/gems/ruby-2.6.3/gems/capybara-3.35.3/lib/capybara.rb:315:in `current_session'[0m
            [36m# /home/ec2-user/.rvm/gems/ruby-2.6.3/gems/capybara-3.35.3/lib/capybara/dsl.rb:46:in `page'[0m
            [36m# /home/ec2-user/.rvm/gems/ruby-2.6.3/gems/capybara-3.35.3/lib/capybara/dsl.rb:58:in `block (2 levels) in <module:DSL>'[0m
            [36m# ./spec/system/before_login_spec.rb:82:in `block (3 levels) in <main>'[0m
            [36m# ------------------[0m
            [36m# --- Caused by: ---[0m
            [36m# LoadError:[0m
            [36m#   cannot load such file -- selenium-webdriver[0m
            [36m#   /home/ec2-user/.rvm/gems/ruby-2.6.3/gems/bootsnap-1.7.3/lib/bootsnap/load_path_cache/core_ext/kernel_require.rb:34:in `require'[0m

      69.2) [31mFailure/Error: [0mraise [1;34;4mLoadError[0m, [31m[1;31m"[0m[31mCapybara's selenium driver is unable to load `selenium-webdriver`, please install the gem and add `gem 'selenium-webdriver'` to your Gemfile if you are using bundler.[1;31m"[0m[31m[0m[0m
            [31m[0m
            [31mLoadError:[0m
            [31m  Capybara's selenium driver is unable to load `selenium-webdriver`, please install the gem and add `gem 'selenium-webdriver'` to your Gemfile if you are using bundler.[0m
            [36m# /home/ec2-user/.rvm/gems/ruby-2.6.3/gems/capybara-3.35.3/lib/capybara/selenium/driver.rb:54:in `rescue in load_selenium'[0m
            [36m# /home/ec2-user/.rvm/gems/ruby-2.6.3/gems/capybara-3.35.3/lib/capybara/selenium/driver.rb:22:in `load_selenium'[0m
            [36m# /home/ec2-user/.rvm/gems/ruby-2.6.3/gems/capybara-3.35.3/lib/capybara/selenium/driver.rb:94:in `initialize'[0m
            [36m# /home/ec2-user/.rvm/gems/ruby-2.6.3/gems/capybara-3.35.3/lib/capybara/session.rb:104:in `driver'[0m
            [36m# /home/ec2-user/.rvm/gems/ruby-2.6.3/gems/capybara-3.35.3/lib/capybara/session.rb:90:in `initialize'[0m
            [36m# /home/ec2-user/.rvm/gems/ruby-2.6.3/gems/capybara-3.35.3/lib/capybara.rb:424:in `new'[0m
            [36m# /home/ec2-user/.rvm/gems/ruby-2.6.3/gems/capybara-3.35.3/lib/capybara.rb:424:in `block in session_pool'[0m
            [36m# /home/ec2-user/.rvm/gems/ruby-2.6.3/gems/capybara-3.35.3/lib/capybara.rb:315:in `current_session'[0m
            [36m# /home/ec2-user/.rvm/gems/ruby-2.6.3/gems/capybara-3.35.3/lib/capybara/dsl.rb:46:in `page'[0m
            [36m# ------------------[0m
            [36m# --- Caused by: ---[0m
            [36m# LoadError:[0m
            [36m#   cannot load such file -- selenium-webdriver[0m
            [36m#   /home/ec2-user/.rvm/gems/ruby-2.6.3/gems/bootsnap-1.7.3/lib/bootsnap/load_path_cache/core_ext/kernel_require.rb:34:in `require'[0m

  70) ログイン前のテスト ユーザ新規登録のテスト 表示内容の確認 passwordフォームが表示される
      [31mGot 0 failures and 2 other errors:[0m

      70.1) [31mFailure/Error: [0mvisit new_user_registration_path[0m
            [31m[0m
            [31mLoadError:[0m
            [31m  Capybara's selenium driver is unable to load `selenium-webdriver`, please install the gem and add `gem 'selenium-webdriver'` to your Gemfile if you are using bundler.[0m
            [36m# /home/ec2-user/.rvm/gems/ruby-2.6.3/gems/capybara-3.35.3/lib/capybara/selenium/driver.rb:54:in `rescue in load_selenium'[0m
            [36m# /home/ec2-user/.rvm/gems/ruby-2.6.3/gems/capybara-3.35.3/lib/capybara/selenium/driver.rb:22:in `load_selenium'[0m
            [36m# /home/ec2-user/.rvm/gems/ruby-2.6.3/gems/capybara-3.35.3/lib/capybara/selenium/driver.rb:94:in `initialize'[0m
            [36m# /home/ec2-user/.rvm/gems/ruby-2.6.3/gems/capybara-3.35.3/lib/capybara/session.rb:104:in `driver'[0m
            [36m# /home/ec2-user/.rvm/gems/ruby-2.6.3/gems/capybara-3.35.3/lib/capybara/session.rb:90:in `initialize'[0m
            [36m# /home/ec2-user/.rvm/gems/ruby-2.6.3/gems/capybara-3.35.3/lib/capybara.rb:424:in `new'[0m
            [36m# /home/ec2-user/.rvm/gems/ruby-2.6.3/gems/capybara-3.35.3/lib/capybara.rb:424:in `block in session_pool'[0m
            [36m# /home/ec2-user/.rvm/gems/ruby-2.6.3/gems/capybara-3.35.3/lib/capybara.rb:315:in `current_session'[0m
            [36m# /home/ec2-user/.rvm/gems/ruby-2.6.3/gems/capybara-3.35.3/lib/capybara/dsl.rb:46:in `page'[0m
            [36m# /home/ec2-user/.rvm/gems/ruby-2.6.3/gems/capybara-3.35.3/lib/capybara/dsl.rb:58:in `block (2 levels) in <module:DSL>'[0m
            [36m# ./spec/system/before_login_spec.rb:82:in `block (3 levels) in <main>'[0m
            [36m# ------------------[0m
            [36m# --- Caused by: ---[0m
            [36m# LoadError:[0m
            [36m#   cannot load such file -- selenium-webdriver[0m
            [36m#   /home/ec2-user/.rvm/gems/ruby-2.6.3/gems/bootsnap-1.7.3/lib/bootsnap/load_path_cache/core_ext/kernel_require.rb:34:in `require'[0m

      70.2) [31mFailure/Error: [0mraise [1;34;4mLoadError[0m, [31m[1;31m"[0m[31mCapybara's selenium driver is unable to load `selenium-webdriver`, please install the gem and add `gem 'selenium-webdriver'` to your Gemfile if you are using bundler.[1;31m"[0m[31m[0m[0m
            [31m[0m
            [31mLoadError:[0m
            [31m  Capybara's selenium driver is unable to load `selenium-webdriver`, please install the gem and add `gem 'selenium-webdriver'` to your Gemfile if you are using bundler.[0m
            [36m# /home/ec2-user/.rvm/gems/ruby-2.6.3/gems/capybara-3.35.3/lib/capybara/selenium/driver.rb:54:in `rescue in load_selenium'[0m
            [36m# /home/ec2-user/.rvm/gems/ruby-2.6.3/gems/capybara-3.35.3/lib/capybara/selenium/driver.rb:22:in `load_selenium'[0m
            [36m# /home/ec2-user/.rvm/gems/ruby-2.6.3/gems/capybara-3.35.3/lib/capybara/selenium/driver.rb:94:in `initialize'[0m
            [36m# /home/ec2-user/.rvm/gems/ruby-2.6.3/gems/capybara-3.35.3/lib/capybara/session.rb:104:in `driver'[0m
            [36m# /home/ec2-user/.rvm/gems/ruby-2.6.3/gems/capybara-3.35.3/lib/capybara/session.rb:90:in `initialize'[0m
            [36m# /home/ec2-user/.rvm/gems/ruby-2.6.3/gems/capybara-3.35.3/lib/capybara.rb:424:in `new'[0m
            [36m# /home/ec2-user/.rvm/gems/ruby-2.6.3/gems/capybara-3.35.3/lib/capybara.rb:424:in `block in session_pool'[0m
            [36m# /home/ec2-user/.rvm/gems/ruby-2.6.3/gems/capybara-3.35.3/lib/capybara.rb:315:in `current_session'[0m
            [36m# /home/ec2-user/.rvm/gems/ruby-2.6.3/gems/capybara-3.35.3/lib/capybara/dsl.rb:46:in `page'[0m
            [36m# ------------------[0m
            [36m# --- Caused by: ---[0m
            [36m# LoadError:[0m
            [36m#   cannot load such file -- selenium-webdriver[0m
            [36m#   /home/ec2-user/.rvm/gems/ruby-2.6.3/gems/bootsnap-1.7.3/lib/bootsnap/load_path_cache/core_ext/kernel_require.rb:34:in `require'[0m

  71) ログイン前のテスト ユーザ新規登録のテスト 表示内容の確認 password_confirmationフォームが表示される
      [31mGot 0 failures and 2 other errors:[0m

      71.1) [31mFailure/Error: [0mvisit new_user_registration_path[0m
            [31m[0m
            [31mLoadError:[0m
            [31m  Capybara's selenium driver is unable to load `selenium-webdriver`, please install the gem and add `gem 'selenium-webdriver'` to your Gemfile if you are using bundler.[0m
            [36m# /home/ec2-user/.rvm/gems/ruby-2.6.3/gems/capybara-3.35.3/lib/capybara/selenium/driver.rb:54:in `rescue in load_selenium'[0m
            [36m# /home/ec2-user/.rvm/gems/ruby-2.6.3/gems/capybara-3.35.3/lib/capybara/selenium/driver.rb:22:in `load_selenium'[0m
            [36m# /home/ec2-user/.rvm/gems/ruby-2.6.3/gems/capybara-3.35.3/lib/capybara/selenium/driver.rb:94:in `initialize'[0m
            [36m# /home/ec2-user/.rvm/gems/ruby-2.6.3/gems/capybara-3.35.3/lib/capybara/session.rb:104:in `driver'[0m
            [36m# /home/ec2-user/.rvm/gems/ruby-2.6.3/gems/capybara-3.35.3/lib/capybara/session.rb:90:in `initialize'[0m
            [36m# /home/ec2-user/.rvm/gems/ruby-2.6.3/gems/capybara-3.35.3/lib/capybara.rb:424:in `new'[0m
            [36m# /home/ec2-user/.rvm/gems/ruby-2.6.3/gems/capybara-3.35.3/lib/capybara.rb:424:in `block in session_pool'[0m
            [36m# /home/ec2-user/.rvm/gems/ruby-2.6.3/gems/capybara-3.35.3/lib/capybara.rb:315:in `current_session'[0m
            [36m# /home/ec2-user/.rvm/gems/ruby-2.6.3/gems/capybara-3.35.3/lib/capybara/dsl.rb:46:in `page'[0m
            [36m# /home/ec2-user/.rvm/gems/ruby-2.6.3/gems/capybara-3.35.3/lib/capybara/dsl.rb:58:in `block (2 levels) in <module:DSL>'[0m
            [36m# ./spec/system/before_login_spec.rb:82:in `block (3 levels) in <main>'[0m
            [36m# ------------------[0m
            [36m# --- Caused by: ---[0m
            [36m# LoadError:[0m
            [36m#   cannot load such file -- selenium-webdriver[0m
            [36m#   /home/ec2-user/.rvm/gems/ruby-2.6.3/gems/bootsnap-1.7.3/lib/bootsnap/load_path_cache/core_ext/kernel_require.rb:34:in `require'[0m

      71.2) [31mFailure/Error: [0mraise [1;34;4mLoadError[0m, [31m[1;31m"[0m[31mCapybara's selenium driver is unable to load `selenium-webdriver`, please install the gem and add `gem 'selenium-webdriver'` to your Gemfile if you are using bundler.[1;31m"[0m[31m[0m[0m
            [31m[0m
            [31mLoadError:[0m
            [31m  Capybara's selenium driver is unable to load `selenium-webdriver`, please install the gem and add `gem 'selenium-webdriver'` to your Gemfile if you are using bundler.[0m
            [36m# /home/ec2-user/.rvm/gems/ruby-2.6.3/gems/capybara-3.35.3/lib/capybara/selenium/driver.rb:54:in `rescue in load_selenium'[0m
            [36m# /home/ec2-user/.rvm/gems/ruby-2.6.3/gems/capybara-3.35.3/lib/capybara/selenium/driver.rb:22:in `load_selenium'[0m
            [36m# /home/ec2-user/.rvm/gems/ruby-2.6.3/gems/capybara-3.35.3/lib/capybara/selenium/driver.rb:94:in `initialize'[0m
            [36m# /home/ec2-user/.rvm/gems/ruby-2.6.3/gems/capybara-3.35.3/lib/capybara/session.rb:104:in `driver'[0m
            [36m# /home/ec2-user/.rvm/gems/ruby-2.6.3/gems/capybara-3.35.3/lib/capybara/session.rb:90:in `initialize'[0m
            [36m# /home/ec2-user/.rvm/gems/ruby-2.6.3/gems/capybara-3.35.3/lib/capybara.rb:424:in `new'[0m
            [36m# /home/ec2-user/.rvm/gems/ruby-2.6.3/gems/capybara-3.35.3/lib/capybara.rb:424:in `block in session_pool'[0m
            [36m# /home/ec2-user/.rvm/gems/ruby-2.6.3/gems/capybara-3.35.3/lib/capybara.rb:315:in `current_session'[0m
            [36m# /home/ec2-user/.rvm/gems/ruby-2.6.3/gems/capybara-3.35.3/lib/capybara/dsl.rb:46:in `page'[0m
            [36m# ------------------[0m
            [36m# --- Caused by: ---[0m
            [36m# LoadError:[0m
            [36m#   cannot load such file -- selenium-webdriver[0m
            [36m#   /home/ec2-user/.rvm/gems/ruby-2.6.3/gems/bootsnap-1.7.3/lib/bootsnap/load_path_cache/core_ext/kernel_require.rb:34:in `require'[0m

  72) ログイン前のテスト ユーザ新規登録のテスト 表示内容の確認 Sign upボタンが表示される
      [31mGot 0 failures and 2 other errors:[0m

      72.1) [31mFailure/Error: [0mvisit new_user_registration_path[0m
            [31m[0m
            [31mLoadError:[0m
            [31m  Capybara's selenium driver is unable to load `selenium-webdriver`, please install the gem and add `gem 'selenium-webdriver'` to your Gemfile if you are using bundler.[0m
            [36m# /home/ec2-user/.rvm/gems/ruby-2.6.3/gems/capybara-3.35.3/lib/capybara/selenium/driver.rb:54:in `rescue in load_selenium'[0m
            [36m# /home/ec2-user/.rvm/gems/ruby-2.6.3/gems/capybara-3.35.3/lib/capybara/selenium/driver.rb:22:in `load_selenium'[0m
            [36m# /home/ec2-user/.rvm/gems/ruby-2.6.3/gems/capybara-3.35.3/lib/capybara/selenium/driver.rb:94:in `initialize'[0m
            [36m# /home/ec2-user/.rvm/gems/ruby-2.6.3/gems/capybara-3.35.3/lib/capybara/session.rb:104:in `driver'[0m
            [36m# /home/ec2-user/.rvm/gems/ruby-2.6.3/gems/capybara-3.35.3/lib/capybara/session.rb:90:in `initialize'[0m
            [36m# /home/ec2-user/.rvm/gems/ruby-2.6.3/gems/capybara-3.35.3/lib/capybara.rb:424:in `new'[0m
            [36m# /home/ec2-user/.rvm/gems/ruby-2.6.3/gems/capybara-3.35.3/lib/capybara.rb:424:in `block in session_pool'[0m
            [36m# /home/ec2-user/.rvm/gems/ruby-2.6.3/gems/capybara-3.35.3/lib/capybara.rb:315:in `current_session'[0m
            [36m# /home/ec2-user/.rvm/gems/ruby-2.6.3/gems/capybara-3.35.3/lib/capybara/dsl.rb:46:in `page'[0m
            [36m# /home/ec2-user/.rvm/gems/ruby-2.6.3/gems/capybara-3.35.3/lib/capybara/dsl.rb:58:in `block (2 levels) in <module:DSL>'[0m
            [36m# ./spec/system/before_login_spec.rb:82:in `block (3 levels) in <main>'[0m
            [36m# ------------------[0m
            [36m# --- Caused by: ---[0m
            [36m# LoadError:[0m
            [36m#   cannot load such file -- selenium-webdriver[0m
            [36m#   /home/ec2-user/.rvm/gems/ruby-2.6.3/gems/bootsnap-1.7.3/lib/bootsnap/load_path_cache/core_ext/kernel_require.rb:34:in `require'[0m

      72.2) [31mFailure/Error: [0mraise [1;34;4mLoadError[0m, [31m[1;31m"[0m[31mCapybara's selenium driver is unable to load `selenium-webdriver`, please install the gem and add `gem 'selenium-webdriver'` to your Gemfile if you are using bundler.[1;31m"[0m[31m[0m[0m
            [31m[0m
            [31mLoadError:[0m
            [31m  Capybara's selenium driver is unable to load `selenium-webdriver`, please install the gem and add `gem 'selenium-webdriver'` to your Gemfile if you are using bundler.[0m
            [36m# /home/ec2-user/.rvm/gems/ruby-2.6.3/gems/capybara-3.35.3/lib/capybara/selenium/driver.rb:54:in `rescue in load_selenium'[0m
            [36m# /home/ec2-user/.rvm/gems/ruby-2.6.3/gems/capybara-3.35.3/lib/capybara/selenium/driver.rb:22:in `load_selenium'[0m
            [36m# /home/ec2-user/.rvm/gems/ruby-2.6.3/gems/capybara-3.35.3/lib/capybara/selenium/driver.rb:94:in `initialize'[0m
            [36m# /home/ec2-user/.rvm/gems/ruby-2.6.3/gems/capybara-3.35.3/lib/capybara/session.rb:104:in `driver'[0m
            [36m# /home/ec2-user/.rvm/gems/ruby-2.6.3/gems/capybara-3.35.3/lib/capybara/session.rb:90:in `initialize'[0m
            [36m# /home/ec2-user/.rvm/gems/ruby-2.6.3/gems/capybara-3.35.3/lib/capybara.rb:424:in `new'[0m
            [36m# /home/ec2-user/.rvm/gems/ruby-2.6.3/gems/capybara-3.35.3/lib/capybara.rb:424:in `block in session_pool'[0m
            [36m# /home/ec2-user/.rvm/gems/ruby-2.6.3/gems/capybara-3.35.3/lib/capybara.rb:315:in `current_session'[0m
            [36m# /home/ec2-user/.rvm/gems/ruby-2.6.3/gems/capybara-3.35.3/lib/capybara/dsl.rb:46:in `page'[0m
            [36m# ------------------[0m
            [36m# --- Caused by: ---[0m
            [36m# LoadError:[0m
            [36m#   cannot load such file -- selenium-webdriver[0m
            [36m#   /home/ec2-user/.rvm/gems/ruby-2.6.3/gems/bootsnap-1.7.3/lib/bootsnap/load_path_cache/core_ext/kernel_require.rb:34:in `require'[0m

  73) ログイン前のテスト ユーザ新規登録のテスト 新規登録成功のテスト 正しく新規登録される
      [31mGot 0 failures and 2 other errors:[0m

      73.1) [31mFailure/Error: [0mvisit new_user_registration_path[0m
            [31m[0m
            [31mLoadError:[0m
            [31m  Capybara's selenium driver is unable to load `selenium-webdriver`, please install the gem and add `gem 'selenium-webdriver'` to your Gemfile if you are using bundler.[0m
            [36m# /home/ec2-user/.rvm/gems/ruby-2.6.3/gems/capybara-3.35.3/lib/capybara/selenium/driver.rb:54:in `rescue in load_selenium'[0m
            [36m# /home/ec2-user/.rvm/gems/ruby-2.6.3/gems/capybara-3.35.3/lib/capybara/selenium/driver.rb:22:in `load_selenium'[0m
            [36m# /home/ec2-user/.rvm/gems/ruby-2.6.3/gems/capybara-3.35.3/lib/capybara/selenium/driver.rb:94:in `initialize'[0m
            [36m# /home/ec2-user/.rvm/gems/ruby-2.6.3/gems/capybara-3.35.3/lib/capybara/session.rb:104:in `driver'[0m
            [36m# /home/ec2-user/.rvm/gems/ruby-2.6.3/gems/capybara-3.35.3/lib/capybara/session.rb:90:in `initialize'[0m
            [36m# /home/ec2-user/.rvm/gems/ruby-2.6.3/gems/capybara-3.35.3/lib/capybara.rb:424:in `new'[0m
            [36m# /home/ec2-user/.rvm/gems/ruby-2.6.3/gems/capybara-3.35.3/lib/capybara.rb:424:in `block in session_pool'[0m
            [36m# /home/ec2-user/.rvm/gems/ruby-2.6.3/gems/capybara-3.35.3/lib/capybara.rb:315:in `current_session'[0m
            [36m# /home/ec2-user/.rvm/gems/ruby-2.6.3/gems/capybara-3.35.3/lib/capybara/dsl.rb:46:in `page'[0m
            [36m# /home/ec2-user/.rvm/gems/ruby-2.6.3/gems/capybara-3.35.3/lib/capybara/dsl.rb:58:in `block (2 levels) in <module:DSL>'[0m
            [36m# ./spec/system/before_login_spec.rb:82:in `block (3 levels) in <main>'[0m
            [36m# ------------------[0m
            [36m# --- Caused by: ---[0m
            [36m# LoadError:[0m
            [36m#   cannot load such file -- selenium-webdriver[0m
            [36m#   /home/ec2-user/.rvm/gems/ruby-2.6.3/gems/bootsnap-1.7.3/lib/bootsnap/load_path_cache/core_ext/kernel_require.rb:34:in `require'[0m

      73.2) [31mFailure/Error: [0mraise [1;34;4mLoadError[0m, [31m[1;31m"[0m[31mCapybara's selenium driver is unable to load `selenium-webdriver`, please install the gem and add `gem 'selenium-webdriver'` to your Gemfile if you are using bundler.[1;31m"[0m[31m[0m[0m
            [31m[0m
            [31mLoadError:[0m
            [31m  Capybara's selenium driver is unable to load `selenium-webdriver`, please install the gem and add `gem 'selenium-webdriver'` to your Gemfile if you are using bundler.[0m
            [36m# /home/ec2-user/.rvm/gems/ruby-2.6.3/gems/capybara-3.35.3/lib/capybara/selenium/driver.rb:54:in `rescue in load_selenium'[0m
            [36m# /home/ec2-user/.rvm/gems/ruby-2.6.3/gems/capybara-3.35.3/lib/capybara/selenium/driver.rb:22:in `load_selenium'[0m
            [36m# /home/ec2-user/.rvm/gems/ruby-2.6.3/gems/capybara-3.35.3/lib/capybara/selenium/driver.rb:94:in `initialize'[0m
            [36m# /home/ec2-user/.rvm/gems/ruby-2.6.3/gems/capybara-3.35.3/lib/capybara/session.rb:104:in `driver'[0m
            [36m# /home/ec2-user/.rvm/gems/ruby-2.6.3/gems/capybara-3.35.3/lib/capybara/session.rb:90:in `initialize'[0m
            [36m# /home/ec2-user/.rvm/gems/ruby-2.6.3/gems/capybara-3.35.3/lib/capybara.rb:424:in `new'[0m
            [36m# /home/ec2-user/.rvm/gems/ruby-2.6.3/gems/capybara-3.35.3/lib/capybara.rb:424:in `block in session_pool'[0m
            [36m# /home/ec2-user/.rvm/gems/ruby-2.6.3/gems/capybara-3.35.3/lib/capybara.rb:315:in `current_session'[0m
            [36m# /home/ec2-user/.rvm/gems/ruby-2.6.3/gems/capybara-3.35.3/lib/capybara/dsl.rb:46:in `page'[0m
            [36m# ------------------[0m
            [36m# --- Caused by: ---[0m
            [36m# LoadError:[0m
            [36m#   cannot load such file -- selenium-webdriver[0m
            [36m#   /home/ec2-user/.rvm/gems/ruby-2.6.3/gems/bootsnap-1.7.3/lib/bootsnap/load_path_cache/core_ext/kernel_require.rb:34:in `require'[0m

  74) ログイン前のテスト ユーザ新規登録のテスト 新規登録成功のテスト 新規登録後のリダイレクト先が、投稿一覧画面になっている
      [31mGot 0 failures and 2 other errors:[0m

      74.1) [31mFailure/Error: [0mvisit new_user_registration_path[0m
            [31m[0m
            [31mLoadError:[0m
            [31m  Capybara's selenium driver is unable to load `selenium-webdriver`, please install the gem and add `gem 'selenium-webdriver'` to your Gemfile if you are using bundler.[0m
            [36m# /home/ec2-user/.rvm/gems/ruby-2.6.3/gems/capybara-3.35.3/lib/capybara/selenium/driver.rb:54:in `rescue in load_selenium'[0m
            [36m# /home/ec2-user/.rvm/gems/ruby-2.6.3/gems/capybara-3.35.3/lib/capybara/selenium/driver.rb:22:in `load_selenium'[0m
            [36m# /home/ec2-user/.rvm/gems/ruby-2.6.3/gems/capybara-3.35.3/lib/capybara/selenium/driver.rb:94:in `initialize'[0m
            [36m# /home/ec2-user/.rvm/gems/ruby-2.6.3/gems/capybara-3.35.3/lib/capybara/session.rb:104:in `driver'[0m
            [36m# /home/ec2-user/.rvm/gems/ruby-2.6.3/gems/capybara-3.35.3/lib/capybara/session.rb:90:in `initialize'[0m
            [36m# /home/ec2-user/.rvm/gems/ruby-2.6.3/gems/capybara-3.35.3/lib/capybara.rb:424:in `new'[0m
            [36m# /home/ec2-user/.rvm/gems/ruby-2.6.3/gems/capybara-3.35.3/lib/capybara.rb:424:in `block in session_pool'[0m
            [36m# /home/ec2-user/.rvm/gems/ruby-2.6.3/gems/capybara-3.35.3/lib/capybara.rb:315:in `current_session'[0m
            [36m# /home/ec2-user/.rvm/gems/ruby-2.6.3/gems/capybara-3.35.3/lib/capybara/dsl.rb:46:in `page'[0m
            [36m# /home/ec2-user/.rvm/gems/ruby-2.6.3/gems/capybara-3.35.3/lib/capybara/dsl.rb:58:in `block (2 levels) in <module:DSL>'[0m
            [36m# ./spec/system/before_login_spec.rb:82:in `block (3 levels) in <main>'[0m
            [36m# ------------------[0m
            [36m# --- Caused by: ---[0m
            [36m# LoadError:[0m
            [36m#   cannot load such file -- selenium-webdriver[0m
            [36m#   /home/ec2-user/.rvm/gems/ruby-2.6.3/gems/bootsnap-1.7.3/lib/bootsnap/load_path_cache/core_ext/kernel_require.rb:34:in `require'[0m

      74.2) [31mFailure/Error: [0mraise [1;34;4mLoadError[0m, [31m[1;31m"[0m[31mCapybara's selenium driver is unable to load `selenium-webdriver`, please install the gem and add `gem 'selenium-webdriver'` to your Gemfile if you are using bundler.[1;31m"[0m[31m[0m[0m
            [31m[0m
            [31mLoadError:[0m
            [31m  Capybara's selenium driver is unable to load `selenium-webdriver`, please install the gem and add `gem 'selenium-webdriver'` to your Gemfile if you are using bundler.[0m
            [36m# /home/ec2-user/.rvm/gems/ruby-2.6.3/gems/capybara-3.35.3/lib/capybara/selenium/driver.rb:54:in `rescue in load_selenium'[0m
            [36m# /home/ec2-user/.rvm/gems/ruby-2.6.3/gems/capybara-3.35.3/lib/capybara/selenium/driver.rb:22:in `load_selenium'[0m
            [36m# /home/ec2-user/.rvm/gems/ruby-2.6.3/gems/capybara-3.35.3/lib/capybara/selenium/driver.rb:94:in `initialize'[0m
            [36m# /home/ec2-user/.rvm/gems/ruby-2.6.3/gems/capybara-3.35.3/lib/capybara/session.rb:104:in `driver'[0m
            [36m# /home/ec2-user/.rvm/gems/ruby-2.6.3/gems/capybara-3.35.3/lib/capybara/session.rb:90:in `initialize'[0m
            [36m# /home/ec2-user/.rvm/gems/ruby-2.6.3/gems/capybara-3.35.3/lib/capybara.rb:424:in `new'[0m
            [36m# /home/ec2-user/.rvm/gems/ruby-2.6.3/gems/capybara-3.35.3/lib/capybara.rb:424:in `block in session_pool'[0m
            [36m# /home/ec2-user/.rvm/gems/ruby-2.6.3/gems/capybara-3.35.3/lib/capybara.rb:315:in `current_session'[0m
            [36m# /home/ec2-user/.rvm/gems/ruby-2.6.3/gems/capybara-3.35.3/lib/capybara/dsl.rb:46:in `page'[0m
            [36m# ------------------[0m
            [36m# --- Caused by: ---[0m
            [36m# LoadError:[0m
            [36m#   cannot load such file -- selenium-webdriver[0m
            [36m#   /home/ec2-user/.rvm/gems/ruby-2.6.3/gems/bootsnap-1.7.3/lib/bootsnap/load_path_cache/core_ext/kernel_require.rb:34:in `require'[0m

  75) ログイン前のテスト ユーザログイン 表示内容の確認 URLが正しい
      [31mGot 0 failures and 2 other errors:[0m

      75.1) [31mFailure/Error: [0mvisit new_user_session_path[0m
            [31m[0m
            [31mLoadError:[0m
            [31m  Capybara's selenium driver is unable to load `selenium-webdriver`, please install the gem and add `gem 'selenium-webdriver'` to your Gemfile if you are using bundler.[0m
            [36m# /home/ec2-user/.rvm/gems/ruby-2.6.3/gems/capybara-3.35.3/lib/capybara/selenium/driver.rb:54:in `rescue in load_selenium'[0m
            [36m# /home/ec2-user/.rvm/gems/ruby-2.6.3/gems/capybara-3.35.3/lib/capybara/selenium/driver.rb:22:in `load_selenium'[0m
            [36m# /home/ec2-user/.rvm/gems/ruby-2.6.3/gems/capybara-3.35.3/lib/capybara/selenium/driver.rb:94:in `initialize'[0m
            [36m# /home/ec2-user/.rvm/gems/ruby-2.6.3/gems/capybara-3.35.3/lib/capybara/session.rb:104:in `driver'[0m
            [36m# /home/ec2-user/.rvm/gems/ruby-2.6.3/gems/capybara-3.35.3/lib/capybara/session.rb:90:in `initialize'[0m
            [36m# /home/ec2-user/.rvm/gems/ruby-2.6.3/gems/capybara-3.35.3/lib/capybara.rb:424:in `new'[0m
            [36m# /home/ec2-user/.rvm/gems/ruby-2.6.3/gems/capybara-3.35.3/lib/capybara.rb:424:in `block in session_pool'[0m
            [36m# /home/ec2-user/.rvm/gems/ruby-2.6.3/gems/capybara-3.35.3/lib/capybara.rb:315:in `current_session'[0m
            [36m# /home/ec2-user/.rvm/gems/ruby-2.6.3/gems/capybara-3.35.3/lib/capybara/dsl.rb:46:in `page'[0m
            [36m# /home/ec2-user/.rvm/gems/ruby-2.6.3/gems/capybara-3.35.3/lib/capybara/dsl.rb:58:in `block (2 levels) in <module:DSL>'[0m
            [36m# ./spec/system/before_login_spec.rb:131:in `block (3 levels) in <main>'[0m
            [36m# ------------------[0m
            [36m# --- Caused by: ---[0m
            [36m# LoadError:[0m
            [36m#   cannot load such file -- selenium-webdriver[0m
            [36m#   /home/ec2-user/.rvm/gems/ruby-2.6.3/gems/bootsnap-1.7.3/lib/bootsnap/load_path_cache/core_ext/kernel_require.rb:34:in `require'[0m

      75.2) [31mFailure/Error: [0mraise [1;34;4mLoadError[0m, [31m[1;31m"[0m[31mCapybara's selenium driver is unable to load `selenium-webdriver`, please install the gem and add `gem 'selenium-webdriver'` to your Gemfile if you are using bundler.[1;31m"[0m[31m[0m[0m
            [31m[0m
            [31mLoadError:[0m
            [31m  Capybara's selenium driver is unable to load `selenium-webdriver`, please install the gem and add `gem 'selenium-webdriver'` to your Gemfile if you are using bundler.[0m
            [36m# /home/ec2-user/.rvm/gems/ruby-2.6.3/gems/capybara-3.35.3/lib/capybara/selenium/driver.rb:54:in `rescue in load_selenium'[0m
            [36m# /home/ec2-user/.rvm/gems/ruby-2.6.3/gems/capybara-3.35.3/lib/capybara/selenium/driver.rb:22:in `load_selenium'[0m
            [36m# /home/ec2-user/.rvm/gems/ruby-2.6.3/gems/capybara-3.35.3/lib/capybara/selenium/driver.rb:94:in `initialize'[0m
            [36m# /home/ec2-user/.rvm/gems/ruby-2.6.3/gems/capybara-3.35.3/lib/capybara/session.rb:104:in `driver'[0m
            [36m# /home/ec2-user/.rvm/gems/ruby-2.6.3/gems/capybara-3.35.3/lib/capybara/session.rb:90:in `initialize'[0m
            [36m# /home/ec2-user/.rvm/gems/ruby-2.6.3/gems/capybara-3.35.3/lib/capybara.rb:424:in `new'[0m
            [36m# /home/ec2-user/.rvm/gems/ruby-2.6.3/gems/capybara-3.35.3/lib/capybara.rb:424:in `block in session_pool'[0m
            [36m# /home/ec2-user/.rvm/gems/ruby-2.6.3/gems/capybara-3.35.3/lib/capybara.rb:315:in `current_session'[0m
            [36m# /home/ec2-user/.rvm/gems/ruby-2.6.3/gems/capybara-3.35.3/lib/capybara/dsl.rb:46:in `page'[0m
            [36m# ------------------[0m
            [36m# --- Caused by: ---[0m
            [36m# LoadError:[0m
            [36m#   cannot load such file -- selenium-webdriver[0m
            [36m#   /home/ec2-user/.rvm/gems/ruby-2.6.3/gems/bootsnap-1.7.3/lib/bootsnap/load_path_cache/core_ext/kernel_require.rb:34:in `require'[0m

  76) ログイン前のテスト ユーザログイン 表示内容の確認 「Log in」と表示される
      [31mGot 0 failures and 2 other errors:[0m

      76.1) [31mFailure/Error: [0mvisit new_user_session_path[0m
            [31m[0m
            [31mLoadError:[0m
            [31m  Capybara's selenium driver is unable to load `selenium-webdriver`, please install the gem and add `gem 'selenium-webdriver'` to your Gemfile if you are using bundler.[0m
            [36m# /home/ec2-user/.rvm/gems/ruby-2.6.3/gems/capybara-3.35.3/lib/capybara/selenium/driver.rb:54:in `rescue in load_selenium'[0m
            [36m# /home/ec2-user/.rvm/gems/ruby-2.6.3/gems/capybara-3.35.3/lib/capybara/selenium/driver.rb:22:in `load_selenium'[0m
            [36m# /home/ec2-user/.rvm/gems/ruby-2.6.3/gems/capybara-3.35.3/lib/capybara/selenium/driver.rb:94:in `initialize'[0m
            [36m# /home/ec2-user/.rvm/gems/ruby-2.6.3/gems/capybara-3.35.3/lib/capybara/session.rb:104:in `driver'[0m
            [36m# /home/ec2-user/.rvm/gems/ruby-2.6.3/gems/capybara-3.35.3/lib/capybara/session.rb:90:in `initialize'[0m
            [36m# /home/ec2-user/.rvm/gems/ruby-2.6.3/gems/capybara-3.35.3/lib/capybara.rb:424:in `new'[0m
            [36m# /home/ec2-user/.rvm/gems/ruby-2.6.3/gems/capybara-3.35.3/lib/capybara.rb:424:in `block in session_pool'[0m
            [36m# /home/ec2-user/.rvm/gems/ruby-2.6.3/gems/capybara-3.35.3/lib/capybara.rb:315:in `current_session'[0m
            [36m# /home/ec2-user/.rvm/gems/ruby-2.6.3/gems/capybara-3.35.3/lib/capybara/dsl.rb:46:in `page'[0m
            [36m# /home/ec2-user/.rvm/gems/ruby-2.6.3/gems/capybara-3.35.3/lib/capybara/dsl.rb:58:in `block (2 levels) in <module:DSL>'[0m
            [36m# ./spec/system/before_login_spec.rb:131:in `block (3 levels) in <main>'[0m
            [36m# ------------------[0m
            [36m# --- Caused by: ---[0m
            [36m# LoadError:[0m
            [36m#   cannot load such file -- selenium-webdriver[0m
            [36m#   /home/ec2-user/.rvm/gems/ruby-2.6.3/gems/bootsnap-1.7.3/lib/bootsnap/load_path_cache/core_ext/kernel_require.rb:34:in `require'[0m

      76.2) [31mFailure/Error: [0mraise [1;34;4mLoadError[0m, [31m[1;31m"[0m[31mCapybara's selenium driver is unable to load `selenium-webdriver`, please install the gem and add `gem 'selenium-webdriver'` to your Gemfile if you are using bundler.[1;31m"[0m[31m[0m[0m
            [31m[0m
            [31mLoadError:[0m
            [31m  Capybara's selenium driver is unable to load `selenium-webdriver`, please install the gem and add `gem 'selenium-webdriver'` to your Gemfile if you are using bundler.[0m
            [36m# /home/ec2-user/.rvm/gems/ruby-2.6.3/gems/capybara-3.35.3/lib/capybara/selenium/driver.rb:54:in `rescue in load_selenium'[0m
            [36m# /home/ec2-user/.rvm/gems/ruby-2.6.3/gems/capybara-3.35.3/lib/capybara/selenium/driver.rb:22:in `load_selenium'[0m
            [36m# /home/ec2-user/.rvm/gems/ruby-2.6.3/gems/capybara-3.35.3/lib/capybara/selenium/driver.rb:94:in `initialize'[0m
            [36m# /home/ec2-user/.rvm/gems/ruby-2.6.3/gems/capybara-3.35.3/lib/capybara/session.rb:104:in `driver'[0m
            [36m# /home/ec2-user/.rvm/gems/ruby-2.6.3/gems/capybara-3.35.3/lib/capybara/session.rb:90:in `initialize'[0m
            [36m# /home/ec2-user/.rvm/gems/ruby-2.6.3/gems/capybara-3.35.3/lib/capybara.rb:424:in `new'[0m
            [36m# /home/ec2-user/.rvm/gems/ruby-2.6.3/gems/capybara-3.35.3/lib/capybara.rb:424:in `block in session_pool'[0m
            [36m# /home/ec2-user/.rvm/gems/ruby-2.6.3/gems/capybara-3.35.3/lib/capybara.rb:315:in `current_session'[0m
            [36m# /home/ec2-user/.rvm/gems/ruby-2.6.3/gems/capybara-3.35.3/lib/capybara/dsl.rb:46:in `page'[0m
            [36m# ------------------[0m
            [36m# --- Caused by: ---[0m
            [36m# LoadError:[0m
            [36m#   cannot load such file -- selenium-webdriver[0m
            [36m#   /home/ec2-user/.rvm/gems/ruby-2.6.3/gems/bootsnap-1.7.3/lib/bootsnap/load_path_cache/core_ext/kernel_require.rb:34:in `require'[0m

  77) ログイン前のテスト ユーザログイン 表示内容の確認 emailフォームが表示される
      [31mGot 0 failures and 2 other errors:[0m

      77.1) [31mFailure/Error: [0mvisit new_user_session_path[0m
            [31m[0m
            [31mLoadError:[0m
            [31m  Capybara's selenium driver is unable to load `selenium-webdriver`, please install the gem and add `gem 'selenium-webdriver'` to your Gemfile if you are using bundler.[0m
            [36m# /home/ec2-user/.rvm/gems/ruby-2.6.3/gems/capybara-3.35.3/lib/capybara/selenium/driver.rb:54:in `rescue in load_selenium'[0m
            [36m# /home/ec2-user/.rvm/gems/ruby-2.6.3/gems/capybara-3.35.3/lib/capybara/selenium/driver.rb:22:in `load_selenium'[0m
            [36m# /home/ec2-user/.rvm/gems/ruby-2.6.3/gems/capybara-3.35.3/lib/capybara/selenium/driver.rb:94:in `initialize'[0m
            [36m# /home/ec2-user/.rvm/gems/ruby-2.6.3/gems/capybara-3.35.3/lib/capybara/session.rb:104:in `driver'[0m
            [36m# /home/ec2-user/.rvm/gems/ruby-2.6.3/gems/capybara-3.35.3/lib/capybara/session.rb:90:in `initialize'[0m
            [36m# /home/ec2-user/.rvm/gems/ruby-2.6.3/gems/capybara-3.35.3/lib/capybara.rb:424:in `new'[0m
            [36m# /home/ec2-user/.rvm/gems/ruby-2.6.3/gems/capybara-3.35.3/lib/capybara.rb:424:in `block in session_pool'[0m
            [36m# /home/ec2-user/.rvm/gems/ruby-2.6.3/gems/capybara-3.35.3/lib/capybara.rb:315:in `current_session'[0m
            [36m# /home/ec2-user/.rvm/gems/ruby-2.6.3/gems/capybara-3.35.3/lib/capybara/dsl.rb:46:in `page'[0m
            [36m# /home/ec2-user/.rvm/gems/ruby-2.6.3/gems/capybara-3.35.3/lib/capybara/dsl.rb:58:in `block (2 levels) in <module:DSL>'[0m
            [36m# ./spec/system/before_login_spec.rb:131:in `block (3 levels) in <main>'[0m
            [36m# ------------------[0m
            [36m# --- Caused by: ---[0m
            [36m# LoadError:[0m
            [36m#   cannot load such file -- selenium-webdriver[0m
            [36m#   /home/ec2-user/.rvm/gems/ruby-2.6.3/gems/bootsnap-1.7.3/lib/bootsnap/load_path_cache/core_ext/kernel_require.rb:34:in `require'[0m

      77.2) [31mFailure/Error: [0mraise [1;34;4mLoadError[0m, [31m[1;31m"[0m[31mCapybara's selenium driver is unable to load `selenium-webdriver`, please install the gem and add `gem 'selenium-webdriver'` to your Gemfile if you are using bundler.[1;31m"[0m[31m[0m[0m
            [31m[0m
            [31mLoadError:[0m
            [31m  Capybara's selenium driver is unable to load `selenium-webdriver`, please install the gem and add `gem 'selenium-webdriver'` to your Gemfile if you are using bundler.[0m
            [36m# /home/ec2-user/.rvm/gems/ruby-2.6.3/gems/capybara-3.35.3/lib/capybara/selenium/driver.rb:54:in `rescue in load_selenium'[0m
            [36m# /home/ec2-user/.rvm/gems/ruby-2.6.3/gems/capybara-3.35.3/lib/capybara/selenium/driver.rb:22:in `load_selenium'[0m
            [36m# /home/ec2-user/.rvm/gems/ruby-2.6.3/gems/capybara-3.35.3/lib/capybara/selenium/driver.rb:94:in `initialize'[0m
            [36m# /home/ec2-user/.rvm/gems/ruby-2.6.3/gems/capybara-3.35.3/lib/capybara/session.rb:104:in `driver'[0m
            [36m# /home/ec2-user/.rvm/gems/ruby-2.6.3/gems/capybara-3.35.3/lib/capybara/session.rb:90:in `initialize'[0m
            [36m# /home/ec2-user/.rvm/gems/ruby-2.6.3/gems/capybara-3.35.3/lib/capybara.rb:424:in `new'[0m
            [36m# /home/ec2-user/.rvm/gems/ruby-2.6.3/gems/capybara-3.35.3/lib/capybara.rb:424:in `block in session_pool'[0m
            [36m# /home/ec2-user/.rvm/gems/ruby-2.6.3/gems/capybara-3.35.3/lib/capybara.rb:315:in `current_session'[0m
            [36m# /home/ec2-user/.rvm/gems/ruby-2.6.3/gems/capybara-3.35.3/lib/capybara/dsl.rb:46:in `page'[0m
            [36m# ------------------[0m
            [36m# --- Caused by: ---[0m
            [36m# LoadError:[0m
            [36m#   cannot load such file -- selenium-webdriver[0m
            [36m#   /home/ec2-user/.rvm/gems/ruby-2.6.3/gems/bootsnap-1.7.3/lib/bootsnap/load_path_cache/core_ext/kernel_require.rb:34:in `require'[0m

  78) ログイン前のテスト ユーザログイン 表示内容の確認 passwordフォームが表示される
      [31mGot 0 failures and 2 other errors:[0m

      78.1) [31mFailure/Error: [0mvisit new_user_session_path[0m
            [31m[0m
            [31mLoadError:[0m
            [31m  Capybara's selenium driver is unable to load `selenium-webdriver`, please install the gem and add `gem 'selenium-webdriver'` to your Gemfile if you are using bundler.[0m
            [36m# /home/ec2-user/.rvm/gems/ruby-2.6.3/gems/capybara-3.35.3/lib/capybara/selenium/driver.rb:54:in `rescue in load_selenium'[0m
            [36m# /home/ec2-user/.rvm/gems/ruby-2.6.3/gems/capybara-3.35.3/lib/capybara/selenium/driver.rb:22:in `load_selenium'[0m
            [36m# /home/ec2-user/.rvm/gems/ruby-2.6.3/gems/capybara-3.35.3/lib/capybara/selenium/driver.rb:94:in `initialize'[0m
            [36m# /home/ec2-user/.rvm/gems/ruby-2.6.3/gems/capybara-3.35.3/lib/capybara/session.rb:104:in `driver'[0m
            [36m# /home/ec2-user/.rvm/gems/ruby-2.6.3/gems/capybara-3.35.3/lib/capybara/session.rb:90:in `initialize'[0m
            [36m# /home/ec2-user/.rvm/gems/ruby-2.6.3/gems/capybara-3.35.3/lib/capybara.rb:424:in `new'[0m
            [36m# /home/ec2-user/.rvm/gems/ruby-2.6.3/gems/capybara-3.35.3/lib/capybara.rb:424:in `block in session_pool'[0m
            [36m# /home/ec2-user/.rvm/gems/ruby-2.6.3/gems/capybara-3.35.3/lib/capybara.rb:315:in `current_session'[0m
            [36m# /home/ec2-user/.rvm/gems/ruby-2.6.3/gems/capybara-3.35.3/lib/capybara/dsl.rb:46:in `page'[0m
            [36m# /home/ec2-user/.rvm/gems/ruby-2.6.3/gems/capybara-3.35.3/lib/capybara/dsl.rb:58:in `block (2 levels) in <module:DSL>'[0m
            [36m# ./spec/system/before_login_spec.rb:131:in `block (3 levels) in <main>'[0m
            [36m# ------------------[0m
            [36m# --- Caused by: ---[0m
            [36m# LoadError:[0m
            [36m#   cannot load such file -- selenium-webdriver[0m
            [36m#   /home/ec2-user/.rvm/gems/ruby-2.6.3/gems/bootsnap-1.7.3/lib/bootsnap/load_path_cache/core_ext/kernel_require.rb:34:in `require'[0m

      78.2) [31mFailure/Error: [0mraise [1;34;4mLoadError[0m, [31m[1;31m"[0m[31mCapybara's selenium driver is unable to load `selenium-webdriver`, please install the gem and add `gem 'selenium-webdriver'` to your Gemfile if you are using bundler.[1;31m"[0m[31m[0m[0m
            [31m[0m
            [31mLoadError:[0m
            [31m  Capybara's selenium driver is unable to load `selenium-webdriver`, please install the gem and add `gem 'selenium-webdriver'` to your Gemfile if you are using bundler.[0m
            [36m# /home/ec2-user/.rvm/gems/ruby-2.6.3/gems/capybara-3.35.3/lib/capybara/selenium/driver.rb:54:in `rescue in load_selenium'[0m
            [36m# /home/ec2-user/.rvm/gems/ruby-2.6.3/gems/capybara-3.35.3/lib/capybara/selenium/driver.rb:22:in `load_selenium'[0m
            [36m# /home/ec2-user/.rvm/gems/ruby-2.6.3/gems/capybara-3.35.3/lib/capybara/selenium/driver.rb:94:in `initialize'[0m
            [36m# /home/ec2-user/.rvm/gems/ruby-2.6.3/gems/capybara-3.35.3/lib/capybara/session.rb:104:in `driver'[0m
            [36m# /home/ec2-user/.rvm/gems/ruby-2.6.3/gems/capybara-3.35.3/lib/capybara/session.rb:90:in `initialize'[0m
            [36m# /home/ec2-user/.rvm/gems/ruby-2.6.3/gems/capybara-3.35.3/lib/capybara.rb:424:in `new'[0m
            [36m# /home/ec2-user/.rvm/gems/ruby-2.6.3/gems/capybara-3.35.3/lib/capybara.rb:424:in `block in session_pool'[0m
            [36m# /home/ec2-user/.rvm/gems/ruby-2.6.3/gems/capybara-3.35.3/lib/capybara.rb:315:in `current_session'[0m
            [36m# /home/ec2-user/.rvm/gems/ruby-2.6.3/gems/capybara-3.35.3/lib/capybara/dsl.rb:46:in `page'[0m
            [36m# ------------------[0m
            [36m# --- Caused by: ---[0m
            [36m# LoadError:[0m
            [36m#   cannot load such file -- selenium-webdriver[0m
            [36m#   /home/ec2-user/.rvm/gems/ruby-2.6.3/gems/bootsnap-1.7.3/lib/bootsnap/load_path_cache/core_ext/kernel_require.rb:34:in `require'[0m

  79) ログイン前のテスト ユーザログイン 表示内容の確認 Sign upボタンが表示される
      [31mGot 0 failures and 2 other errors:[0m

      79.1) [31mFailure/Error: [0mvisit new_user_session_path[0m
            [31m[0m
            [31mLoadError:[0m
            [31m  Capybara's selenium driver is unable to load `selenium-webdriver`, please install the gem and add `gem 'selenium-webdriver'` to your Gemfile if you are using bundler.[0m
            [36m# /home/ec2-user/.rvm/gems/ruby-2.6.3/gems/capybara-3.35.3/lib/capybara/selenium/driver.rb:54:in `rescue in load_selenium'[0m
            [36m# /home/ec2-user/.rvm/gems/ruby-2.6.3/gems/capybara-3.35.3/lib/capybara/selenium/driver.rb:22:in `load_selenium'[0m
            [36m# /home/ec2-user/.rvm/gems/ruby-2.6.3/gems/capybara-3.35.3/lib/capybara/selenium/driver.rb:94:in `initialize'[0m
            [36m# /home/ec2-user/.rvm/gems/ruby-2.6.3/gems/capybara-3.35.3/lib/capybara/session.rb:104:in `driver'[0m
            [36m# /home/ec2-user/.rvm/gems/ruby-2.6.3/gems/capybara-3.35.3/lib/capybara/session.rb:90:in `initialize'[0m
            [36m# /home/ec2-user/.rvm/gems/ruby-2.6.3/gems/capybara-3.35.3/lib/capybara.rb:424:in `new'[0m
            [36m# /home/ec2-user/.rvm/gems/ruby-2.6.3/gems/capybara-3.35.3/lib/capybara.rb:424:in `block in session_pool'[0m
            [36m# /home/ec2-user/.rvm/gems/ruby-2.6.3/gems/capybara-3.35.3/lib/capybara.rb:315:in `current_session'[0m
            [36m# /home/ec2-user/.rvm/gems/ruby-2.6.3/gems/capybara-3.35.3/lib/capybara/dsl.rb:46:in `page'[0m
            [36m# /home/ec2-user/.rvm/gems/ruby-2.6.3/gems/capybara-3.35.3/lib/capybara/dsl.rb:58:in `block (2 levels) in <module:DSL>'[0m
            [36m# ./spec/system/before_login_spec.rb:131:in `block (3 levels) in <main>'[0m
            [36m# ------------------[0m
            [36m# --- Caused by: ---[0m
            [36m# LoadError:[0m
            [36m#   cannot load such file -- selenium-webdriver[0m
            [36m#   /home/ec2-user/.rvm/gems/ruby-2.6.3/gems/bootsnap-1.7.3/lib/bootsnap/load_path_cache/core_ext/kernel_require.rb:34:in `require'[0m

      79.2) [31mFailure/Error: [0mraise [1;34;4mLoadError[0m, [31m[1;31m"[0m[31mCapybara's selenium driver is unable to load `selenium-webdriver`, please install the gem and add `gem 'selenium-webdriver'` to your Gemfile if you are using bundler.[1;31m"[0m[31m[0m[0m
            [31m[0m
            [31mLoadError:[0m
            [31m  Capybara's selenium driver is unable to load `selenium-webdriver`, please install the gem and add `gem 'selenium-webdriver'` to your Gemfile if you are using bundler.[0m
            [36m# /home/ec2-user/.rvm/gems/ruby-2.6.3/gems/capybara-3.35.3/lib/capybara/selenium/driver.rb:54:in `rescue in load_selenium'[0m
            [36m# /home/ec2-user/.rvm/gems/ruby-2.6.3/gems/capybara-3.35.3/lib/capybara/selenium/driver.rb:22:in `load_selenium'[0m
            [36m# /home/ec2-user/.rvm/gems/ruby-2.6.3/gems/capybara-3.35.3/lib/capybara/selenium/driver.rb:94:in `initialize'[0m
            [36m# /home/ec2-user/.rvm/gems/ruby-2.6.3/gems/capybara-3.35.3/lib/capybara/session.rb:104:in `driver'[0m
            [36m# /home/ec2-user/.rvm/gems/ruby-2.6.3/gems/capybara-3.35.3/lib/capybara/session.rb:90:in `initialize'[0m
            [36m# /home/ec2-user/.rvm/gems/ruby-2.6.3/gems/capybara-3.35.3/lib/capybara.rb:424:in `new'[0m
            [36m# /home/ec2-user/.rvm/gems/ruby-2.6.3/gems/capybara-3.35.3/lib/capybara.rb:424:in `block in session_pool'[0m
            [36m# /home/ec2-user/.rvm/gems/ruby-2.6.3/gems/capybara-3.35.3/lib/capybara.rb:315:in `current_session'[0m
            [36m# /home/ec2-user/.rvm/gems/ruby-2.6.3/gems/capybara-3.35.3/lib/capybara/dsl.rb:46:in `page'[0m
            [36m# ------------------[0m
            [36m# --- Caused by: ---[0m
            [36m# LoadError:[0m
            [36m#   cannot load such file -- selenium-webdriver[0m
            [36m#   /home/ec2-user/.rvm/gems/ruby-2.6.3/gems/bootsnap-1.7.3/lib/bootsnap/load_path_cache/core_ext/kernel_require.rb:34:in `require'[0m

  80) ログイン前のテスト ユーザログイン 表示内容の確認 nameフォームは表示されない
      [31mGot 0 failures and 2 other errors:[0m

      80.1) [31mFailure/Error: [0mvisit new_user_session_path[0m
            [31m[0m
            [31mLoadError:[0m
            [31m  Capybara's selenium driver is unable to load `selenium-webdriver`, please install the gem and add `gem 'selenium-webdriver'` to your Gemfile if you are using bundler.[0m
            [36m# /home/ec2-user/.rvm/gems/ruby-2.6.3/gems/capybara-3.35.3/lib/capybara/selenium/driver.rb:54:in `rescue in load_selenium'[0m
            [36m# /home/ec2-user/.rvm/gems/ruby-2.6.3/gems/capybara-3.35.3/lib/capybara/selenium/driver.rb:22:in `load_selenium'[0m
            [36m# /home/ec2-user/.rvm/gems/ruby-2.6.3/gems/capybara-3.35.3/lib/capybara/selenium/driver.rb:94:in `initialize'[0m
            [36m# /home/ec2-user/.rvm/gems/ruby-2.6.3/gems/capybara-3.35.3/lib/capybara/session.rb:104:in `driver'[0m
            [36m# /home/ec2-user/.rvm/gems/ruby-2.6.3/gems/capybara-3.35.3/lib/capybara/session.rb:90:in `initialize'[0m
            [36m# /home/ec2-user/.rvm/gems/ruby-2.6.3/gems/capybara-3.35.3/lib/capybara.rb:424:in `new'[0m
            [36m# /home/ec2-user/.rvm/gems/ruby-2.6.3/gems/capybara-3.35.3/lib/capybara.rb:424:in `block in session_pool'[0m
            [36m# /home/ec2-user/.rvm/gems/ruby-2.6.3/gems/capybara-3.35.3/lib/capybara.rb:315:in `current_session'[0m
            [36m# /home/ec2-user/.rvm/gems/ruby-2.6.3/gems/capybara-3.35.3/lib/capybara/dsl.rb:46:in `page'[0m
            [36m# /home/ec2-user/.rvm/gems/ruby-2.6.3/gems/capybara-3.35.3/lib/capybara/dsl.rb:58:in `block (2 levels) in <module:DSL>'[0m
            [36m# ./spec/system/before_login_spec.rb:131:in `block (3 levels) in <main>'[0m
            [36m# ------------------[0m
            [36m# --- Caused by: ---[0m
            [36m# LoadError:[0m
            [36m#   cannot load such file -- selenium-webdriver[0m
            [36m#   /home/ec2-user/.rvm/gems/ruby-2.6.3/gems/bootsnap-1.7.3/lib/bootsnap/load_path_cache/core_ext/kernel_require.rb:34:in `require'[0m

      80.2) [31mFailure/Error: [0mraise [1;34;4mLoadError[0m, [31m[1;31m"[0m[31mCapybara's selenium driver is unable to load `selenium-webdriver`, please install the gem and add `gem 'selenium-webdriver'` to your Gemfile if you are using bundler.[1;31m"[0m[31m[0m[0m
            [31m[0m
            [31mLoadError:[0m
            [31m  Capybara's selenium driver is unable to load `selenium-webdriver`, please install the gem and add `gem 'selenium-webdriver'` to your Gemfile if you are using bundler.[0m
            [36m# /home/ec2-user/.rvm/gems/ruby-2.6.3/gems/capybara-3.35.3/lib/capybara/selenium/driver.rb:54:in `rescue in load_selenium'[0m
            [36m# /home/ec2-user/.rvm/gems/ruby-2.6.3/gems/capybara-3.35.3/lib/capybara/selenium/driver.rb:22:in `load_selenium'[0m
            [36m# /home/ec2-user/.rvm/gems/ruby-2.6.3/gems/capybara-3.35.3/lib/capybara/selenium/driver.rb:94:in `initialize'[0m
            [36m# /home/ec2-user/.rvm/gems/ruby-2.6.3/gems/capybara-3.35.3/lib/capybara/session.rb:104:in `driver'[0m
            [36m# /home/ec2-user/.rvm/gems/ruby-2.6.3/gems/capybara-3.35.3/lib/capybara/session.rb:90:in `initialize'[0m
            [36m# /home/ec2-user/.rvm/gems/ruby-2.6.3/gems/capybara-3.35.3/lib/capybara.rb:424:in `new'[0m
            [36m# /home/ec2-user/.rvm/gems/ruby-2.6.3/gems/capybara-3.35.3/lib/capybara.rb:424:in `block in session_pool'[0m
            [36m# /home/ec2-user/.rvm/gems/ruby-2.6.3/gems/capybara-3.35.3/lib/capybara.rb:315:in `current_session'[0m
            [36m# /home/ec2-user/.rvm/gems/ruby-2.6.3/gems/capybara-3.35.3/lib/capybara/dsl.rb:46:in `page'[0m
            [36m# ------------------[0m
            [36m# --- Caused by: ---[0m
            [36m# LoadError:[0m
            [36m#   cannot load such file -- selenium-webdriver[0m
            [36m#   /home/ec2-user/.rvm/gems/ruby-2.6.3/gems/bootsnap-1.7.3/lib/bootsnap/load_path_cache/core_ext/kernel_require.rb:34:in `require'[0m

  81) ログイン前のテスト ユーザログイン ログイン成功のテスト ログイン後のリダイレクト先が、投稿一覧画面になっている
      [31mGot 0 failures and 2 other errors:[0m

      81.1) [31mFailure/Error: [0mvisit new_user_session_path[0m
            [31m[0m
            [31mLoadError:[0m
            [31m  Capybara's selenium driver is unable to load `selenium-webdriver`, please install the gem and add `gem 'selenium-webdriver'` to your Gemfile if you are using bundler.[0m
            [36m# /home/ec2-user/.rvm/gems/ruby-2.6.3/gems/capybara-3.35.3/lib/capybara/selenium/driver.rb:54:in `rescue in load_selenium'[0m
            [36m# /home/ec2-user/.rvm/gems/ruby-2.6.3/gems/capybara-3.35.3/lib/capybara/selenium/driver.rb:22:in `load_selenium'[0m
            [36m# /home/ec2-user/.rvm/gems/ruby-2.6.3/gems/capybara-3.35.3/lib/capybara/selenium/driver.rb:94:in `initialize'[0m
            [36m# /home/ec2-user/.rvm/gems/ruby-2.6.3/gems/capybara-3.35.3/lib/capybara/session.rb:104:in `driver'[0m
            [36m# /home/ec2-user/.rvm/gems/ruby-2.6.3/gems/capybara-3.35.3/lib/capybara/session.rb:90:in `initialize'[0m
            [36m# /home/ec2-user/.rvm/gems/ruby-2.6.3/gems/capybara-3.35.3/lib/capybara.rb:424:in `new'[0m
            [36m# /home/ec2-user/.rvm/gems/ruby-2.6.3/gems/capybara-3.35.3/lib/capybara.rb:424:in `block in session_pool'[0m
            [36m# /home/ec2-user/.rvm/gems/ruby-2.6.3/gems/capybara-3.35.3/lib/capybara.rb:315:in `current_session'[0m
            [36m# /home/ec2-user/.rvm/gems/ruby-2.6.3/gems/capybara-3.35.3/lib/capybara/dsl.rb:46:in `page'[0m
            [36m# /home/ec2-user/.rvm/gems/ruby-2.6.3/gems/capybara-3.35.3/lib/capybara/dsl.rb:58:in `block (2 levels) in <module:DSL>'[0m
            [36m# ./spec/system/before_login_spec.rb:131:in `block (3 levels) in <main>'[0m
            [36m# ------------------[0m
            [36m# --- Caused by: ---[0m
            [36m# LoadError:[0m
            [36m#   cannot load such file -- selenium-webdriver[0m
            [36m#   /home/ec2-user/.rvm/gems/ruby-2.6.3/gems/bootsnap-1.7.3/lib/bootsnap/load_path_cache/core_ext/kernel_require.rb:34:in `require'[0m

      81.2) [31mFailure/Error: [0mraise [1;34;4mLoadError[0m, [31m[1;31m"[0m[31mCapybara's selenium driver is unable to load `selenium-webdriver`, please install the gem and add `gem 'selenium-webdriver'` to your Gemfile if you are using bundler.[1;31m"[0m[31m[0m[0m
            [31m[0m
            [31mLoadError:[0m
            [31m  Capybara's selenium driver is unable to load `selenium-webdriver`, please install the gem and add `gem 'selenium-webdriver'` to your Gemfile if you are using bundler.[0m
            [36m# /home/ec2-user/.rvm/gems/ruby-2.6.3/gems/capybara-3.35.3/lib/capybara/selenium/driver.rb:54:in `rescue in load_selenium'[0m
            [36m# /home/ec2-user/.rvm/gems/ruby-2.6.3/gems/capybara-3.35.3/lib/capybara/selenium/driver.rb:22:in `load_selenium'[0m
            [36m# /home/ec2-user/.rvm/gems/ruby-2.6.3/gems/capybara-3.35.3/lib/capybara/selenium/driver.rb:94:in `initialize'[0m
            [36m# /home/ec2-user/.rvm/gems/ruby-2.6.3/gems/capybara-3.35.3/lib/capybara/session.rb:104:in `driver'[0m
            [36m# /home/ec2-user/.rvm/gems/ruby-2.6.3/gems/capybara-3.35.3/lib/capybara/session.rb:90:in `initialize'[0m
            [36m# /home/ec2-user/.rvm/gems/ruby-2.6.3/gems/capybara-3.35.3/lib/capybara.rb:424:in `new'[0m
            [36m# /home/ec2-user/.rvm/gems/ruby-2.6.3/gems/capybara-3.35.3/lib/capybara.rb:424:in `block in session_pool'[0m
            [36m# /home/ec2-user/.rvm/gems/ruby-2.6.3/gems/capybara-3.35.3/lib/capybara.rb:315:in `current_session'[0m
            [36m# /home/ec2-user/.rvm/gems/ruby-2.6.3/gems/capybara-3.35.3/lib/capybara/dsl.rb:46:in `page'[0m
            [36m# ------------------[0m
            [36m# --- Caused by: ---[0m
            [36m# LoadError:[0m
            [36m#   cannot load such file -- selenium-webdriver[0m
            [36m#   /home/ec2-user/.rvm/gems/ruby-2.6.3/gems/bootsnap-1.7.3/lib/bootsnap/load_path_cache/core_ext/kernel_require.rb:34:in `require'[0m

  82) ログイン前のテスト ユーザログイン ログイン失敗のテスト ログインに失敗し、ログイン画面にリダイレクトされる
      [31mGot 0 failures and 2 other errors:[0m

      82.1) [31mFailure/Error: [0mvisit new_user_session_path[0m
            [31m[0m
            [31mLoadError:[0m
            [31m  Capybara's selenium driver is unable to load `selenium-webdriver`, please install the gem and add `gem 'selenium-webdriver'` to your Gemfile if you are using bundler.[0m
            [36m# /home/ec2-user/.rvm/gems/ruby-2.6.3/gems/capybara-3.35.3/lib/capybara/selenium/driver.rb:54:in `rescue in load_selenium'[0m
            [36m# /home/ec2-user/.rvm/gems/ruby-2.6.3/gems/capybara-3.35.3/lib/capybara/selenium/driver.rb:22:in `load_selenium'[0m
            [36m# /home/ec2-user/.rvm/gems/ruby-2.6.3/gems/capybara-3.35.3/lib/capybara/selenium/driver.rb:94:in `initialize'[0m
            [36m# /home/ec2-user/.rvm/gems/ruby-2.6.3/gems/capybara-3.35.3/lib/capybara/session.rb:104:in `driver'[0m
            [36m# /home/ec2-user/.rvm/gems/ruby-2.6.3/gems/capybara-3.35.3/lib/capybara/session.rb:90:in `initialize'[0m
            [36m# /home/ec2-user/.rvm/gems/ruby-2.6.3/gems/capybara-3.35.3/lib/capybara.rb:424:in `new'[0m
            [36m# /home/ec2-user/.rvm/gems/ruby-2.6.3/gems/capybara-3.35.3/lib/capybara.rb:424:in `block in session_pool'[0m
            [36m# /home/ec2-user/.rvm/gems/ruby-2.6.3/gems/capybara-3.35.3/lib/capybara.rb:315:in `current_session'[0m
            [36m# /home/ec2-user/.rvm/gems/ruby-2.6.3/gems/capybara-3.35.3/lib/capybara/dsl.rb:46:in `page'[0m
            [36m# /home/ec2-user/.rvm/gems/ruby-2.6.3/gems/capybara-3.35.3/lib/capybara/dsl.rb:58:in `block (2 levels) in <module:DSL>'[0m
            [36m# ./spec/system/before_login_spec.rb:131:in `block (3 levels) in <main>'[0m
            [36m# ------------------[0m
            [36m# --- Caused by: ---[0m
            [36m# LoadError:[0m
            [36m#   cannot load such file -- selenium-webdriver[0m
            [36m#   /home/ec2-user/.rvm/gems/ruby-2.6.3/gems/bootsnap-1.7.3/lib/bootsnap/load_path_cache/core_ext/kernel_require.rb:34:in `require'[0m

      82.2) [31mFailure/Error: [0mraise [1;34;4mLoadError[0m, [31m[1;31m"[0m[31mCapybara's selenium driver is unable to load `selenium-webdriver`, please install the gem and add `gem 'selenium-webdriver'` to your Gemfile if you are using bundler.[1;31m"[0m[31m[0m[0m
            [31m[0m
            [31mLoadError:[0m
            [31m  Capybara's selenium driver is unable to load `selenium-webdriver`, please install the gem and add `gem 'selenium-webdriver'` to your Gemfile if you are using bundler.[0m
            [36m# /home/ec2-user/.rvm/gems/ruby-2.6.3/gems/capybara-3.35.3/lib/capybara/selenium/driver.rb:54:in `rescue in load_selenium'[0m
            [36m# /home/ec2-user/.rvm/gems/ruby-2.6.3/gems/capybara-3.35.3/lib/capybara/selenium/driver.rb:22:in `load_selenium'[0m
            [36m# /home/ec2-user/.rvm/gems/ruby-2.6.3/gems/capybara-3.35.3/lib/capybara/selenium/driver.rb:94:in `initialize'[0m
            [36m# /home/ec2-user/.rvm/gems/ruby-2.6.3/gems/capybara-3.35.3/lib/capybara/session.rb:104:in `driver'[0m
            [36m# /home/ec2-user/.rvm/gems/ruby-2.6.3/gems/capybara-3.35.3/lib/capybara/session.rb:90:in `initialize'[0m
            [36m# /home/ec2-user/.rvm/gems/ruby-2.6.3/gems/capybara-3.35.3/lib/capybara.rb:424:in `new'[0m
            [36m# /home/ec2-user/.rvm/gems/ruby-2.6.3/gems/capybara-3.35.3/lib/capybara.rb:424:in `block in session_pool'[0m
            [36m# /home/ec2-user/.rvm/gems/ruby-2.6.3/gems/capybara-3.35.3/lib/capybara.rb:315:in `current_session'[0m
            [36m# /home/ec2-user/.rvm/gems/ruby-2.6.3/gems/capybara-3.35.3/lib/capybara/dsl.rb:46:in `page'[0m
            [36m# ------------------[0m
            [36m# --- Caused by: ---[0m
            [36m# LoadError:[0m
            [36m#   cannot load such file -- selenium-webdriver[0m
            [36m#   /home/ec2-user/.rvm/gems/ruby-2.6.3/gems/bootsnap-1.7.3/lib/bootsnap/load_path_cache/core_ext/kernel_require.rb:34:in `require'[0m

  83) ログイン前のテスト ヘッダーのテスト: ログインしている場合 ヘッダーの表示を確認 タイトルが表示される
      [31mGot 0 failures and 2 other errors:[0m

      83.1) [31mFailure/Error: [0mvisit new_user_session_path[0m
            [31m[0m
            [31mLoadError:[0m
            [31m  Capybara's selenium driver is unable to load `selenium-webdriver`, please install the gem and add `gem 'selenium-webdriver'` to your Gemfile if you are using bundler.[0m
            [36m# /home/ec2-user/.rvm/gems/ruby-2.6.3/gems/capybara-3.35.3/lib/capybara/selenium/driver.rb:54:in `rescue in load_selenium'[0m
            [36m# /home/ec2-user/.rvm/gems/ruby-2.6.3/gems/capybara-3.35.3/lib/capybara/selenium/driver.rb:22:in `load_selenium'[0m
            [36m# /home/ec2-user/.rvm/gems/ruby-2.6.3/gems/capybara-3.35.3/lib/capybara/selenium/driver.rb:94:in `initialize'[0m
            [36m# /home/ec2-user/.rvm/gems/ruby-2.6.3/gems/capybara-3.35.3/lib/capybara/session.rb:104:in `driver'[0m
            [36m# /home/ec2-user/.rvm/gems/ruby-2.6.3/gems/capybara-3.35.3/lib/capybara/session.rb:90:in `initialize'[0m
            [36m# /home/ec2-user/.rvm/gems/ruby-2.6.3/gems/capybara-3.35.3/lib/capybara.rb:424:in `new'[0m
            [36m# /home/ec2-user/.rvm/gems/ruby-2.6.3/gems/capybara-3.35.3/lib/capybara.rb:424:in `block in session_pool'[0m
            [36m# /home/ec2-user/.rvm/gems/ruby-2.6.3/gems/capybara-3.35.3/lib/capybara.rb:315:in `current_session'[0m
            [36m# /home/ec2-user/.rvm/gems/ruby-2.6.3/gems/capybara-3.35.3/lib/capybara/dsl.rb:46:in `page'[0m
            [36m# /home/ec2-user/.rvm/gems/ruby-2.6.3/gems/capybara-3.35.3/lib/capybara/dsl.rb:58:in `block (2 levels) in <module:DSL>'[0m
            [36m# ./spec/system/before_login_spec.rb:184:in `block (3 levels) in <main>'[0m
            [36m# ------------------[0m
            [36m# --- Caused by: ---[0m
            [36m# LoadError:[0m
            [36m#   cannot load such file -- selenium-webdriver[0m
            [36m#   /home/ec2-user/.rvm/gems/ruby-2.6.3/gems/bootsnap-1.7.3/lib/bootsnap/load_path_cache/core_ext/kernel_require.rb:34:in `require'[0m

      83.2) [31mFailure/Error: [0mraise [1;34;4mLoadError[0m, [31m[1;31m"[0m[31mCapybara's selenium driver is unable to load `selenium-webdriver`, please install the gem and add `gem 'selenium-webdriver'` to your Gemfile if you are using bundler.[1;31m"[0m[31m[0m[0m
            [31m[0m
            [31mLoadError:[0m
            [31m  Capybara's selenium driver is unable to load `selenium-webdriver`, please install the gem and add `gem 'selenium-webdriver'` to your Gemfile if you are using bundler.[0m
            [36m# /home/ec2-user/.rvm/gems/ruby-2.6.3/gems/capybara-3.35.3/lib/capybara/selenium/driver.rb:54:in `rescue in load_selenium'[0m
            [36m# /home/ec2-user/.rvm/gems/ruby-2.6.3/gems/capybara-3.35.3/lib/capybara/selenium/driver.rb:22:in `load_selenium'[0m
            [36m# /home/ec2-user/.rvm/gems/ruby-2.6.3/gems/capybara-3.35.3/lib/capybara/selenium/driver.rb:94:in `initialize'[0m
            [36m# /home/ec2-user/.rvm/gems/ruby-2.6.3/gems/capybara-3.35.3/lib/capybara/session.rb:104:in `driver'[0m
            [36m# /home/ec2-user/.rvm/gems/ruby-2.6.3/gems/capybara-3.35.3/lib/capybara/session.rb:90:in `initialize'[0m
            [36m# /home/ec2-user/.rvm/gems/ruby-2.6.3/gems/capybara-3.35.3/lib/capybara.rb:424:in `new'[0m
            [36m# /home/ec2-user/.rvm/gems/ruby-2.6.3/gems/capybara-3.35.3/lib/capybara.rb:424:in `block in session_pool'[0m
            [36m# /home/ec2-user/.rvm/gems/ruby-2.6.3/gems/capybara-3.35.3/lib/capybara.rb:315:in `current_session'[0m
            [36m# /home/ec2-user/.rvm/gems/ruby-2.6.3/gems/capybara-3.35.3/lib/capybara/dsl.rb:46:in `page'[0m
            [36m# ------------------[0m
            [36m# --- Caused by: ---[0m
            [36m# LoadError:[0m
            [36m#   cannot load such file -- selenium-webdriver[0m
            [36m#   /home/ec2-user/.rvm/gems/ruby-2.6.3/gems/bootsnap-1.7.3/lib/bootsnap/load_path_cache/core_ext/kernel_require.rb:34:in `require'[0m

  84) ログイン前のテスト ヘッダーのテスト: ログインしている場合 ヘッダーの表示を確認 MY PAGEリンクが表示される: 左上から1番目のリンクが「MY PAGE」である
      [31mGot 0 failures and 2 other errors:[0m

      84.1) [31mFailure/Error: [0mvisit new_user_session_path[0m
            [31m[0m
            [31mLoadError:[0m
            [31m  Capybara's selenium driver is unable to load `selenium-webdriver`, please install the gem and add `gem 'selenium-webdriver'` to your Gemfile if you are using bundler.[0m
            [36m# /home/ec2-user/.rvm/gems/ruby-2.6.3/gems/capybara-3.35.3/lib/capybara/selenium/driver.rb:54:in `rescue in load_selenium'[0m
            [36m# /home/ec2-user/.rvm/gems/ruby-2.6.3/gems/capybara-3.35.3/lib/capybara/selenium/driver.rb:22:in `load_selenium'[0m
            [36m# /home/ec2-user/.rvm/gems/ruby-2.6.3/gems/capybara-3.35.3/lib/capybara/selenium/driver.rb:94:in `initialize'[0m
            [36m# /home/ec2-user/.rvm/gems/ruby-2.6.3/gems/capybara-3.35.3/lib/capybara/session.rb:104:in `driver'[0m
            [36m# /home/ec2-user/.rvm/gems/ruby-2.6.3/gems/capybara-3.35.3/lib/capybara/session.rb:90:in `initialize'[0m
            [36m# /home/ec2-user/.rvm/gems/ruby-2.6.3/gems/capybara-3.35.3/lib/capybara.rb:424:in `new'[0m
            [36m# /home/ec2-user/.rvm/gems/ruby-2.6.3/gems/capybara-3.35.3/lib/capybara.rb:424:in `block in session_pool'[0m
            [36m# /home/ec2-user/.rvm/gems/ruby-2.6.3/gems/capybara-3.35.3/lib/capybara.rb:315:in `current_session'[0m
            [36m# /home/ec2-user/.rvm/gems/ruby-2.6.3/gems/capybara-3.35.3/lib/capybara/dsl.rb:46:in `page'[0m
            [36m# /home/ec2-user/.rvm/gems/ruby-2.6.3/gems/capybara-3.35.3/lib/capybara/dsl.rb:58:in `block (2 levels) in <module:DSL>'[0m
            [36m# ./spec/system/before_login_spec.rb:184:in `block (3 levels) in <main>'[0m
            [36m# ------------------[0m
            [36m# --- Caused by: ---[0m
            [36m# LoadError:[0m
            [36m#   cannot load such file -- selenium-webdriver[0m
            [36m#   /home/ec2-user/.rvm/gems/ruby-2.6.3/gems/bootsnap-1.7.3/lib/bootsnap/load_path_cache/core_ext/kernel_require.rb:34:in `require'[0m

      84.2) [31mFailure/Error: [0mraise [1;34;4mLoadError[0m, [31m[1;31m"[0m[31mCapybara's selenium driver is unable to load `selenium-webdriver`, please install the gem and add `gem 'selenium-webdriver'` to your Gemfile if you are using bundler.[1;31m"[0m[31m[0m[0m
            [31m[0m
            [31mLoadError:[0m
            [31m  Capybara's selenium driver is unable to load `selenium-webdriver`, please install the gem and add `gem 'selenium-webdriver'` to your Gemfile if you are using bundler.[0m
            [36m# /home/ec2-user/.rvm/gems/ruby-2.6.3/gems/capybara-3.35.3/lib/capybara/selenium/driver.rb:54:in `rescue in load_selenium'[0m
            [36m# /home/ec2-user/.rvm/gems/ruby-2.6.3/gems/capybara-3.35.3/lib/capybara/selenium/driver.rb:22:in `load_selenium'[0m
            [36m# /home/ec2-user/.rvm/gems/ruby-2.6.3/gems/capybara-3.35.3/lib/capybara/selenium/driver.rb:94:in `initialize'[0m
            [36m# /home/ec2-user/.rvm/gems/ruby-2.6.3/gems/capybara-3.35.3/lib/capybara/session.rb:104:in `driver'[0m
            [36m# /home/ec2-user/.rvm/gems/ruby-2.6.3/gems/capybara-3.35.3/lib/capybara/session.rb:90:in `initialize'[0m
            [36m# /home/ec2-user/.rvm/gems/ruby-2.6.3/gems/capybara-3.35.3/lib/capybara.rb:424:in `new'[0m
            [36m# /home/ec2-user/.rvm/gems/ruby-2.6.3/gems/capybara-3.35.3/lib/capybara.rb:424:in `block in session_pool'[0m
            [36m# /home/ec2-user/.rvm/gems/ruby-2.6.3/gems/capybara-3.35.3/lib/capybara.rb:315:in `current_session'[0m
            [36m# /home/ec2-user/.rvm/gems/ruby-2.6.3/gems/capybara-3.35.3/lib/capybara/dsl.rb:46:in `page'[0m
            [36m# ------------------[0m
            [36m# --- Caused by: ---[0m
            [36m# LoadError:[0m
            [36m#   cannot load such file -- selenium-webdriver[0m
            [36m#   /home/ec2-user/.rvm/gems/ruby-2.6.3/gems/bootsnap-1.7.3/lib/bootsnap/load_path_cache/core_ext/kernel_require.rb:34:in `require'[0m

  85) ログイン前のテスト ヘッダーのテスト: ログインしている場合 ヘッダーの表示を確認 USERSリンクが表示される: 左上から2番目のリンクが「USERS」である
      [31mGot 0 failures and 2 other errors:[0m

      85.1) [31mFailure/Error: [0mvisit new_user_session_path[0m
            [31m[0m
            [31mLoadError:[0m
            [31m  Capybara's selenium driver is unable to load `selenium-webdriver`, please install the gem and add `gem 'selenium-webdriver'` to your Gemfile if you are using bundler.[0m
            [36m# /home/ec2-user/.rvm/gems/ruby-2.6.3/gems/capybara-3.35.3/lib/capybara/selenium/driver.rb:54:in `rescue in load_selenium'[0m
            [36m# /home/ec2-user/.rvm/gems/ruby-2.6.3/gems/capybara-3.35.3/lib/capybara/selenium/driver.rb:22:in `load_selenium'[0m
            [36m# /home/ec2-user/.rvm/gems/ruby-2.6.3/gems/capybara-3.35.3/lib/capybara/selenium/driver.rb:94:in `initialize'[0m
            [36m# /home/ec2-user/.rvm/gems/ruby-2.6.3/gems/capybara-3.35.3/lib/capybara/session.rb:104:in `driver'[0m
            [36m# /home/ec2-user/.rvm/gems/ruby-2.6.3/gems/capybara-3.35.3/lib/capybara/session.rb:90:in `initialize'[0m
            [36m# /home/ec2-user/.rvm/gems/ruby-2.6.3/gems/capybara-3.35.3/lib/capybara.rb:424:in `new'[0m
            [36m# /home/ec2-user/.rvm/gems/ruby-2.6.3/gems/capybara-3.35.3/lib/capybara.rb:424:in `block in session_pool'[0m
            [36m# /home/ec2-user/.rvm/gems/ruby-2.6.3/gems/capybara-3.35.3/lib/capybara.rb:315:in `current_session'[0m
            [36m# /home/ec2-user/.rvm/gems/ruby-2.6.3/gems/capybara-3.35.3/lib/capybara/dsl.rb:46:in `page'[0m
            [36m# /home/ec2-user/.rvm/gems/ruby-2.6.3/gems/capybara-3.35.3/lib/capybara/dsl.rb:58:in `block (2 levels) in <module:DSL>'[0m
            [36m# ./spec/system/before_login_spec.rb:184:in `block (3 levels) in <main>'[0m
            [36m# ------------------[0m
            [36m# --- Caused by: ---[0m
            [36m# LoadError:[0m
            [36m#   cannot load such file -- selenium-webdriver[0m
            [36m#   /home/ec2-user/.rvm/gems/ruby-2.6.3/gems/bootsnap-1.7.3/lib/bootsnap/load_path_cache/core_ext/kernel_require.rb:34:in `require'[0m

      85.2) [31mFailure/Error: [0mraise [1;34;4mLoadError[0m, [31m[1;31m"[0m[31mCapybara's selenium driver is unable to load `selenium-webdriver`, please install the gem and add `gem 'selenium-webdriver'` to your Gemfile if you are using bundler.[1;31m"[0m[31m[0m[0m
            [31m[0m
            [31mLoadError:[0m
            [31m  Capybara's selenium driver is unable to load `selenium-webdriver`, please install the gem and add `gem 'selenium-webdriver'` to your Gemfile if you are using bundler.[0m
            [36m# /home/ec2-user/.rvm/gems/ruby-2.6.3/gems/capybara-3.35.3/lib/capybara/selenium/driver.rb:54:in `rescue in load_selenium'[0m
            [36m# /home/ec2-user/.rvm/gems/ruby-2.6.3/gems/capybara-3.35.3/lib/capybara/selenium/driver.rb:22:in `load_selenium'[0m
            [36m# /home/ec2-user/.rvm/gems/ruby-2.6.3/gems/capybara-3.35.3/lib/capybara/selenium/driver.rb:94:in `initialize'[0m
            [36m# /home/ec2-user/.rvm/gems/ruby-2.6.3/gems/capybara-3.35.3/lib/capybara/session.rb:104:in `driver'[0m
            [36m# /home/ec2-user/.rvm/gems/ruby-2.6.3/gems/capybara-3.35.3/lib/capybara/session.rb:90:in `initialize'[0m
            [36m# /home/ec2-user/.rvm/gems/ruby-2.6.3/gems/capybara-3.35.3/lib/capybara.rb:424:in `new'[0m
            [36m# /home/ec2-user/.rvm/gems/ruby-2.6.3/gems/capybara-3.35.3/lib/capybara.rb:424:in `block in session_pool'[0m
            [36m# /home/ec2-user/.rvm/gems/ruby-2.6.3/gems/capybara-3.35.3/lib/capybara.rb:315:in `current_session'[0m
            [36m# /home/ec2-user/.rvm/gems/ruby-2.6.3/gems/capybara-3.35.3/lib/capybara/dsl.rb:46:in `page'[0m
            [36m# ------------------[0m
            [36m# --- Caused by: ---[0m
            [36m# LoadError:[0m
            [36m#   cannot load such file -- selenium-webdriver[0m
            [36m#   /home/ec2-user/.rvm/gems/ruby-2.6.3/gems/bootsnap-1.7.3/lib/bootsnap/load_path_cache/core_ext/kernel_require.rb:34:in `require'[0m

  86) ログイン前のテスト ヘッダーのテスト: ログインしている場合 ヘッダーの表示を確認 WINESリンクが表示される: 左上から3番目のリンクが「WINES」である
      [31mGot 0 failures and 2 other errors:[0m

      86.1) [31mFailure/Error: [0mvisit new_user_session_path[0m
            [31m[0m
            [31mLoadError:[0m
            [31m  Capybara's selenium driver is unable to load `selenium-webdriver`, please install the gem and add `gem 'selenium-webdriver'` to your Gemfile if you are using bundler.[0m
            [36m# /home/ec2-user/.rvm/gems/ruby-2.6.3/gems/capybara-3.35.3/lib/capybara/selenium/driver.rb:54:in `rescue in load_selenium'[0m
            [36m# /home/ec2-user/.rvm/gems/ruby-2.6.3/gems/capybara-3.35.3/lib/capybara/selenium/driver.rb:22:in `load_selenium'[0m
            [36m# /home/ec2-user/.rvm/gems/ruby-2.6.3/gems/capybara-3.35.3/lib/capybara/selenium/driver.rb:94:in `initialize'[0m
            [36m# /home/ec2-user/.rvm/gems/ruby-2.6.3/gems/capybara-3.35.3/lib/capybara/session.rb:104:in `driver'[0m
            [36m# /home/ec2-user/.rvm/gems/ruby-2.6.3/gems/capybara-3.35.3/lib/capybara/session.rb:90:in `initialize'[0m
            [36m# /home/ec2-user/.rvm/gems/ruby-2.6.3/gems/capybara-3.35.3/lib/capybara.rb:424:in `new'[0m
            [36m# /home/ec2-user/.rvm/gems/ruby-2.6.3/gems/capybara-3.35.3/lib/capybara.rb:424:in `block in session_pool'[0m
            [36m# /home/ec2-user/.rvm/gems/ruby-2.6.3/gems/capybara-3.35.3/lib/capybara.rb:315:in `current_session'[0m
            [36m# /home/ec2-user/.rvm/gems/ruby-2.6.3/gems/capybara-3.35.3/lib/capybara/dsl.rb:46:in `page'[0m
            [36m# /home/ec2-user/.rvm/gems/ruby-2.6.3/gems/capybara-3.35.3/lib/capybara/dsl.rb:58:in `block (2 levels) in <module:DSL>'[0m
            [36m# ./spec/system/before_login_spec.rb:184:in `block (3 levels) in <main>'[0m
            [36m# ------------------[0m
            [36m# --- Caused by: ---[0m
            [36m# LoadError:[0m
            [36m#   cannot load such file -- selenium-webdriver[0m
            [36m#   /home/ec2-user/.rvm/gems/ruby-2.6.3/gems/bootsnap-1.7.3/lib/bootsnap/load_path_cache/core_ext/kernel_require.rb:34:in `require'[0m

      86.2) [31mFailure/Error: [0mraise [1;34;4mLoadError[0m, [31m[1;31m"[0m[31mCapybara's selenium driver is unable to load `selenium-webdriver`, please install the gem and add `gem 'selenium-webdriver'` to your Gemfile if you are using bundler.[1;31m"[0m[31m[0m[0m
            [31m[0m
            [31mLoadError:[0m
            [31m  Capybara's selenium driver is unable to load `selenium-webdriver`, please install the gem and add `gem 'selenium-webdriver'` to your Gemfile if you are using bundler.[0m
            [36m# /home/ec2-user/.rvm/gems/ruby-2.6.3/gems/capybara-3.35.3/lib/capybara/selenium/driver.rb:54:in `rescue in load_selenium'[0m
            [36m# /home/ec2-user/.rvm/gems/ruby-2.6.3/gems/capybara-3.35.3/lib/capybara/selenium/driver.rb:22:in `load_selenium'[0m
            [36m# /home/ec2-user/.rvm/gems/ruby-2.6.3/gems/capybara-3.35.3/lib/capybara/selenium/driver.rb:94:in `initialize'[0m
            [36m# /home/ec2-user/.rvm/gems/ruby-2.6.3/gems/capybara-3.35.3/lib/capybara/session.rb:104:in `driver'[0m
            [36m# /home/ec2-user/.rvm/gems/ruby-2.6.3/gems/capybara-3.35.3/lib/capybara/session.rb:90:in `initialize'[0m
            [36m# /home/ec2-user/.rvm/gems/ruby-2.6.3/gems/capybara-3.35.3/lib/capybara.rb:424:in `new'[0m
            [36m# /home/ec2-user/.rvm/gems/ruby-2.6.3/gems/capybara-3.35.3/lib/capybara.rb:424:in `block in session_pool'[0m
            [36m# /home/ec2-user/.rvm/gems/ruby-2.6.3/gems/capybara-3.35.3/lib/capybara.rb:315:in `current_session'[0m
            [36m# /home/ec2-user/.rvm/gems/ruby-2.6.3/gems/capybara-3.35.3/lib/capybara/dsl.rb:46:in `page'[0m
            [36m# ------------------[0m
            [36m# --- Caused by: ---[0m
            [36m# LoadError:[0m
            [36m#   cannot load such file -- selenium-webdriver[0m
            [36m#   /home/ec2-user/.rvm/gems/ruby-2.6.3/gems/bootsnap-1.7.3/lib/bootsnap/load_path_cache/core_ext/kernel_require.rb:34:in `require'[0m

  87) ログイン前のテスト ヘッダーのテスト: ログインしている場合 ヘッダーの表示を確認 LOG OUTリンクが表示される: 左上から4番目のリンクが「LOGOUT」である
      [31mGot 0 failures and 2 other errors:[0m

      87.1) [31mFailure/Error: [0mvisit new_user_session_path[0m
            [31m[0m
            [31mLoadError:[0m
            [31m  Capybara's selenium driver is unable to load `selenium-webdriver`, please install the gem and add `gem 'selenium-webdriver'` to your Gemfile if you are using bundler.[0m
            [36m# /home/ec2-user/.rvm/gems/ruby-2.6.3/gems/capybara-3.35.3/lib/capybara/selenium/driver.rb:54:in `rescue in load_selenium'[0m
            [36m# /home/ec2-user/.rvm/gems/ruby-2.6.3/gems/capybara-3.35.3/lib/capybara/selenium/driver.rb:22:in `load_selenium'[0m
            [36m# /home/ec2-user/.rvm/gems/ruby-2.6.3/gems/capybara-3.35.3/lib/capybara/selenium/driver.rb:94:in `initialize'[0m
            [36m# /home/ec2-user/.rvm/gems/ruby-2.6.3/gems/capybara-3.35.3/lib/capybara/session.rb:104:in `driver'[0m
            [36m# /home/ec2-user/.rvm/gems/ruby-2.6.3/gems/capybara-3.35.3/lib/capybara/session.rb:90:in `initialize'[0m
            [36m# /home/ec2-user/.rvm/gems/ruby-2.6.3/gems/capybara-3.35.3/lib/capybara.rb:424:in `new'[0m
            [36m# /home/ec2-user/.rvm/gems/ruby-2.6.3/gems/capybara-3.35.3/lib/capybara.rb:424:in `block in session_pool'[0m
            [36m# /home/ec2-user/.rvm/gems/ruby-2.6.3/gems/capybara-3.35.3/lib/capybara.rb:315:in `current_session'[0m
            [36m# /home/ec2-user/.rvm/gems/ruby-2.6.3/gems/capybara-3.35.3/lib/capybara/dsl.rb:46:in `page'[0m
            [36m# /home/ec2-user/.rvm/gems/ruby-2.6.3/gems/capybara-3.35.3/lib/capybara/dsl.rb:58:in `block (2 levels) in <module:DSL>'[0m
            [36m# ./spec/system/before_login_spec.rb:184:in `block (3 levels) in <main>'[0m
            [36m# ------------------[0m
            [36m# --- Caused by: ---[0m
            [36m# LoadError:[0m
            [36m#   cannot load such file -- selenium-webdriver[0m
            [36m#   /home/ec2-user/.rvm/gems/ruby-2.6.3/gems/bootsnap-1.7.3/lib/bootsnap/load_path_cache/core_ext/kernel_require.rb:34:in `require'[0m

      87.2) [31mFailure/Error: [0mraise [1;34;4mLoadError[0m, [31m[1;31m"[0m[31mCapybara's selenium driver is unable to load `selenium-webdriver`, please install the gem and add `gem 'selenium-webdriver'` to your Gemfile if you are using bundler.[1;31m"[0m[31m[0m[0m
            [31m[0m
            [31mLoadError:[0m
            [31m  Capybara's selenium driver is unable to load `selenium-webdriver`, please install the gem and add `gem 'selenium-webdriver'` to your Gemfile if you are using bundler.[0m
            [36m# /home/ec2-user/.rvm/gems/ruby-2.6.3/gems/capybara-3.35.3/lib/capybara/selenium/driver.rb:54:in `rescue in load_selenium'[0m
            [36m# /home/ec2-user/.rvm/gems/ruby-2.6.3/gems/capybara-3.35.3/lib/capybara/selenium/driver.rb:22:in `load_selenium'[0m
            [36m# /home/ec2-user/.rvm/gems/ruby-2.6.3/gems/capybara-3.35.3/lib/capybara/selenium/driver.rb:94:in `initialize'[0m
            [36m# /home/ec2-user/.rvm/gems/ruby-2.6.3/gems/capybara-3.35.3/lib/capybara/session.rb:104:in `driver'[0m
            [36m# /home/ec2-user/.rvm/gems/ruby-2.6.3/gems/capybara-3.35.3/lib/capybara/session.rb:90:in `initialize'[0m
            [36m# /home/ec2-user/.rvm/gems/ruby-2.6.3/gems/capybara-3.35.3/lib/capybara.rb:424:in `new'[0m
            [36m# /home/ec2-user/.rvm/gems/ruby-2.6.3/gems/capybara-3.35.3/lib/capybara.rb:424:in `block in session_pool'[0m
            [36m# /home/ec2-user/.rvm/gems/ruby-2.6.3/gems/capybara-3.35.3/lib/capybara.rb:315:in `current_session'[0m
            [36m# /home/ec2-user/.rvm/gems/ruby-2.6.3/gems/capybara-3.35.3/lib/capybara/dsl.rb:46:in `page'[0m
            [36m# ------------------[0m
            [36m# --- Caused by: ---[0m
            [36m# LoadError:[0m
            [36m#   cannot load such file -- selenium-webdriver[0m
            [36m#   /home/ec2-user/.rvm/gems/ruby-2.6.3/gems/bootsnap-1.7.3/lib/bootsnap/load_path_cache/core_ext/kernel_require.rb:34:in `require'[0m

  88) ログイン前のテスト ユーザログアウトのテスト ログアウト機能のテスト ログアウト後のリダイレクト先が、トップになっている
      [31mGot 0 failures and 2 other errors:[0m

      88.1) [31mFailure/Error: [0mvisit new_user_session_path[0m
            [31m[0m
            [31mLoadError:[0m
            [31m  Capybara's selenium driver is unable to load `selenium-webdriver`, please install the gem and add `gem 'selenium-webdriver'` to your Gemfile if you are using bundler.[0m
            [36m# /home/ec2-user/.rvm/gems/ruby-2.6.3/gems/capybara-3.35.3/lib/capybara/selenium/driver.rb:54:in `rescue in load_selenium'[0m
            [36m# /home/ec2-user/.rvm/gems/ruby-2.6.3/gems/capybara-3.35.3/lib/capybara/selenium/driver.rb:22:in `load_selenium'[0m
            [36m# /home/ec2-user/.rvm/gems/ruby-2.6.3/gems/capybara-3.35.3/lib/capybara/selenium/driver.rb:94:in `initialize'[0m
            [36m# /home/ec2-user/.rvm/gems/ruby-2.6.3/gems/capybara-3.35.3/lib/capybara/session.rb:104:in `driver'[0m
            [36m# /home/ec2-user/.rvm/gems/ruby-2.6.3/gems/capybara-3.35.3/lib/capybara/session.rb:90:in `initialize'[0m
            [36m# /home/ec2-user/.rvm/gems/ruby-2.6.3/gems/capybara-3.35.3/lib/capybara.rb:424:in `new'[0m
            [36m# /home/ec2-user/.rvm/gems/ruby-2.6.3/gems/capybara-3.35.3/lib/capybara.rb:424:in `block in session_pool'[0m
            [36m# /home/ec2-user/.rvm/gems/ruby-2.6.3/gems/capybara-3.35.3/lib/capybara.rb:315:in `current_session'[0m
            [36m# /home/ec2-user/.rvm/gems/ruby-2.6.3/gems/capybara-3.35.3/lib/capybara/dsl.rb:46:in `page'[0m
            [36m# /home/ec2-user/.rvm/gems/ruby-2.6.3/gems/capybara-3.35.3/lib/capybara/dsl.rb:58:in `block (2 levels) in <module:DSL>'[0m
            [36m# ./spec/system/before_login_spec.rb:217:in `block (3 levels) in <main>'[0m
            [36m# ------------------[0m
            [36m# --- Caused by: ---[0m
            [36m# LoadError:[0m
            [36m#   cannot load such file -- selenium-webdriver[0m
            [36m#   /home/ec2-user/.rvm/gems/ruby-2.6.3/gems/bootsnap-1.7.3/lib/bootsnap/load_path_cache/core_ext/kernel_require.rb:34:in `require'[0m

      88.2) [31mFailure/Error: [0mraise [1;34;4mLoadError[0m, [31m[1;31m"[0m[31mCapybara's selenium driver is unable to load `selenium-webdriver`, please install the gem and add `gem 'selenium-webdriver'` to your Gemfile if you are using bundler.[1;31m"[0m[31m[0m[0m
            [31m[0m
            [31mLoadError:[0m
            [31m  Capybara's selenium driver is unable to load `selenium-webdriver`, please install the gem and add `gem 'selenium-webdriver'` to your Gemfile if you are using bundler.[0m
            [36m# /home/ec2-user/.rvm/gems/ruby-2.6.3/gems/capybara-3.35.3/lib/capybara/selenium/driver.rb:54:in `rescue in load_selenium'[0m
            [36m# /home/ec2-user/.rvm/gems/ruby-2.6.3/gems/capybara-3.35.3/lib/capybara/selenium/driver.rb:22:in `load_selenium'[0m
            [36m# /home/ec2-user/.rvm/gems/ruby-2.6.3/gems/capybara-3.35.3/lib/capybara/selenium/driver.rb:94:in `initialize'[0m
            [36m# /home/ec2-user/.rvm/gems/ruby-2.6.3/gems/capybara-3.35.3/lib/capybara/session.rb:104:in `driver'[0m
            [36m# /home/ec2-user/.rvm/gems/ruby-2.6.3/gems/capybara-3.35.3/lib/capybara/session.rb:90:in `initialize'[0m
            [36m# /home/ec2-user/.rvm/gems/ruby-2.6.3/gems/capybara-3.35.3/lib/capybara.rb:424:in `new'[0m
            [36m# /home/ec2-user/.rvm/gems/ruby-2.6.3/gems/capybara-3.35.3/lib/capybara.rb:424:in `block in session_pool'[0m
            [36m# /home/ec2-user/.rvm/gems/ruby-2.6.3/gems/capybara-3.35.3/lib/capybara.rb:315:in `current_session'[0m
            [36m# /home/ec2-user/.rvm/gems/ruby-2.6.3/gems/capybara-3.35.3/lib/capybara/dsl.rb:46:in `page'[0m
            [36m# ------------------[0m
            [36m# --- Caused by: ---[0m
            [36m# LoadError:[0m
            [36m#   cannot load such file -- selenium-webdriver[0m
            [36m#   /home/ec2-user/.rvm/gems/ruby-2.6.3/gems/bootsnap-1.7.3/lib/bootsnap/load_path_cache/core_ext/kernel_require.rb:34:in `require'[0m

Finished in 2.13 seconds (files took 1.15 seconds to load)
[31m103 examples, 88 failures[0m

Failed examples:

[31mrspec ./spec/models/wine_spec.rb:12[0m [36m# Wineモデルのテスト バリデーションのテスト wine_nameカラム 空欄でないこと[0m
[31mrspec ./spec/system/after_login_spec.rb:21[0m [36m# ログイン後のテスト ヘッダーのテスト: ログインしている場合 リンクの内容を確認: ※logoutは『ユーザログアウトのテスト』でテスト済み。 MY PAGEを押すと、自分のユーザ詳細画面に遷移する[0m
[31mrspec ./spec/system/after_login_spec.rb:27[0m [36m# ログイン後のテスト ヘッダーのテスト: ログインしている場合 リンクの内容を確認: ※logoutは『ユーザログアウトのテスト』でテスト済み。 USERSを押すと、ユーザ一覧画面に遷移する[0m
[31mrspec ./spec/system/after_login_spec.rb:33[0m [36m# ログイン後のテスト ヘッダーのテスト: ログインしている場合 リンクの内容を確認: ※logoutは『ユーザログアウトのテスト』でテスト済み。 WINESを押すと、投稿一覧画面に遷移する[0m
[31mrspec ./spec/system/after_login_spec.rb:48[0m [36m# ログイン後のテスト 投稿一覧画面のテスト 表示内容の確認 URLが正しい[0m
[31mrspec ./spec/system/after_login_spec.rb:51[0m [36m# ログイン後のテスト 投稿一覧画面のテスト 表示内容の確認 自分と他人の画像のリンク先が正しい[0m
[31mrspec ./spec/system/after_login_spec.rb:55[0m [36m# ログイン後のテスト 投稿一覧画面のテスト 表示内容の確認 自分の投稿と他人の投稿のタイトルのリンク先がそれぞれ正しい[0m
[31mrspec ./spec/system/after_login_spec.rb:59[0m [36m# ログイン後のテスト 投稿一覧画面のテスト 表示内容の確認 自分の投稿と他人の投稿の画像が表示される[0m
[31mrspec ./spec/system/after_login_spec.rb:66[0m [36m# ログイン後のテスト 投稿一覧画面のテスト サイドバーの確認 「NEW TASTING」と表示される[0m
[31mrspec ./spec/system/after_login_spec.rb:69[0m [36m# ログイン後のテスト 投稿一覧画面のテスト サイドバーの確認 wine_nameフォームが表示される[0m
[31mrspec ./spec/system/after_login_spec.rb:72[0m [36m# ログイン後のテスト 投稿一覧画面のテスト サイドバーの確認 wine_nameフォームに値が入っていない[0m
[31mrspec ./spec/system/after_login_spec.rb:75[0m [36m# ログイン後のテスト 投稿一覧画面のテスト サイドバーの確認 投稿するボタンが表示される[0m
[31mrspec ./spec/system/after_login_spec.rb:85[0m [36m# ログイン後のテスト 投稿一覧画面のテスト 投稿成功のテスト 自分の新しい投稿が正しく保存される[0m
[31mrspec ./spec/system/after_login_spec.rb:88[0m [36m# ログイン後のテスト 投稿一覧画面のテスト 投稿成功のテスト リダイレクト先が、保存できた投稿の詳細画面になっている[0m
[31mrspec ./spec/system/after_login_spec.rb:101[0m [36m# ログイン後のテスト 自分の投稿詳細画面のテスト 表示内容の確認 URLが正しい[0m
[31mrspec ./spec/system/after_login_spec.rb:104[0m [36m# ログイン後のテスト 自分の投稿詳細画面のテスト 表示内容の確認 ユーザ画像・名前のリンク先が正しい[0m
[31mrspec ./spec/system/after_login_spec.rb:107[0m [36m# ログイン後のテスト 自分の投稿詳細画面のテスト 表示内容の確認 投稿のwine_nameが表示される[0m
[31mrspec ./spec/system/after_login_spec.rb:110[0m [36m# ログイン後のテスト 自分の投稿詳細画面のテスト 表示内容の確認 投稿の削除リンクが表示される[0m
[31mrspec ./spec/system/after_login_spec.rb:116[0m [36m# ログイン後のテスト 自分の投稿詳細画面のテスト サイドバーの確認 楽天API検索窓と検索ボタンが表示される[0m
[31mrspec ./spec/system/after_login_spec.rb:120[0m [36m# ログイン後のテスト 自分の投稿詳細画面のテスト サイドバーの確認 楽天API検索表示画面へのリンクが存在する[0m
[31mrspec ./spec/system/after_login_spec.rb:123[0m [36m# ログイン後のテスト 自分の投稿詳細画面のテスト サイドバーの確認 「NEW TASTING」と表示される[0m
[31mrspec ./spec/system/after_login_spec.rb:126[0m [36m# ログイン後のテスト 自分の投稿詳細画面のテスト サイドバーの確認 wine_nameフォームが表示される[0m
[31mrspec ./spec/system/after_login_spec.rb:129[0m [36m# ログイン後のテスト 自分の投稿詳細画面のテスト サイドバーの確認 wine_nameフォームに値が入っていない[0m
[31mrspec ./spec/system/after_login_spec.rb:132[0m [36m# ログイン後のテスト 自分の投稿詳細画面のテスト サイドバーの確認 投稿するボタンが表示される[0m
[31mrspec ./spec/system/after_login_spec.rb:142[0m [36m# ログイン後のテスト 自分の投稿詳細画面のテスト 投稿成功のテスト 自分の新しい投稿が正しく保存される[0m
[31mrspec ./spec/system/after_login_spec.rb:152[0m [36m# ログイン後のテスト 自分の投稿詳細画面のテスト 削除リンクのテスト 正しく削除される[0m
[31mrspec ./spec/system/after_login_spec.rb:155[0m [36m# ログイン後のテスト 自分の投稿詳細画面のテスト 削除リンクのテスト リダイレクト先が、投稿一覧画面になっている[0m
[31mrspec ./spec/system/after_login_spec.rb:167[0m [36m# ログイン後のテスト ユーザ一覧画面のテスト 表示内容の確認 URLが正しい[0m
[31mrspec ./spec/system/after_login_spec.rb:170[0m [36m# ログイン後のテスト ユーザ一覧画面のテスト 表示内容の確認 自分と他人の画像が表示される: fallbackの画像が存在する[0m
[31mrspec ./spec/system/after_login_spec.rb:173[0m [36m# ログイン後のテスト ユーザ一覧画面のテスト 表示内容の確認 自分と他人の名前がそれぞれ表示される[0m
[31mrspec ./spec/system/after_login_spec.rb:177[0m [36m# ログイン後のテスト ユーザ一覧画面のテスト 表示内容の確認 自分と他人のshowリンクがそれぞれ表示される[0m
[31mrspec ./spec/system/after_login_spec.rb:184[0m [36m# ログイン後のテスト ユーザ一覧画面のテスト サイドバーの確認 楽天API検索窓と検索ボタンが表示される[0m
[31mrspec ./spec/system/after_login_spec.rb:188[0m [36m# ログイン後のテスト ユーザ一覧画面のテスト サイドバーの確認 楽天API検索表示画面へのリンクが存在する[0m
[31mrspec ./spec/system/after_login_spec.rb:191[0m [36m# ログイン後のテスト ユーザ一覧画面のテスト サイドバーの確認 「NEW TASTING」と表示される[0m
[31mrspec ./spec/system/after_login_spec.rb:194[0m [36m# ログイン後のテスト ユーザ一覧画面のテスト サイドバーの確認 wine_nameフォームが表示される[0m
[31mrspec ./spec/system/after_login_spec.rb:197[0m [36m# ログイン後のテスト ユーザ一覧画面のテスト サイドバーの確認 wine_nameフォームに値が入っていない[0m
[31mrspec ./spec/system/after_login_spec.rb:200[0m [36m# ログイン後のテスト ユーザ一覧画面のテスト サイドバーの確認 投稿するボタンが表示される[0m
[31mrspec ./spec/system/after_login_spec.rb:212[0m [36m# ログイン後のテスト 自分のユーザ詳細画面のテスト 表示の確認 URLが正しい[0m
[31mrspec ./spec/system/after_login_spec.rb:215[0m [36m# ログイン後のテスト 自分のユーザ詳細画面のテスト 表示の確認 投稿一覧のユーザ画像のリンク先が正しい[0m
[31mrspec ./spec/system/after_login_spec.rb:218[0m [36m# ログイン後のテスト 自分のユーザ詳細画面のテスト 表示の確認 投稿一覧に自分の投稿のwine_nameが表示され、リンクが正しい[0m
[31mrspec ./spec/system/after_login_spec.rb:221[0m [36m# ログイン後のテスト 自分のユーザ詳細画面のテスト 表示の確認 他人の投稿は表示されない[0m
[31mrspec ./spec/system/after_login_spec.rb:228[0m [36m# ログイン後のテスト 自分のユーザ詳細画面のテスト サイドバーの確認 楽天API検索窓と検索ボタンが表示される[0m
[31mrspec ./spec/system/after_login_spec.rb:232[0m [36m# ログイン後のテスト 自分のユーザ詳細画面のテスト サイドバーの確認 楽天API検索表示画面へのリンクが存在する[0m
[31mrspec ./spec/system/after_login_spec.rb:235[0m [36m# ログイン後のテスト 自分のユーザ詳細画面のテスト サイドバーの確認 「NEW TASTING」と表示される[0m
[31mrspec ./spec/system/after_login_spec.rb:238[0m [36m# ログイン後のテスト 自分のユーザ詳細画面のテスト サイドバーの確認 wine_nameフォームが表示される[0m
[31mrspec ./spec/system/after_login_spec.rb:241[0m [36m# ログイン後のテスト 自分のユーザ詳細画面のテスト サイドバーの確認 wine_nameフォームに値が入っていない[0m
[31mrspec ./spec/system/after_login_spec.rb:244[0m [36m# ログイン後のテスト 自分のユーザ詳細画面のテスト サイドバーの確認 投稿するボタンが表示される[0m
[31mrspec ./spec/system/after_login_spec.rb:256[0m [36m# ログイン後のテスト 自分のユーザ情報編集画面のテスト 表示の確認 URLが正しい[0m
[31mrspec ./spec/system/after_login_spec.rb:259[0m [36m# ログイン後のテスト 自分のユーザ情報編集画面のテスト 表示の確認 名前編集フォームに自分の名前が表示される[0m
[31mrspec ./spec/system/after_login_spec.rb:262[0m [36m# ログイン後のテスト 自分のユーザ情報編集画面のテスト 表示の確認 画像編集フォームが表示される[0m
[31mrspec ./spec/system/after_login_spec.rb:265[0m [36m# ログイン後のテスト 自分のユーザ情報編集画面のテスト 表示の確認 変更するボタンが表示される[0m
[31mrspec ./spec/system/after_login_spec.rb:277[0m [36m# ログイン後のテスト 自分のユーザ情報編集画面のテスト 更新成功のテスト nameが正しく更新される[0m
[31mrspec ./spec/system/after_login_spec.rb:280[0m [36m# ログイン後のテスト 自分のユーザ情報編集画面のテスト 更新成功のテスト リダイレクト先が、自分のユーザ詳細画面になっている[0m
[31mrspec ./spec/system/before_login_spec.rb:10[0m [36m# ログイン前のテスト トップ画面のテスト 表示内容の確認 URLが正しい[0m
[31mrspec ./spec/system/before_login_spec.rb:13[0m [36m# ログイン前のテスト トップ画面のテスト 表示内容の確認 Sign Upリンクが表示される: 左上から3番目のリンクが「Sign Up」である[0m
[31mrspec ./spec/system/before_login_spec.rb:17[0m [36m# ログイン前のテスト トップ画面のテスト 表示内容の確認 Sign Upリンクの内容が正しい[0m
[31mrspec ./spec/system/before_login_spec.rb:21[0m [36m# ログイン前のテスト トップ画面のテスト 表示内容の確認 Log inリンクが表示される: 左上から4番目のリンクが「Log in」である[0m
[31mrspec ./spec/system/before_login_spec.rb:25[0m [36m# ログイン前のテスト トップ画面のテスト 表示内容の確認 Log inリンクの内容が正しい[0m
[31mrspec ./spec/system/before_login_spec.rb:38[0m [36m# ログイン前のテスト ヘッダーのテスト: ログインしていない場合 表示内容の確認 タイトルが表示される[0m
[31mrspec ./spec/system/before_login_spec.rb:41[0m [36m# ログイン前のテスト ヘッダーのテスト: ログインしていない場合 表示内容の確認 Homeリンクが表示される: 左上から1番目のリンクが「Home」である[0m
[31mrspec ./spec/system/before_login_spec.rb:45[0m [36m# ログイン前のテスト ヘッダーのテスト: ログインしていない場合 表示内容の確認 sign upリンクが表示される: 左上から2番目のリンクが「sign up」である[0m
[31mrspec ./spec/system/before_login_spec.rb:49[0m [36m# ログイン前のテスト ヘッダーのテスト: ログインしていない場合 表示内容の確認 loginリンクが表示される: 左上から3番目のリンクが「login」である[0m
[31mrspec ./spec/system/before_login_spec.rb:58[0m [36m# ログイン前のテスト ヘッダーのテスト: ログインしていない場合 リンクの内容を確認 Homeを押すと、トップ画面に遷移する[0m
[31mrspec ./spec/system/before_login_spec.rb:65[0m [36m# ログイン前のテスト ヘッダーのテスト: ログインしていない場合 リンクの内容を確認 sign upを押すと、新規登録画面に遷移する[0m
[31mrspec ./spec/system/before_login_spec.rb:71[0m [36m# ログイン前のテスト ヘッダーのテスト: ログインしていない場合 リンクの内容を確認 loginを押すと、ログイン画面に遷移する[0m
[31mrspec ./spec/system/before_login_spec.rb:86[0m [36m# ログイン前のテスト ユーザ新規登録のテスト 表示内容の確認 URLが正しい[0m
[31mrspec ./spec/system/before_login_spec.rb:89[0m [36m# ログイン前のテスト ユーザ新規登録のテスト 表示内容の確認 「Sign up」と表示される[0m
[31mrspec ./spec/system/before_login_spec.rb:92[0m [36m# ログイン前のテスト ユーザ新規登録のテスト 表示内容の確認 nameフォームが表示される[0m
[31mrspec ./spec/system/before_login_spec.rb:95[0m [36m# ログイン前のテスト ユーザ新規登録のテスト 表示内容の確認 emailフォームが表示される[0m
[31mrspec ./spec/system/before_login_spec.rb:98[0m [36m# ログイン前のテスト ユーザ新規登録のテスト 表示内容の確認 passwordフォームが表示される[0m
[31mrspec ./spec/system/before_login_spec.rb:101[0m [36m# ログイン前のテスト ユーザ新規登録のテスト 表示内容の確認 password_confirmationフォームが表示される[0m
[31mrspec ./spec/system/before_login_spec.rb:104[0m [36m# ログイン前のテスト ユーザ新規登録のテスト 表示内容の確認 Sign upボタンが表示される[0m
[31mrspec ./spec/system/before_login_spec.rb:117[0m [36m# ログイン前のテスト ユーザ新規登録のテスト 新規登録成功のテスト 正しく新規登録される[0m
[31mrspec ./spec/system/before_login_spec.rb:120[0m [36m# ログイン前のテスト ユーザ新規登録のテスト 新規登録成功のテスト 新規登録後のリダイレクト先が、投稿一覧画面になっている[0m
[31mrspec ./spec/system/before_login_spec.rb:135[0m [36m# ログイン前のテスト ユーザログイン 表示内容の確認 URLが正しい[0m
[31mrspec ./spec/system/before_login_spec.rb:138[0m [36m# ログイン前のテスト ユーザログイン 表示内容の確認 「Log in」と表示される[0m
[31mrspec ./spec/system/before_login_spec.rb:141[0m [36m# ログイン前のテスト ユーザログイン 表示内容の確認 emailフォームが表示される[0m
[31mrspec ./spec/system/before_login_spec.rb:144[0m [36m# ログイン前のテスト ユーザログイン 表示内容の確認 passwordフォームが表示される[0m
[31mrspec ./spec/system/before_login_spec.rb:147[0m [36m# ログイン前のテスト ユーザログイン 表示内容の確認 Sign upボタンが表示される[0m
[31mrspec ./spec/system/before_login_spec.rb:150[0m [36m# ログイン前のテスト ユーザログイン 表示内容の確認 nameフォームは表示されない[0m
[31mrspec ./spec/system/before_login_spec.rb:162[0m [36m# ログイン前のテスト ユーザログイン ログイン成功のテスト ログイン後のリダイレクト先が、投稿一覧画面になっている[0m
[31mrspec ./spec/system/before_login_spec.rb:174[0m [36m# ログイン前のテスト ユーザログイン ログイン失敗のテスト ログインに失敗し、ログイン画面にリダイレクトされる[0m
[31mrspec ./spec/system/before_login_spec.rb:191[0m [36m# ログイン前のテスト ヘッダーのテスト: ログインしている場合 ヘッダーの表示を確認 タイトルが表示される[0m
[31mrspec ./spec/system/before_login_spec.rb:194[0m [36m# ログイン前のテスト ヘッダーのテスト: ログインしている場合 ヘッダーの表示を確認 MY PAGEリンクが表示される: 左上から1番目のリンクが「MY PAGE」である[0m
[31mrspec ./spec/system/before_login_spec.rb:198[0m [36m# ログイン前のテスト ヘッダーのテスト: ログインしている場合 ヘッダーの表示を確認 USERSリンクが表示される: 左上から2番目のリンクが「USERS」である[0m
[31mrspec ./spec/system/before_login_spec.rb:202[0m [36m# ログイン前のテスト ヘッダーのテスト: ログインしている場合 ヘッダーの表示を確認 WINESリンクが表示される: 左上から3番目のリンクが「WINES」である[0m
[31mrspec ./spec/system/before_login_spec.rb:206[0m [36m# ログイン前のテスト ヘッダーのテスト: ログインしている場合 ヘッダーの表示を確認 LOG OUTリンクが表示される: 左上から4番目のリンクが「LOGOUT」である[0m
[31mrspec ./spec/system/before_login_spec.rb:227[0m [36m# ログイン前のテスト ユーザログアウトのテスト ログアウト機能のテスト ログアウト後のリダイレクト先が、トップになっている[0m

